sns_ddf_open_port
sns_ddf_close_port
sns_ddf_read_port
sns_ddf_write_port
sns_ddf_get_port_id
sns_ddf_is_same_port_id
sns_ddf_memhandler_malloc
sns_ddf_memhandler_malloc_ex
sns_ddf_signal_irq_enabled
sns_ddf_signal_register
sns_ddf_signal_deregister
sns_ddf_axes_map_init
sns_ddf_map_axes
sns_ddf_malloc
sns_ddf_mfree
sns_ddf_malloc_ex
sns_ddf_mfree_ex
sns_ddf_timer_init
sns_ddf_timer_start
sns_ddf_timer_cancel
sns_ddf_get_timestamp
sns_ddf_delay

sns_ddf_smgr_notify_data
sns_ddf_smgr_notify_event
sns_ddf_smgr_notify_test_complete
sns_ddf_smgr_set_uimg_refac

sns_dd_inertial_test_run

sns_em_get_timestamp64
sns_em_convert_usec_to_dspstick
sns_em_convert_dspstick_to_usec

matrix_mem_req
sinCosTanFxQ16
matrix_reset
buffer_reset
buffer_mem_req
buffer_insert
buffer_full
buffer_sum_and_sum_sq
sns_buffer_reset
sns_buffer_mem_req
sns_buffer_insert
sns_buffer_size
sns_buffer_full
sns_buffer_compute_variance
sns_buffer_sprd

sns_q_init
sns_q_link
sns_q_put
sns_q_get
sns_q_last_get
sns_q_cnt
sns_q_check
sns_q_last_check
sns_q_next
sns_q_prev
sns_q_insert
sns_q_insert_after
sns_q_delete
sns_q_linear_search
sns_q_linear_delete

sns_sam_util_gen_smgr_buffer_req
sns_sam_get_single_buffered_sample
sns_sam_buffered_data_init
sns_sam_util_gen_smgr_periodic_req
sns_sam_process_smgr_report_ind
sns_sam_algo_set_gpio
sns_sam_get_sensor_id
sns_sam_get_sensor_dimensions
sns_sam_get_sensor_uid
sns_sam_calc_sample_rate

npa_query_by_name
adsp_pls_add_lookup
remote_handle_close
remote_handle_invoke
remote_handle_open
adsp_addref_mmap
adsp_release_mmap
smdl_rx_peek
smdl_read
smdl_tx_peek
smdl_write
smdl_open
smdl_close
apps_std_fseek
apps_std_fopen_with_env
apps_std_fclose
apps_std_flen
apps_std_fread
