


ARM Macro Assembler    Page 1 


    1 00000000                 EXPORT           __cmnlib_main
    2 00000000                 EXPORT           _cmnlib_main
    3 00000000                 EXPORT           CMNLIBENTRY
    4 00000000                 EXPORT           set_cmnlib_rw_base
    5 00000000                 IMPORT           cmnlib_main
    6 00000000                 PRESERVE8
    7 00000000                 AREA             CMNLIBENTRYCODE, CODE, READONLY
    8 00000000                 CODE32
    9 00000000         __cmnlib_main
   10 00000000         _cmnlib_main
   11 00000000                 ENTRY
   12 00000000         CMNLIBENTRY
   13 00000000 E92D4010        push             {r4,lr}
   14 00000004 FAFFFFFE        blx              cmnlib_main
   15 00000008 E8BD8010        pop              {r4,pc}     ; Return.
   16 0000000C         set_cmnlib_rw_base
   17 0000000C E92D4010        push             {r4,lr}
   18 00000010 E1A09000        mov              r9, r0      ; set RW base
   19 00000014 E8BD8010        pop              {r4,pc}     ; Return.
   20 00000018                 END
Command Line: --debug --dwarf2 --cpu=QSP.no_neon.no_vfp --apcs=/noswst/interwor
k//ropi/rwpi --no_unaligned_access -o/local/mnt/workspace/CRMBuilds/TZ.BF.2.5.c
10-00004-M8909AAAAANAZT-2_20161130_222454/b/trustzone_images/core/securemsm/tru
stzone/qsapps/libs/applib/common/build/commonlib/scorpion/MATAANAA/common/src/c
mnlib_entry.o -I/local/mnt/workspace/CRMBuilds/TZ.BF.2.5.c10-00004-M8909AAAAANA
ZT-2_20161130_222454/b/trustzone_images/core/securemsm/trustzone/qsapps/libs/ap
plib/common/build -I/local/mnt/workspace/CRMBuilds/TZ.BF.2.5.c10-00004-M8909AAA
AANAZT-2_20161130_222454/b/trustzone_images/build/cust -I. -I/local/mnt/workspa
ce/CRMBuilds/TZ.BF.2.5.c10-00004-M8909AAAAANAZT-2_20161130_222454/b/trustzone_i
mages/core/securemsm/trustzone/qsee/include -I/local/mnt/workspace/CRMBuilds/TZ
.BF.2.5.c10-00004-M8909AAAAANAZT-2_20161130_222454/b/trustzone_images/core/secu
remsm/trustzone/qsapps/libs/applib/common/src -I/local/mnt/workspace/CRMBuilds/
TZ.BF.2.5.c10-00004-M8909AAAAANAZT-2_20161130_222454/b/trustzone_images/core/se
curemsm/trustzone/qsapps/libs/services/src -I/local/mnt/workspace/CRMBuilds/TZ.
BF.2.5.c10-00004-M8909AAAAANAZT-2_20161130_222454/b/trustzone_images/core/secur
emsm/trustzone/qsee/include -I/local/mnt/workspace/CRMBuilds/TZ.BF.2.5.c10-0000
4-M8909AAAAANAZT-2_20161130_222454/b/trustzone_images/core/api/securemsm/trustz
one/qsee -I/local/mnt/workspace/CRMBuilds/TZ.BF.2.5.c10-00004-M8909AAAAANAZT-2_
20161130_222454/b/trustzone_images/core/securemsm/secmath/shared/inc -I/local/m
nt/workspace/CRMBuilds/TZ.BF.2.5.c10-00004-M8909AAAAANAZT-2_20161130_222454/b/t
rustzone_images/core/securemsm/secrsa/shared/inc -I/local/mnt/workspace/CRMBuil
ds/TZ.BF.2.5.c10-00004-M8909AAAAANAZT-2_20161130_222454/b/trustzone_images/core
/securemsm/secrsa/shared/src -I/local/mnt/workspace/CRMBuilds/TZ.BF.2.5.c10-000
04-M8909AAAAANAZT-2_20161130_222454/b/trustzone_images/core/api/securemsm/crypt
o -I/local/mnt/workspace/CRMBuilds/TZ.BF.2.5.c10-00004-M8909AAAAANAZT-2_2016113
0_222454/b/trustzone_images/core/api/services -I/local/mnt/workspace/CRMBuilds/
TZ.BF.2.5.c10-00004-M8909AAAAANAZT-2_20161130_222454/b/trustzone_images/core/ap
i/dal -I/local/mnt/workspace/CRMBuilds/TZ.BF.2.5.c10-00004-M8909AAAAANAZT-2_201
61130_222454/b/trustzone_images/core/securemsm/unifiedcrypto/shared/ecc/inc -I/
local/mnt/workspace/CRMBuilds/TZ.BF.2.5.c10-00004-M8909AAAAANAZT-2_20161130_222
454/b/trustzone_images/core/securemsm/unifiedcrypto/core/ecc/inc -I/local/mnt/w
orkspace/CRMBuilds/TZ.BF.2.5.c10-00004-M8909AAAAANAZT-2_20161130_222454/b/trust
zone_images/core/securemsm/unifiedcrypto/environment/inc -I/local/mnt/workspace
/CRMBuilds/TZ.BF.2.5.c10-00004-M8909AAAAANAZT-2_20161130_222454/b/trustzone_ima
ges/core/securemsm/unifiedcrypto/shared/aes/inc -I/local/mnt/workspace/CRMBuild
s/TZ.BF.2.5.c10-00004-M8909AAAAANAZT-2_20161130_222454/b/trustzone_images/core/
securemsm/unifiedcrypto/shared/des/inc -I/local/mnt/workspace/CRMBuilds/TZ.BF.2
.5.c10-00004-M8909AAAAANAZT-2_20161130_222454/b/trustzone_images/core/securemsm
/unifiedcrypto/core/aes/inc -I/local/mnt/workspace/CRMBuilds/TZ.BF.2.5.c10-0000



ARM Macro Assembler    Page 2 


4-M8909AAAAANAZT-2_20161130_222454/b/trustzone_images/core/securemsm/unifiedcry
pto/shared/sha/inc -I/local/mnt/workspace/CRMBuilds/TZ.BF.2.5.c10-00004-M8909AA
AAANAZT-2_20161130_222454/b/trustzone_images/core/securemsm/unifiedcrypto/core/
sha/inc -I/local/mnt/workspace/CRMBuilds/TZ.BF.2.5.c10-00004-M8909AAAAANAZT-2_2
0161130_222454/b/trustzone_images/core/securemsm/unifiedcrypto/shared/ecc_gener
ic/inc -I/local/mnt/workspace/CRMBuilds/TZ.BF.2.5.c10-00004-M8909AAAAANAZT-2_20
161130_222454/b/trustzone_images/core/securemsm/unifiedcrypto/core/ecc_generic/
inc --list=/local/mnt/workspace/CRMBuilds/TZ.BF.2.5.c10-00004-M8909AAAAANAZT-2_
20161130_222454/b/trustzone_images/core/securemsm/trustzone/qsapps/libs/applib/
common/build/commonlib/scorpion/MATAANAA/common/src/cmnlib_entry.o.lst --siteli
cense /local/mnt/workspace/CRMBuilds/TZ.BF.2.5.c10-00004-M8909AAAAANAZT-2_20161
130_222454/b/trustzone_images/core/securemsm/trustzone/qsapps/libs/applib/commo
n/build/commonlib/scorpion/MATAANAA/common/src/cmnlib_entry.o.i
