


ARM Macro Assembler    Page 1 


    1 00000000         ;-------------------------------------------------------
                       ------------------------
    2 00000000         ;-- QUALCOMM Proprietary
    3 00000000         ;-- Copyright (c) 2010, Qualcomm Technologies Incorporat
                       ed. All rights reserved.
    4 00000000         ;--
    5 00000000         ;-- All data and information contained in or disclosed b
                       y this document are
    6 00000000         ;-- confidential and proprietary information of Qualcomm
                        Technologies Incorporated, and
    7 00000000         ;-- all rights therein are expressly reserved. By accept
                       ing this material,
    8 00000000         ;-- the recipient agrees that this material and the info
                       rmation contained
    9 00000000         ;-- therein are held in confidence and in trust and will
                        not be used,
   10 00000000         ;-- copied, reproduced in whole or in part, nor its cont
                       ents revealed in
   11 00000000         ;-- any manner to others without the express written per
                       mission of QUALCOMM
   12 00000000         ;-- Incorporated.
   13 00000000         ;--
   14 00000000         ;-- This technology was exported from the United States 
                       in accordance with
   15 00000000         ;-- the Export Administration Regulations. Diversion con
                       trary to U.S. law
   16 00000000         ;-- prohibited.
   17 00000000         ;-------------------------------------------------------
                       ------------------------
   18 00000000         ;-- RCS File : $Source: /local/syncdata2/3522/server_vau
                       lt/Projects/code/startup/src/kr_sysini_config_silicon.s.
                       rca $
   19 00000000         ;-- Revision : $Revision: #1 $
   20 00000000         ;-- Id : $Id: 
   21 00000000         ;-- Last Check In : $Date: 2016/06/17 $
   22 00000000         ;-- ----------------------------------------------------
                       ------------------------
   23 00000000         ;-- TestName    : a7_sysini_config_silicon.s
   24 00000000         ;-- Author      :
   25 00000000         ;-- Created     : 2012/12/21
   26 00000000         ;-- Description : This assembly file declares data areas
                        for persistent storage
   27 00000000         ;--             : data that configures the power down an
                       d up process. Set these
   28 00000000         ;--             : memory locations to tell the power dow
                       n/up routines what to do
   29 00000000         ;--             : e.g. cache maintenance, enable interru
                       pts, etc.
   30 00000000         ;-------------------------------------------------------
                       ------------------------
   31 00000000         ;--R- Revision Log
   32 00000000         ;--R----------------------------------------------------
                       ------------------------
   33 00000000         ;--R  $Log: a7_sysini_config_silicon.s.rca $
   34 00000000         ;--R
   35 00000000         ;--R   Revision: 1.0 Fri Dec 21 16:17:36 2012 ahossein
   36 00000000         ;--R   Initial version
   37 00000000         ;--R
   38 00000000         ;-------------------------------------------------------



ARM Macro Assembler    Page 2 


                       ------------------------
   39 00000000                 EXPORT           L2_INIT_SEMAPHORE_LOC
   40 00000000         ;-------------------------------------------------------
                       -----------------------
   41 00000000                 AREA             sysini_config_global, DATA, REA
DWRITE, ALIGN=5
   42 00000000         ;-------------------------------------------------------
                       -----------------------
   43 00000000         SYSINI_CONFIG_GLOBAL
   44 00000000         ;-------------------------------------------------------
                       -----------------------
   45 00000000 0000000F 
                       L2_INIT_SEMAPHORE_LOC
                               DCD              0x0f
   46 00000004                 END
Command Line: --debug --dwarf2 --diag_suppress=1480,1786,2523 --cpu=Cortex-A7 -
-fpu=SoftVFP --apcs=/noswst/interwork -o/local/mnt/workspace/CRMBuilds/TZ.BF.2.
5.c10-00004-M8909AAAAANAZT-2_20161130_222454/b/trustzone_images/core/securemsm/
trustzone/qsee/arch/common/build/tz/cortexA7/MATAANAA/src/a7_sysini_config_sili
con.o -I/local/mnt/workspace/CRMBuilds/TZ.BF.2.5.c10-00004-M8909AAAAANAZT-2_201
61130_222454/b/trustzone_images/core/securemsm/trustzone/qsee/arch/common/build
 -I/local/mnt/workspace/CRMBuilds/TZ.BF.2.5.c10-00004-M8909AAAAANAZT-2_20161130
_222454/b/trustzone_images/build/cust -I. -I/local/mnt/workspace/CRMBuilds/TZ.B
F.2.5.c10-00004-M8909AAAAANAZT-2_20161130_222454/b/trustzone_images/core/secure
msm/trustzone/qsee/include -I/local/mnt/workspace/CRMBuilds/TZ.BF.2.5.c10-00004
-M8909AAAAANAZT-2_20161130_222454/b/trustzone_images/core/api/boot -I/local/mnt
/workspace/CRMBuilds/TZ.BF.2.5.c10-00004-M8909AAAAANAZT-2_20161130_222454/b/tru
stzone_images/core/api/boot/qfprom -I/local/mnt/workspace/CRMBuilds/TZ.BF.2.5.c
10-00004-M8909AAAAANAZT-2_20161130_222454/b/trustzone_images/core/api/securemsm
 -I/local/mnt/workspace/CRMBuilds/TZ.BF.2.5.c10-00004-M8909AAAAANAZT-2_20161130
_222454/b/trustzone_images/core/api/securemsm/crypto -I/local/mnt/workspace/CRM
Builds/TZ.BF.2.5.c10-00004-M8909AAAAANAZT-2_20161130_222454/b/trustzone_images/
core/api/securemsm/tzos -I/local/mnt/workspace/CRMBuilds/TZ.BF.2.5.c10-00004-M8
909AAAAANAZT-2_20161130_222454/b/trustzone_images/core/api/rapi/securemsm/inc -
I/local/mnt/workspace/CRMBuilds/TZ.BF.2.5.c10-00004-M8909AAAAANAZT-2_20161130_2
22454/b/trustzone_images/core/buses/api/spmi -I/local/mnt/workspace/CRMBuilds/T
Z.BF.2.5.c10-00004-M8909AAAAANAZT-2_20161130_222454/b/trustzone_images/core/bus
es/api/spi -I/local/mnt/workspace/CRMBuilds/TZ.BF.2.5.c10-00004-M8909AAAAANAZT-
2_20161130_222454/b/trustzone_images/core/buses/api/icb -I/local/mnt/workspace/
CRMBuilds/TZ.BF.2.5.c10-00004-M8909AAAAANAZT-2_20161130_222454/b/trustzone_imag
es/core/buses/api/i2c -I/local/mnt/workspace/CRMBuilds/TZ.BF.2.5.c10-00004-M890
9AAAAANAZT-2_20161130_222454/b/trustzone_images/core/api/dal -I/local/mnt/works
pace/CRMBuilds/TZ.BF.2.5.c10-00004-M8909AAAAANAZT-2_20161130_222454/b/trustzone
_images/core/api/debugtools -I/local/mnt/workspace/CRMBuilds/TZ.BF.2.5.c10-0000
4-M8909AAAAANAZT-2_20161130_222454/b/trustzone_images/core/api/hwengines -I/loc
al/mnt/workspace/CRMBuilds/TZ.BF.2.5.c10-00004-M8909AAAAANAZT-2_20161130_222454
/b/trustzone_images/core/api/mproc -I/local/mnt/workspace/CRMBuilds/TZ.BF.2.5.c
10-00004-M8909AAAAANAZT-2_20161130_222454/b/trustzone_images/core/api/power -I/
local/mnt/workspace/CRMBuilds/TZ.BF.2.5.c10-00004-M8909AAAAANAZT-2_20161130_222
454/b/trustzone_images/core/api/services -I/local/mnt/workspace/CRMBuilds/TZ.BF
.2.5.c10-00004-M8909AAAAANAZT-2_20161130_222454/b/trustzone_images/core/api/rap
i/services/inc -I/local/mnt/workspace/CRMBuilds/TZ.BF.2.5.c10-00004-M8909AAAAAN
AZT-2_20161130_222454/b/trustzone_images/core/api/storage -I/local/mnt/workspac
e/CRMBuilds/TZ.BF.2.5.c10-00004-M8909AAAAANAZT-2_20161130_222454/b/trustzone_im
ages/core/api/systemdrivers -I/local/mnt/workspace/CRMBuilds/TZ.BF.2.5.c10-0000
4-M8909AAAAANAZT-2_20161130_222454/b/trustzone_images/core/api/systemdrivers/pm
ic -I/local/mnt/workspace/CRMBuilds/TZ.BF.2.5.c10-00004-M8909AAAAANAZT-2_201611
30_222454/b/trustzone_images/core/api/systemdrivers/hwio/msm8909w -I/local/mnt/
workspace/CRMBuilds/TZ.BF.2.5.c10-00004-M8909AAAAANAZT-2_20161130_222454/b/trus



ARM Macro Assembler    Page 3 


tzone_images/core/api/systemdrivers/hwio/msm8909w/phys -I/local/mnt/workspace/C
RMBuilds/TZ.BF.2.5.c10-00004-M8909AAAAANAZT-2_20161130_222454/b/trustzone_image
s/core/api/kernel -I/local/mnt/workspace/CRMBuilds/TZ.BF.2.5.c10-00004-M8909AAA
AANAZT-2_20161130_222454/b/trustzone_images/core/api/kernel/libstd -I/local/mnt
/workspace/CRMBuilds/TZ.BF.2.5.c10-00004-M8909AAAAANAZT-2_20161130_222454/b/tru
stzone_images/core/boot/mibib/src -I/local/mnt/workspace/CRMBuilds/TZ.BF.2.5.c1
0-00004-M8909AAAAANAZT-2_20161130_222454/b/trustzone_images/core/boot/secboot3/
src -I/local/mnt/workspace/CRMBuilds/TZ.BF.2.5.c10-00004-M8909AAAAANAZT-2_20161
130_222454/b/trustzone_images/core/boot/qfprom/hw/core_2_0 -I/local/mnt/workspa
ce/CRMBuilds/TZ.BF.2.5.c10-00004-M8909AAAAANAZT-2_20161130_222454/b/trustzone_i
mages/core/boot/qfprom/src -I/local/mnt/workspace/CRMBuilds/TZ.BF.2.5.c10-00004
-M8909AAAAANAZT-2_20161130_222454/b/trustzone_images/core/securemsm/unifiedcryp
to/shared/sha/src -I/local/mnt/workspace/CRMBuilds/TZ.BF.2.5.c10-00004-M8909AAA
AANAZT-2_20161130_222454/b/trustzone_images/core/securemsm/unifiedcrypto/shared
/sha/inc -I/local/mnt/workspace/CRMBuilds/TZ.BF.2.5.c10-00004-M8909AAAAANAZT-2_
20161130_222454/b/trustzone_images/core/securemsm/unifiedcrypto/environment/inc
 -I/local/mnt/workspace/CRMBuilds/TZ.BF.2.5.c10-00004-M8909AAAAANAZT-2_20161130
_222454/b/trustzone_images/core/securemsm/unifiedcrypto/core/sha/inc -I/local/m
nt/workspace/CRMBuilds/TZ.BF.2.5.c10-00004-M8909AAAAANAZT-2_20161130_222454/b/t
rustzone_images/core/securemsm/cryptodrivers/ce/shared/inc -I/local/mnt/workspa
ce/CRMBuilds/TZ.BF.2.5.c10-00004-M8909AAAAANAZT-2_20161130_222454/b/trustzone_i
mages/core/securemsm/trustzone/qsee/include -I/local/mnt/workspace/CRMBuilds/TZ
.BF.2.5.c10-00004-M8909AAAAANAZT-2_20161130_222454/b/trustzone_images/core/secu
remsm/trustzone/qsee/arch/armv7/include -I/local/mnt/workspace/CRMBuilds/TZ.BF.
2.5.c10-00004-M8909AAAAANAZT-2_20161130_222454/b/trustzone_images/core/securems
m/secmath/shared/inc -I/local/mnt/workspace/CRMBuilds/TZ.BF.2.5.c10-00004-M8909
AAAAANAZT-2_20161130_222454/b/trustzone_images/core/securemsm/secrsa/shared/inc
 -I/local/mnt/workspace/CRMBuilds/TZ.BF.2.5.c10-00004-M8909AAAAANAZT-2_20161130
_222454/b/trustzone_images/core/securemsm/secrsa/shared/src -I/local/mnt/worksp
ace/CRMBuilds/TZ.BF.2.5.c10-00004-M8909AAAAANAZT-2_20161130_222454/b/trustzone_
images/core/securemsm/secboot/api -I/local/mnt/workspace/CRMBuilds/TZ.BF.2.5.c1
0-00004-M8909AAAAANAZT-2_20161130_222454/b/trustzone_images/core/dal/framework/
inc -I/local/mnt/workspace/CRMBuilds/TZ.BF.2.5.c10-00004-M8909AAAAANAZT-2_20161
130_222454/b/trustzone_images/core/dal/framework/sys/inc -I/local/mnt/workspace
/CRMBuilds/TZ.BF.2.5.c10-00004-M8909AAAAANAZT-2_20161130_222454/b/trustzone_ima
ges/core/dal/config -I/local/mnt/workspace/CRMBuilds/TZ.BF.2.5.c10-00004-M8909A
AAAANAZT-2_20161130_222454/b/trustzone_images/core/debugtools/version/src -I/lo
cal/mnt/workspace/CRMBuilds/TZ.BF.2.5.c10-00004-M8909AAAAANAZT-2_20161130_22245
4/b/trustzone_images/core/hwengines/bam/inc -I/local/mnt/workspace/CRMBuilds/TZ
.BF.2.5.c10-00004-M8909AAAAANAZT-2_20161130_222454/b/trustzone_images/core/mpro
c/smem/inc -I/local/mnt/workspace/CRMBuilds/TZ.BF.2.5.c10-00004-M8909AAAAANAZT-
2_20161130_222454/b/trustzone_images/core/power/dcvs/inc -I/local/mnt/workspace
/CRMBuilds/TZ.BF.2.5.c10-00004-M8909AAAAANAZT-2_20161130_222454/b/trustzone_ima
ges/core/services/utils/src -I/local/mnt/workspace/CRMBuilds/TZ.BF.2.5.c10-0000
4-M8909AAAAANAZT-2_20161130_222454/b/trustzone_images/core/storage/sd_mgr/inc -
I/local/mnt/workspace/CRMBuilds/TZ.BF.2.5.c10-00004-M8909AAAAANAZT-2_20161130_2
22454/b/trustzone_images/core/systemdrivers/busywait/inc -I/local/mnt/workspace
/CRMBuilds/TZ.BF.2.5.c10-00004-M8909AAAAANAZT-2_20161130_222454/b/trustzone_ima
ges/core/systemdrivers/clk/inc -I/local/mnt/workspace/CRMBuilds/TZ.BF.2.5.c10-0
0004-M8909AAAAANAZT-2_20161130_222454/b/trustzone_images/core/systemdrivers/hal
/qgic/inc -I/local/mnt/workspace/CRMBuilds/TZ.BF.2.5.c10-00004-M8909AAAAANAZT-2
_20161130_222454/b/trustzone_images/core/kernel/lk/kernel/inc -I/local/mnt/work
space/CRMBuilds/TZ.BF.2.5.c10-00004-M8909AAAAANAZT-2_20161130_222454/b/trustzon
e_images/core/kernel/lk/arch/inc -I/local/mnt/workspace/CRMBuilds/TZ.BF.2.5.c10
-00004-M8909AAAAANAZT-2_20161130_222454/b/trustzone_images/core/kernel/lk/platf
orm/inc -I/local/mnt/workspace/CRMBuilds/TZ.BF.2.5.c10-00004-M8909AAAAANAZT-2_2
0161130_222454/b/trustzone_images/core/kernel/vmidmt/hal/inc -I/local/mnt/works
pace/CRMBuilds/TZ.BF.2.5.c10-00004-M8909AAAAANAZT-2_20161130_222454/b/trustzone
_images/core/kernel/vmidmt/hal/inc/8909w -I/local/mnt/workspace/CRMBuilds/TZ.BF



ARM Macro Assembler    Page 4 


.2.5.c10-00004-M8909AAAAANAZT-2_20161130_222454/b/trustzone_images/core/kernel/
xpu2/hal/inc -I/local/mnt/workspace/CRMBuilds/TZ.BF.2.5.c10-00004-M8909AAAAANAZ
T-2_20161130_222454/b/trustzone_images/core/kernel/xpu2/hal/inc/8909w -I/local/
mnt/workspace/CRMBuilds/TZ.BF.2.5.c10-00004-M8909AAAAANAZT-2_20161130_222454/b/
trustzone_images/core/kernel/mmu/inc -I/local/mnt/workspace/CRMBuilds/TZ.BF.2.5
.c10-00004-M8909AAAAANAZT-2_20161130_222454/b/trustzone_images/core/kernel/hype
rvisor/inc -I/local/mnt/workspace/CRMBuilds/TZ.BF.2.5.c10-00004-M8909AAAAANAZT-
2_20161130_222454/b/trustzone_images/core/kernel/hypervisor/inc/8909w -I/local/
mnt/workspace/CRMBuilds/TZ.BF.2.5.c10-00004-M8909AAAAANAZT-2_20161130_222454/b/
trustzone_images/core/kernel/smmu/smmu500 -I/local/mnt/workspace/CRMBuilds/TZ.B
F.2.5.c10-00004-M8909AAAAANAZT-2_20161130_222454/b/trustzone_images/core/kernel
/smmu/smmu500/8909w/tz -I/local/mnt/workspace/CRMBuilds/TZ.BF.2.5.c10-00004-M89
09AAAAANAZT-2_20161130_222454/b/trustzone_images/core/securemsm/trustzone/qsee/
services/img_auth/inc -I/local/mnt/workspace/CRMBuilds/TZ.BF.2.5.c10-00004-M890
9AAAAANAZT-2_20161130_222454/b/trustzone_images/core/securemsm/trustzone/qsee/a
rch/msm8909/cfg/mmu -I/local/mnt/workspace/CRMBuilds/TZ.BF.2.5.c10-00004-M8909A
AAAANAZT-2_20161130_222454/b/trustzone_images/core/securemsm/trustzone/qsee/arc
h/msm8909/src -I/local/mnt/workspace/CRMBuilds/TZ.BF.2.5.c10-00004-M8909AAAAANA
ZT-2_20161130_222454/b/trustzone_images/core/securemsm/trustzone/qsee/arch/comm
on/inc -I/local/mnt/workspace/CRMBuilds/TZ.BF.2.5.c10-00004-M8909AAAAANAZT-2_20
161130_222454/b/trustzone_images/core/securemsm/trustzone/image_version/inc -I/
local/mnt/workspace/CRMBuilds/TZ.BF.2.5.c10-00004-M8909AAAAANAZT-2_20161130_222
454/b/trustzone_images/core/securemsm/trustzone/qsee/arch/msm8909w/src -I/local
/mnt/workspace/CRMBuilds/TZ.BF.2.5.c10-00004-M8909AAAAANAZT-2_20161130_222454/b
/trustzone_images/core/securemsm/trustzone/qsee/arch/msm8909w/cfg/common --pred
efine="SYSINI_STUBS SETL {TRUE}" --list=/local/mnt/workspace/CRMBuilds/TZ.BF.2.
5.c10-00004-M8909AAAAANAZT-2_20161130_222454/b/trustzone_images/core/securemsm/
trustzone/qsee/arch/common/build/tz/cortexA7/MATAANAA/src/a7_sysini_config_sili
con.o.lst --sitelicense /local/mnt/workspace/CRMBuilds/TZ.BF.2.5.c10-00004-M890
9AAAAANAZT-2_20161130_222454/b/trustzone_images/core/securemsm/trustzone/qsee/a
rch/common/build/tz/cortexA7/MATAANAA/src/a7_sysini_config_silicon.o.i
