


ARM Macro Assembler    Page 1 


    1 00000000         ;*====*====*====*====*====*====*====*====*====*====*====
                       *====*====*====*====*
    2 00000000         ;
    3 00000000         ;                     Flash Utility Assembly File
    4 00000000         ;
    5 00000000         ; GENERAL DESCRIPTION
    6 00000000         ; This file contains the assembly instructions for misce
                       lleaneous functions 
    7 00000000         ;   in flash
    8 00000000         ;
    9 00000000         ;  Copyright (c) 2012 Qualcomm Technologies Incorporated
                       . 
   10 00000000         ;  All Rights Reserved.
   11 00000000         ;  Qualcomm Confidential and Proprietary
   12 00000000         ;*====*====*====*====*====*====*====*====*====*====*====
                       *====*====*====*====*/
   13 00000000         ;
   14 00000000         ;=======================================================
                       =====================
   15 00000000         ;
   16 00000000         ;                             MODULE EXPORTS
   17 00000000         ;
   18 00000000         ;=======================================================
                       =====================
   19 00000000         ; Export the symbols defined in this module
   20 00000000                 EXPORT           flash_hal_asm_memcpy
   21 00000000         ;=======================================================
                       =====================
   22 00000000         ;
   23 00000000         ;                             MODULE DATA AREA
   24 00000000         ;
   25 00000000         ;=======================================================
                       =====================
   26 00000000                 PRESERVE8
   27 00000000                 AREA             FLASH_UTIL_ASM, CODE, READONLY
   28 00000000                 CODE32
   29 00000000         ;=======================================================
                       ===============
   30 00000000         ;
   31 00000000         ; void flash_hal_asm_memcpy(int32* dst, int32* src, int3
                       2 size)
   32 00000000         ;
   33 00000000         ; We perform our copy by using assembly.
   34 00000000         ; Parameters:
   35 00000000         ;   r0 contains the destination address
   36 00000000         ;   r1 is the source address
   37 00000000         ;   r2 is the size to be copied.
   38 00000000         ; Notes:
   39 00000000         ;   Size should be evenly divisible by 4 bytes; if not, 
                       it will overwrite
   40 00000000         ;   up to 3 unspecified bytes.
   41 00000000         ;=======================================================
                       ===============
   42 00000000         flash_hal_asm_memcpy
   43 00000000 E92D47FF        stmfd            sp!,  {r0-r10,lr} ; First save 
                                                            all registers
   44 00000004 E1A08000        mov              r8,   r0    ; r0 is destination
                                                            
   45 00000008 E1A09001        mov              r9,   r1    ; r1 is source



ARM Macro Assembler    Page 2 


   46 0000000C E1A0A002        mov              r10,  r2
   47 00000010 E35A0020        cmp              r10,  #0x20 ; check bigger than
                                                             32 bytes or not.
   48 00000014 AA000002        bge              loop_for_32byte_copy
   49 00000018         check_left_over
   50 00000018 E35A0000        cmp              r10,#0      ; check smaller tha
                                                            n 32 bytes or not.
   51 0000001C CA000006        bgt              loop_for_4byte_copy
   52 00000020         flash_memcpy_end
   53 00000020 E8BD87FF        ldmfd            sp!,  {r0-r10,pc} ; return
   54 00000024         loop_for_32byte_copy
   55 00000024 E8B900FF        ldmia            r9!,  {r0-r7} ; load 32 bytes e
                                                            ach time
   56 00000028 E8A800FF        stmia            r8!,  {r0-r7}
   57 0000002C E24AA020        sub              r10,r10,#0x20
   58 00000030 E35A0020        cmp              r10,#0x20
   59 00000034 AAFFFFFA        bge              loop_for_32byte_copy
   60 00000038 BAFFFFF6        blt              check_left_over ; check whether
                                                             there is left over
                                                             bytes.
   61 0000003C         loop_for_4byte_copy
   62 0000003C E8B90001        ldmia            r9!,  {r0}  ; load 4 bytes each
                                                             time
   63 00000040 E8A80001        stmia            r8!,  {r0}
   64 00000044 E24AA004        sub              r10,r10,#0x4 ;
   65 00000048 E35A0000        cmp              r10,#0x0
   66 0000004C CAFFFFFA        bgt              loop_for_4byte_copy
   67 00000050 DAFFFFF2        ble              flash_memcpy_end ; end the byte
                                                             copy.
   68 00000054                 END
Command Line: --debug --dwarf2 --keep --cpu=7-A.security --apcs=/noswst/interwo
rk --no_unaligned_access -o/local/mnt/workspace/CRMBuilds/BOOT.BF.3.1.2.c3-0001
2-M8909WAAAANAZB-1_20161208_043404/b/boot_images/core/storage/flash/src/hal/bui
ld/hostdl/sparrow/WAATANAZ/flash_hal_util_asm.o -I/local/mnt/workspace/CRMBuild
s/BOOT.BF.3.1.2.c3-00012-M8909WAAAANAZB-1_20161208_043404/b/boot_images/core/st
orage/flash/src/hal/build -I/local/mnt/workspace/CRMBuilds/BOOT.BF.3.1.2.c3-000
12-M8909WAAAANAZB-1_20161208_043404/b/boot_images/build/cust -I. -I/local/mnt/w
orkspace/CRMBuilds/BOOT.BF.3.1.2.c3-00012-M8909WAAAANAZB-1_20161208_043404/b/bo
ot_images/core/api/dal -I/local/mnt/workspace/CRMBuilds/BOOT.BF.3.1.2.c3-00012-
M8909WAAAANAZB-1_20161208_043404/b/boot_images/core/api/services -I/local/mnt/w
orkspace/CRMBuilds/BOOT.BF.3.1.2.c3-00012-M8909WAAAANAZB-1_20161208_043404/b/bo
ot_images/core/api/storage -I/local/mnt/workspace/CRMBuilds/BOOT.BF.3.1.2.c3-00
012-M8909WAAAANAZB-1_20161208_043404/b/boot_images/core/api/systemdrivers -I/lo
cal/mnt/workspace/CRMBuilds/BOOT.BF.3.1.2.c3-00012-M8909WAAAANAZB-1_20161208_04
3404/b/boot_images/core/api/systemdrivers/pmic -I/local/mnt/workspace/CRMBuilds
/BOOT.BF.3.1.2.c3-00012-M8909WAAAANAZB-1_20161208_043404/b/boot_images/core/api
/systemdrivers/hwio/msm8909 -I/local/mnt/workspace/CRMBuilds/BOOT.BF.3.1.2.c3-0
0012-M8909WAAAANAZB-1_20161208_043404/b/boot_images/core/api/hwengines -I/local
/mnt/workspace/CRMBuilds/BOOT.BF.3.1.2.c3-00012-M8909WAAAANAZB-1_20161208_04340
4/b/boot_images/core/api/kernel/libstd -I/local/mnt/workspace/CRMBuilds/BOOT.BF
.3.1.2.c3-00012-M8909WAAAANAZB-1_20161208_043404/b/boot_images/core/dal/src -I/
local/mnt/workspace/CRMBuilds/BOOT.BF.3.1.2.c3-00012-M8909WAAAANAZB-1_20161208_
043404/b/boot_images/core/dal/config -I/local/mnt/workspace/CRMBuilds/BOOT.BF.3
.1.2.c3-00012-M8909WAAAANAZB-1_20161208_043404/b/boot_images/core/services/util
s/src -I/local/mnt/workspace/CRMBuilds/BOOT.BF.3.1.2.c3-00012-M8909WAAAANAZB-1_
20161208_043404/b/boot_images/core/storage/flash/src/dal -I/local/mnt/workspace
/CRMBuilds/BOOT.BF.3.1.2.c3-00012-M8909WAAAANAZB-1_20161208_043404/b/boot_image
s/core/storage/flash/src/hal -I/local/mnt/workspace/CRMBuilds/BOOT.BF.3.1.2.c3-
00012-M8909WAAAANAZB-1_20161208_043404/b/boot_images/core/storage/flash/tools/i



ARM Macro Assembler    Page 3 


nc -I/local/mnt/workspace/CRMBuilds/BOOT.BF.3.1.2.c3-00012-M8909WAAAANAZB-1_201
61208_043404/b/boot_images/core/storage/flash/inc -I/local/mnt/workspace/CRMBui
lds/BOOT.BF.3.1.2.c3-00012-M8909WAAAANAZB-1_20161208_043404/b/boot_images/core/
storage/sdcc/src -I/local/mnt/workspace/CRMBuilds/BOOT.BF.3.1.2.c3-00012-M8909W
AAAANAZB-1_20161208_043404/b/boot_images/core/storage/sdcc/src/hal -I/local/mnt
/workspace/CRMBuilds/BOOT.BF.3.1.2.c3-00012-M8909WAAAANAZB-1_20161208_043404/b/
boot_images/core/storage/sdcc/src/bsp -I/local/mnt/workspace/CRMBuilds/BOOT.BF.
3.1.2.c3-00012-M8909WAAAANAZB-1_20161208_043404/b/boot_images/core/storage/efs/
inc -I/local/mnt/workspace/CRMBuilds/BOOT.BF.3.1.2.c3-00012-M8909WAAAANAZB-1_20
161208_043404/b/boot_images/core/storage/hfat/inc -I/local/mnt/workspace/CRMBui
lds/BOOT.BF.3.1.2.c3-00012-M8909WAAAANAZB-1_20161208_043404/b/boot_images/core/
storage/hotplug/inc -I/local/mnt/workspace/CRMBuilds/BOOT.BF.3.1.2.c3-00012-M89
09WAAAANAZB-1_20161208_043404/b/boot_images/core/storage/tools/deviceprogrammer
_ddr/src/firehose -I/local/mnt/workspace/CRMBuilds/BOOT.BF.3.1.2.c3-00012-M8909
WAAAANAZB-1_20161208_043404/b/boot_images/core/storage/ufs/src -I/local/mnt/wor
kspace/CRMBuilds/BOOT.BF.3.1.2.c3-00012-M8909WAAAANAZB-1_20161208_043404/b/boot
_images/core/systemdrivers/tlmm/inc -I/local/mnt/workspace/CRMBuilds/BOOT.BF.3.
1.2.c3-00012-M8909WAAAANAZB-1_20161208_043404/b/boot_images/core/systemdrivers/
tlmm/src -I/local/mnt/workspace/CRMBuilds/BOOT.BF.3.1.2.c3-00012-M8909WAAAANAZB
-1_20161208_043404/b/boot_images/core/hwengines/mhi -I/local/mnt/workspace/CRMB
uilds/BOOT.BF.3.1.2.c3-00012-M8909WAAAANAZB-1_20161208_043404/b/boot_images/cor
e/hwengines/pcie -I/local/mnt/workspace/CRMBuilds/BOOT.BF.3.1.2.c3-00012-M8909W
AAAANAZB-1_20161208_043404/b/boot_images/core/storage/flash/tools/src/nand -I/l
ocal/mnt/workspace/CRMBuilds/BOOT.BF.3.1.2.c3-00012-M8909WAAAANAZB-1_20161208_0
43404/b/boot_images/core/storage/flash/tools/src/nor -I/local/mnt/workspace/CRM
Builds/BOOT.BF.3.1.2.c3-00012-M8909WAAAANAZB-1_20161208_043404/b/boot_images/co
re/storage/flash/src/iface --list=/local/mnt/workspace/CRMBuilds/BOOT.BF.3.1.2.
c3-00012-M8909WAAAANAZB-1_20161208_043404/b/boot_images/core/storage/flash/src/
hal/build/hostdl/sparrow/WAATANAZ/flash_hal_util_asm.o.lst --sitelicense /local
/mnt/workspace/CRMBuilds/BOOT.BF.3.1.2.c3-00012-M8909WAAAANAZB-1_20161208_04340
4/b/boot_images/core/storage/flash/src/hal/build/hostdl/sparrow/WAATANAZ/flash_
hal_util_asm.o.i
