


ARM Macro Assembler    Page 1 


    1 00000000         ;*====*====*====*====*====*====*====*====*====*====*====
                       *====*====*====*====*
    2 00000000         ;
    3 00000000         ;                              SBL1 DDR Debug
    4 00000000         ;
    5 00000000         ; GENERAL DESCRIPTION
    6 00000000         ;   This file bootstraps the processor. The Start-up
    7 00000000         ;   (SBL1_ddr_debug) performs the following functions:
    8 00000000         ;
    9 00000000         ;      - Set up the hardware to continue boot process.
   10 00000000         ;      - Initialize DDR memory
   11 00000000         ;      - Copies SBL1 to CODERAM
   12 00000000         ;      - Sets up stack in WDOG reset path .
   13 00000000         ;      - Jumps to OCIMEM to execute WDOG reset path
   14 00000000         ;
   15 00000000         ;   The SBL1_ddr_debug is written to perform the above f
                       unctions with optimal speed.
   16 00000000         ;   It also attempts to minimize the execution time and 
                       hence reduce boot time.
   17 00000000         ;
   18 00000000         ; Copyright 2013 by Qualcomm Technologies, Incorporated.
                       All Rights Reserved.
   19 00000000         ;*====*====*====*====*====*====*====*====*====*====*====
                       *====*====*====*====*
   20 00000000         ;*====*====*====*====*====*====*====*====*====*====*====
                       *====*====*====*====*
   21 00000000         ;
   22 00000000         ;                           EDIT HISTORY FOR FILE
   23 00000000         ;
   24 00000000         ; This section contains comments describing changes made
                        to the module.
   25 00000000         ; Notice that changes are listed in reverse chronologica
                       l order.
   26 00000000         ;
   27 00000000         ; $Header: 
   28 00000000         ;
   29 00000000         ; when       who     what, where, why
   30 00000000         ; --------   ---     -----------------------------------
                       ---------------------
   31 00000000         ; 07/14/14   yps     Added sbl1_external_abort_enable fu
                       ntion for DDI build
   32 00000000         ; 05/14/14   yps     Porting code to 8916 platform.
   33 00000000         ; 09/13/13   sl      Cleaned up exception handlers.
   34 00000000         ; 07/17/13   sr      Initial Version.
   35 00000000         ;*====*====*====*====*====*====*====*====*====*====*====
                       *====*====*====*====*
   36 00000000         ;=======================================================
                       =====================
   37 00000000         ;
   38 00000000         ;                            MODULE INCLUDES
   39 00000000         ;
   40 00000000         ;=======================================================
                       =====================
   41 00000000         ;#define ((0x004a0000 + 0x0000b000) + 0x00000000) 0x004A
                       B000
   42 00000000         ;#define 0x1 0x01
   43 00000000         ;=======================================================
                       =====================
   44 00000000         ;



ARM Macro Assembler    Page 2 


   45 00000000         ;                             MODULE DEFINES
   46 00000000         ;
   47 00000000         ;=======================================================
                       =====================
   48 00000000         ;
   49 00000000 00000013 
                       Mode_SVC
                               EQU              0x13
   50 00000000 00000017 
                       Mode_ABT
                               EQU              0x17
   51 00000000 0000001B 
                       Mode_UND
                               EQU              0x1b
   52 00000000 00000010 
                       Mode_USR
                               EQU              0x10
   53 00000000 00000011 
                       Mode_FIQ
                               EQU              0x11
   54 00000000 00000012 
                       Mode_IRQ
                               EQU              0x12
   55 00000000 0000001F 
                       Mode_SYS
                               EQU              0x1F
   56 00000000 00000016 
                       Mode_MON
                               EQU              0x16
   57 00000000 00000080 
                       I_Bit   EQU              0x80
   58 00000000 00000040 
                       F_Bit   EQU              0x40
   59 00000000         ;=======================================================
                       =====================
   60 00000000         ;
   61 00000000         ;                             MODULE IMPORTS
   62 00000000         ;
   63 00000000         ;=======================================================
                       =====================
   64 00000000         ; Import the external symbols that are referenced in thi
                       s module.
   65 00000000                 IMPORT           sbl1_wdogpath_main_ctl
   66 00000000                 PRESERVE8
   67 00000000                 AREA             SYSTEM_DEBUG_VECTOR_TABLE, CODE
, READWRITE
   68 00000000                 CODE32
   69 00000000         unused_reset_vector
   70 00000000 EAFFFFFE        B                0x00000000
   71 00000004         undefined_instruction_vector
   72 00000004 EAFFFFFE        B                loophere
   73 00000008         swi_vector
   74 00000008 EAFFFFFE        B                loophere
   75 0000000C         prefetch_abort_vector
   76 0000000C EAFFFFFE        B                loophere
   77 00000010         data_abort_vector
   78 00000010 EAFFFFFE        B                loophere
   79 00000014         reserved_vector
   80 00000014 EAFFFFFE        B                loophere



ARM Macro Assembler    Page 3 


   81 00000018         irq_vector
   82 00000018 EAFFFFFE        B                loophere
   83 0000001C         fiq_vector
   84 0000001C EAFFFFFE        B                loophere
   85 00000020         ;=======================================================
                       =====================
   86 00000020         ; Qualcomm IMEM INITIAL INSTRUCTIONS AFTER WDOG RESET EN
                       TRY POINT
   87 00000020         ;=======================================================
                       =====================
   88 00000020                 AREA             WDOG_ENTRY, CODE, READONLY, ALI
GN=4
   89 00000000                 CODE32
   90 00000000         wdog_entry
   91 00000000         ; We have two registers to play with  
   92 00000000         ; r0, r1 have been saved by the PBL
   93 00000000         ; Always start in monitor mode.
   94 00000000         ;msr CPSR_c, #Mode_MON:OR:I_Bit:OR:F_Bit
   95 00000000         ; PS_HOLD needs to be pulled high to fix hardware issue
   96 00000000 E59F0018        ldr              r0, =((0x004a0000 + 0x0000b000)
 + 0x00000000)
   97 00000004 E3A01001        ldr              r1, =0x1
   98 00000008 E5801000        str              r1, [r0]
   99 0000000C         debug_loop
  100 0000000C EAFFFFFE        b                debug_loop
  101 00000010 E59FD00C        ldr              r13, =(0x08005800 + 0x0040000)
  102 00000014 E59F500C        ldr              r5, =(sbl1_wdogpath_main_ctl-0x
8005800+0x5000+0x200000-1)
  103 00000018 E12FFF35        blx              r5
  104 0000001C         loophere
  105 0000001C EAFFFFFE        b                loophere
  106 00000020                 END
              004AB000 
              08045800 
              F81FF7FF 
Command Line: --cpu=Cortex-A7 --apcs=/noswst/interwork --no_unaligned_access -o
/local/mnt/workspace/CRMBuilds/BOOT.BF.3.1.2.c3-00012-M8909WAAAANAZB-1_20161208
_043404/b/boot_images/core/boot/secboot3/hw/build/ddr_debug/Cortex-A7/WAASANAZ/
sbl1/sbl1_ddr_debug_sdi.o -I/local/mnt/workspace/CRMBuilds/BOOT.BF.3.1.2.c3-000
12-M8909WAAAANAZB-1_20161208_043404/b/boot_images/core/boot/secboot3/hw/build -
I/local/mnt/workspace/CRMBuilds/BOOT.BF.3.1.2.c3-00012-M8909WAAAANAZB-1_2016120
8_043404/b/boot_images/build/cust -I. -I/local/mnt/workspace/CRMBuilds/BOOT.BF.
3.1.2.c3-00012-M8909WAAAANAZB-1_20161208_043404/b/boot_images/core/api/boot -I/
local/mnt/workspace/CRMBuilds/BOOT.BF.3.1.2.c3-00012-M8909WAAAANAZB-1_20161208_
043404/b/boot_images/core/api/boot/qfprom -I/local/mnt/workspace/CRMBuilds/BOOT
.BF.3.1.2.c3-00012-M8909WAAAANAZB-1_20161208_043404/b/boot_images/core/buses/ap
i/spmi -I/local/mnt/workspace/CRMBuilds/BOOT.BF.3.1.2.c3-00012-M8909WAAAANAZB-1
_20161208_043404/b/boot_images/core/buses/api/icb -I/local/mnt/workspace/CRMBui
lds/BOOT.BF.3.1.2.c3-00012-M8909WAAAANAZB-1_20161208_043404/b/boot_images/core/
buses/api/uart -I/local/mnt/workspace/CRMBuilds/BOOT.BF.3.1.2.c3-00012-M8909WAA
AANAZB-1_20161208_043404/b/boot_images/core/buses/api/i2c -I/local/mnt/workspac
e/CRMBuilds/BOOT.BF.3.1.2.c3-00012-M8909WAAAANAZB-1_20161208_043404/b/boot_imag
es/core/api/dal -I/local/mnt/workspace/CRMBuilds/BOOT.BF.3.1.2.c3-00012-M8909WA
AAANAZB-1_20161208_043404/b/boot_images/core/api/services -I/local/mnt/workspac
e/CRMBuilds/BOOT.BF.3.1.2.c3-00012-M8909WAAAANAZB-1_20161208_043404/b/boot_imag
es/core/api/storage -I/local/mnt/workspace/CRMBuilds/BOOT.BF.3.1.2.c3-00012-M89
09WAAAANAZB-1_20161208_043404/b/boot_images/core/api/systemdrivers -I/local/mnt
/workspace/CRMBuilds/BOOT.BF.3.1.2.c3-00012-M8909WAAAANAZB-1_20161208_043404/b/
boot_images/core/api/systemdrivers/pmic -I/local/mnt/workspace/CRMBuilds/BOOT.B



ARM Macro Assembler    Page 4 


F.3.1.2.c3-00012-M8909WAAAANAZB-1_20161208_043404/b/boot_images/core/api/system
drivers/hwio/msm8909 -I/local/mnt/workspace/CRMBuilds/BOOT.BF.3.1.2.c3-00012-M8
909WAAAANAZB-1_20161208_043404/b/boot_images/core/api/wiredconnectivity -I/loca
l/mnt/workspace/CRMBuilds/BOOT.BF.3.1.2.c3-00012-M8909WAAAANAZB-1_20161208_0434
04/b/boot_images/core/api/securemsm -I/local/mnt/workspace/CRMBuilds/BOOT.BF.3.
1.2.c3-00012-M8909WAAAANAZB-1_20161208_043404/b/boot_images/core/securemsm/secb
oot/api -I/local/mnt/workspace/CRMBuilds/BOOT.BF.3.1.2.c3-00012-M8909WAAAANAZB-
1_20161208_043404/b/boot_images/core/api/kernel/libstd/stringl -I/local/mnt/wor
kspace/CRMBuilds/BOOT.BF.3.1.2.c3-00012-M8909WAAAANAZB-1_20161208_043404/b/boot
_images/core/api/hwengines -I/local/mnt/workspace/CRMBuilds/BOOT.BF.3.1.2.c3-00
012-M8909WAAAANAZB-1_20161208_043404/b/boot_images/core/boot/secboot3/src -I/lo
cal/mnt/workspace/CRMBuilds/BOOT.BF.3.1.2.c3-00012-M8909WAAAANAZB-1_20161208_04
3404/b/boot_images/core/boot/ddr/common -I/local/mnt/workspace/CRMBuilds/BOOT.B
F.3.1.2.c3-00012-M8909WAAAANAZB-1_20161208_043404/b/boot_images/core/boot/ddr/h
w/msm8909w -I/local/mnt/workspace/CRMBuilds/BOOT.BF.3.1.2.c3-00012-M8909WAAAANA
ZB-1_20161208_043404/b/boot_images/core/boot/ddr/hw/phy -I/local/mnt/workspace/
CRMBuilds/BOOT.BF.3.1.2.c3-00012-M8909WAAAANAZB-1_20161208_043404/b/boot_images
/core/boot/ddr/hw/controller -I/local/mnt/workspace/CRMBuilds/BOOT.BF.3.1.2.c3-
00012-M8909WAAAANAZB-1_20161208_043404/b/boot_images/core/boot/secboot3/hw/msm8
909 -I/local/mnt/workspace/CRMBuilds/BOOT.BF.3.1.2.c3-00012-M8909WAAAANAZB-1_20
161208_043404/b/boot_images/core/dal/src -I/local/mnt/workspace/CRMBuilds/BOOT.
BF.3.1.2.c3-00012-M8909WAAAANAZB-1_20161208_043404/b/boot_images/core/dal/confi
g -I/local/mnt/workspace/CRMBuilds/BOOT.BF.3.1.2.c3-00012-M8909WAAAANAZB-1_2016
1208_043404/b/boot_images/core/services/utils/src -I/local/mnt/workspace/CRMBui
lds/BOOT.BF.3.1.2.c3-00012-M8909WAAAANAZB-1_20161208_043404/b/boot_images/core/
storage/flash/src/dal -I/local/mnt/workspace/CRMBuilds/BOOT.BF.3.1.2.c3-00012-M
8909WAAAANAZB-1_20161208_043404/b/boot_images/core/storage/flash/src/hal -I/loc
al/mnt/workspace/CRMBuilds/BOOT.BF.3.1.2.c3-00012-M8909WAAAANAZB-1_20161208_043
404/b/boot_images/core/storage/flash/tools/inc -I/local/mnt/workspace/CRMBuilds
/BOOT.BF.3.1.2.c3-00012-M8909WAAAANAZB-1_20161208_043404/b/boot_images/core/sto
rage/flash/inc -I/local/mnt/workspace/CRMBuilds/BOOT.BF.3.1.2.c3-00012-M8909WAA
AANAZB-1_20161208_043404/b/boot_images/core/storage/sdcc/src -I/local/mnt/works
pace/CRMBuilds/BOOT.BF.3.1.2.c3-00012-M8909WAAAANAZB-1_20161208_043404/b/boot_i
mages/core/storage/sdcc/src/hal -I/local/mnt/workspace/CRMBuilds/BOOT.BF.3.1.2.
c3-00012-M8909WAAAANAZB-1_20161208_043404/b/boot_images/core/storage/sdcc/src/b
sp -I/local/mnt/workspace/CRMBuilds/BOOT.BF.3.1.2.c3-00012-M8909WAAAANAZB-1_201
61208_043404/b/boot_images/core/storage/efs/inc -I/local/mnt/workspace/CRMBuild
s/BOOT.BF.3.1.2.c3-00012-M8909WAAAANAZB-1_20161208_043404/b/boot_images/core/st
orage/hfat/inc -I/local/mnt/workspace/CRMBuilds/BOOT.BF.3.1.2.c3-00012-M8909WAA
AANAZB-1_20161208_043404/b/boot_images/core/storage/hotplug/inc -I/local/mnt/wo
rkspace/CRMBuilds/BOOT.BF.3.1.2.c3-00012-M8909WAAAANAZB-1_20161208_043404/b/boo
t_images/core/storage/tools/deviceprogrammer_ddr/src/firehose -I/local/mnt/work
space/CRMBuilds/BOOT.BF.3.1.2.c3-00012-M8909WAAAANAZB-1_20161208_043404/b/boot_
images/core/storage/ufs/src -I/local/mnt/workspace/CRMBuilds/BOOT.BF.3.1.2.c3-0
0012-M8909WAAAANAZB-1_20161208_043404/b/boot_images/core/systemdrivers/tlmm/inc
 -I/local/mnt/workspace/CRMBuilds/BOOT.BF.3.1.2.c3-00012-M8909WAAAANAZB-1_20161
208_043404/b/boot_images/core/systemdrivers/tlmm/src -I/local/mnt/workspace/CRM
Builds/BOOT.BF.3.1.2.c3-00012-M8909WAAAANAZB-1_20161208_043404/b/boot_images/co
re/wiredconnectivity/qhsusb/inc -I/local/mnt/workspace/CRMBuilds/BOOT.BF.3.1.2.
c3-00012-M8909WAAAANAZB-1_20161208_043404/b/boot_images/core/wiredconnectivity/
qusb/inc -I/local/mnt/workspace/CRMBuilds/BOOT.BF.3.1.2.c3-00012-M8909WAAAANAZB
-1_20161208_043404/b/boot_images/core/securemsm/cryptodrivers/ce/shared/inc -I/
local/mnt/workspace/CRMBuilds/BOOT.BF.3.1.2.c3-00012-M8909WAAAANAZB-1_20161208_
043404/b/boot_images/core/securemsm/cryptodrivers/ce/test/inc -I/local/mnt/work
space/CRMBuilds/BOOT.BF.3.1.2.c3-00012-M8909WAAAANAZB-1_20161208_043404/b/boot_
images/core/securemsm/cryptodrivers/prng/shared/inc -I/local/mnt/workspace/CRMB
uilds/BOOT.BF.3.1.2.c3-00012-M8909WAAAANAZB-1_20161208_043404/b/boot_images/cor
e/securemsm/cryptodrivers/prng/test/inc -I/local/mnt/workspace/CRMBuilds/BOOT.B
F.3.1.2.c3-00012-M8909WAAAANAZB-1_20161208_043404/b/boot_images/core/securemsm/



ARM Macro Assembler    Page 5 


cryptodrivers/prng/shared/src -I/local/mnt/workspace/CRMBuilds/BOOT.BF.3.1.2.c3
-00012-M8909WAAAANAZB-1_20161208_043404/b/boot_images/core/api/securemsm/secboo
t -I/local/mnt/workspace/CRMBuilds/BOOT.BF.3.1.2.c3-00012-M8909WAAAANAZB-1_2016
1208_043404/b/boot_images/core/api/securemsm/seccfg -I/local/mnt/workspace/CRMB
uilds/BOOT.BF.3.1.2.c3-00012-M8909WAAAANAZB-1_20161208_043404/b/boot_images/cor
e/securemsm/secmath/shared/inc -I/local/mnt/workspace/CRMBuilds/BOOT.BF.3.1.2.c
3-00012-M8909WAAAANAZB-1_20161208_043404/b/boot_images/core/securemsm/fuseprov/
chipset/msm8909/inc -I/local/mnt/workspace/CRMBuilds/BOOT.BF.3.1.2.c3-00012-M89
09WAAAANAZB-1_20161208_043404/b/boot_images/core/hwengines/mhi -I/local/mnt/wor
kspace/CRMBuilds/BOOT.BF.3.1.2.c3-00012-M8909WAAAANAZB-1_20161208_043404/b/boot
_images/core/hwengines/pcie --list=/local/mnt/workspace/CRMBuilds/BOOT.BF.3.1.2
.c3-00012-M8909WAAAANAZB-1_20161208_043404/b/boot_images/core/boot/secboot3/hw/
build/ddr_debug/Cortex-A7/WAASANAZ/sbl1/sbl1_ddr_debug_sdi.o.lst --sitelicense 
/local/mnt/workspace/CRMBuilds/BOOT.BF.3.1.2.c3-00012-M8909WAAAANAZB-1_20161208
_043404/b/boot_images/core/boot/secboot3/hw/build/ddr_debug/Cortex-A7/WAASANAZ/
sbl1/sbl1_ddr_debug_sdi.o.i
