npa_query_by_name
adsp_pls_add_lookup
remote_handle_close
remote_handle_invoke
remote_handle_open
adsp_addref_mmap
adsp_release_mmap
smdl_rx_peek
smdl_read
smdl_tx_peek
smdl_write
smdl_open
smdl_close
adsp_amdb_add_capi_exp
adsp_amdb_add_appi_exp
adsp_amdb_remove_capi_exp
adsp_amdb_remove_appi_exp
adsp_amdb_remove_all_capi_exp
adsp_amdb_remove_all_appi_exp
adsp_amdb_print_all_capi_exp
adsp_amdb_print_all_appi_exp
adsp_amdb_add_capi_ex_exp
adsp_amdb_add_capi_v2_exp
adsp_amdb_remove_capi_v2_exp
adsp_amdb_remove_capi_ex_exp
adsp_amdb_remove_all_capi_v2_exp
adsp_amdb_print_all_capi_v2_exp
Adm_FastrpcSetParam
Adm_FastrpcGetParam
elite_apr_if_get_payload_ptr
elite_apr_if_register_by_name
elite_apr_if_lookup_addr_by_name
elite_apr_if_alloc_send_cmd
elite_apr_if_get_opcode
elite_apr_if_end_cmd
