


ARM Macro Assembler    Page 1 


    1 00000000                 EXPORT           arch_enable_ints
    2 00000000                 EXPORT           arch_disable_ints
    3 00000000                 EXPORT           atomic_swap
    4 00000000                 EXPORT           atomic_add
    5 00000000                 EXPORT           atomic_and
    6 00000000                 EXPORT           atomic_or
    7 00000000                 EXPORT           arch_idle
    8 00000000                 AREA             ops_asm, CODE, ALIGN=2
    9 00000000                 CODE32
   10 00000000         arch_enable_ints
   11 00000000 E12FFF1E        bx               lr
   12 00000004         arch_disable_ints
   13 00000004 E12FFF1E        bx               lr
   14 00000008         atomic_swap
   15 00000008 E12FFF1E        bx               lr
   16 0000000C         atomic_add
   17 0000000C E12FFF1E        bx               lr
   18 00000010         atomic_and
   19 00000010 E12FFF1E        bx               lr
   20 00000014         atomic_or
   21 00000014 E12FFF1E        bx               lr
   22 00000018         arch_idle
   23 00000018 E12FFF1E        bx               lr
   24 0000001C                 END
Command Line: --debug --dwarf2 --diag_suppress=1786,2523 --cpu=Cortex-A7 --apcs
=/noswst/interwork -o/local/mnt/workspace/CRMBuilds/TZ.BF.2.5.c10-00004-M8909AA
AAANAZT-2_20161130_222454/b/trustzone_images/core/kernel/lk/build/tzbsp_no_xpu/
cortexA7/MATAANAA/arch/src/ops.o -I/local/mnt/workspace/CRMBuilds/TZ.BF.2.5.c10
-00004-M8909AAAAANAZT-2_20161130_222454/b/trustzone_images/core/kernel/lk/build
 -I/local/mnt/workspace/CRMBuilds/TZ.BF.2.5.c10-00004-M8909AAAAANAZT-2_20161130
_222454/b/trustzone_images/build/cust -I. -I/local/mnt/workspace/CRMBuilds/TZ.B
F.2.5.c10-00004-M8909AAAAANAZT-2_20161130_222454/b/trustzone_images/core/secure
msm/trustzone/qsee/include -I/local/mnt/workspace/CRMBuilds/TZ.BF.2.5.c10-00004
-M8909AAAAANAZT-2_20161130_222454/b/trustzone_images/core/buses/api/spmi -I/loc
al/mnt/workspace/CRMBuilds/TZ.BF.2.5.c10-00004-M8909AAAAANAZT-2_20161130_222454
/b/trustzone_images/core/buses/api/spi -I/local/mnt/workspace/CRMBuilds/TZ.BF.2
.5.c10-00004-M8909AAAAANAZT-2_20161130_222454/b/trustzone_images/core/buses/api
/icb -I/local/mnt/workspace/CRMBuilds/TZ.BF.2.5.c10-00004-M8909AAAAANAZT-2_2016
1130_222454/b/trustzone_images/core/buses/api/i2c -I/local/mnt/workspace/CRMBui
lds/TZ.BF.2.5.c10-00004-M8909AAAAANAZT-2_20161130_222454/b/trustzone_images/cor
e/api/dal -I/local/mnt/workspace/CRMBuilds/TZ.BF.2.5.c10-00004-M8909AAAAANAZT-2
_20161130_222454/b/trustzone_images/core/api/debugtools -I/local/mnt/workspace/
CRMBuilds/TZ.BF.2.5.c10-00004-M8909AAAAANAZT-2_20161130_222454/b/trustzone_imag
es/core/api/services -I/local/mnt/workspace/CRMBuilds/TZ.BF.2.5.c10-00004-M8909
AAAAANAZT-2_20161130_222454/b/trustzone_images/core/api/rapi/services/inc -I/lo
cal/mnt/workspace/CRMBuilds/TZ.BF.2.5.c10-00004-M8909AAAAANAZT-2_20161130_22245
4/b/trustzone_images/core/api/systemdrivers -I/local/mnt/workspace/CRMBuilds/TZ
.BF.2.5.c10-00004-M8909AAAAANAZT-2_20161130_222454/b/trustzone_images/core/api/
systemdrivers/pmic -I/local/mnt/workspace/CRMBuilds/TZ.BF.2.5.c10-00004-M8909AA
AAANAZT-2_20161130_222454/b/trustzone_images/core/api/systemdrivers/hwio/msm890
9w -I/local/mnt/workspace/CRMBuilds/TZ.BF.2.5.c10-00004-M8909AAAAANAZT-2_201611
30_222454/b/trustzone_images/core/api/systemdrivers/hwio/msm8909w/phys -I/local
/mnt/workspace/CRMBuilds/TZ.BF.2.5.c10-00004-M8909AAAAANAZT-2_20161130_222454/b
/trustzone_images/core/api/securemsm -I/local/mnt/workspace/CRMBuilds/TZ.BF.2.5
.c10-00004-M8909AAAAANAZT-2_20161130_222454/b/trustzone_images/core/api/securem
sm/crypto -I/local/mnt/workspace/CRMBuilds/TZ.BF.2.5.c10-00004-M8909AAAAANAZT-2
_20161130_222454/b/trustzone_images/core/api/securemsm/tzos -I/local/mnt/worksp
ace/CRMBuilds/TZ.BF.2.5.c10-00004-M8909AAAAANAZT-2_20161130_222454/b/trustzone_
images/core/api/rapi/securemsm/inc -I/local/mnt/workspace/CRMBuilds/TZ.BF.2.5.c



ARM Macro Assembler    Page 2 


10-00004-M8909AAAAANAZT-2_20161130_222454/b/trustzone_images/core/api/kernel -I
/local/mnt/workspace/CRMBuilds/TZ.BF.2.5.c10-00004-M8909AAAAANAZT-2_20161130_22
2454/b/trustzone_images/core/api/kernel/libstd -I/local/mnt/workspace/CRMBuilds
/TZ.BF.2.5.c10-00004-M8909AAAAANAZT-2_20161130_222454/b/trustzone_images/core/d
al/framework/inc -I/local/mnt/workspace/CRMBuilds/TZ.BF.2.5.c10-00004-M8909AAAA
ANAZT-2_20161130_222454/b/trustzone_images/core/dal/framework/sys/inc -I/local/
mnt/workspace/CRMBuilds/TZ.BF.2.5.c10-00004-M8909AAAAANAZT-2_20161130_222454/b/
trustzone_images/core/dal/config -I/local/mnt/workspace/CRMBuilds/TZ.BF.2.5.c10
-00004-M8909AAAAANAZT-2_20161130_222454/b/trustzone_images/core/debugtools/vers
ion/src -I/local/mnt/workspace/CRMBuilds/TZ.BF.2.5.c10-00004-M8909AAAAANAZT-2_2
0161130_222454/b/trustzone_images/core/services/utils/src -I/local/mnt/workspac
e/CRMBuilds/TZ.BF.2.5.c10-00004-M8909AAAAANAZT-2_20161130_222454/b/trustzone_im
ages/core/systemdrivers/busywait/inc -I/local/mnt/workspace/CRMBuilds/TZ.BF.2.5
.c10-00004-M8909AAAAANAZT-2_20161130_222454/b/trustzone_images/core/systemdrive
rs/clk/inc -I/local/mnt/workspace/CRMBuilds/TZ.BF.2.5.c10-00004-M8909AAAAANAZT-
2_20161130_222454/b/trustzone_images/core/systemdrivers/hal/qgic/inc -I/local/m
nt/workspace/CRMBuilds/TZ.BF.2.5.c10-00004-M8909AAAAANAZT-2_20161130_222454/b/t
rustzone_images/core/securemsm/unifiedcrypto/shared/sha/src -I/local/mnt/worksp
ace/CRMBuilds/TZ.BF.2.5.c10-00004-M8909AAAAANAZT-2_20161130_222454/b/trustzone_
images/core/securemsm/unifiedcrypto/shared/sha/inc -I/local/mnt/workspace/CRMBu
ilds/TZ.BF.2.5.c10-00004-M8909AAAAANAZT-2_20161130_222454/b/trustzone_images/co
re/securemsm/unifiedcrypto/environment/inc -I/local/mnt/workspace/CRMBuilds/TZ.
BF.2.5.c10-00004-M8909AAAAANAZT-2_20161130_222454/b/trustzone_images/core/secur
emsm/unifiedcrypto/core/sha/inc -I/local/mnt/workspace/CRMBuilds/TZ.BF.2.5.c10-
00004-M8909AAAAANAZT-2_20161130_222454/b/trustzone_images/core/securemsm/crypto
drivers/ce/shared/inc -I/local/mnt/workspace/CRMBuilds/TZ.BF.2.5.c10-00004-M890
9AAAAANAZT-2_20161130_222454/b/trustzone_images/core/securemsm/trustzone/qsee/i
nclude -I/local/mnt/workspace/CRMBuilds/TZ.BF.2.5.c10-00004-M8909AAAAANAZT-2_20
161130_222454/b/trustzone_images/core/securemsm/trustzone/qsee/arch/armv7/inclu
de -I/local/mnt/workspace/CRMBuilds/TZ.BF.2.5.c10-00004-M8909AAAAANAZT-2_201611
30_222454/b/trustzone_images/core/securemsm/secmath/shared/inc -I/local/mnt/wor
kspace/CRMBuilds/TZ.BF.2.5.c10-00004-M8909AAAAANAZT-2_20161130_222454/b/trustzo
ne_images/core/securemsm/secrsa/shared/inc -I/local/mnt/workspace/CRMBuilds/TZ.
BF.2.5.c10-00004-M8909AAAAANAZT-2_20161130_222454/b/trustzone_images/core/secur
emsm/secrsa/shared/src -I/local/mnt/workspace/CRMBuilds/TZ.BF.2.5.c10-00004-M89
09AAAAANAZT-2_20161130_222454/b/trustzone_images/core/securemsm/secboot/api -I/
local/mnt/workspace/CRMBuilds/TZ.BF.2.5.c10-00004-M8909AAAAANAZT-2_20161130_222
454/b/trustzone_images/core/kernel/lk/kernel/inc -I/local/mnt/workspace/CRMBuil
ds/TZ.BF.2.5.c10-00004-M8909AAAAANAZT-2_20161130_222454/b/trustzone_images/core
/kernel/lk/arch/inc -I/local/mnt/workspace/CRMBuilds/TZ.BF.2.5.c10-00004-M8909A
AAAANAZT-2_20161130_222454/b/trustzone_images/core/kernel/lk/platform/inc -I/lo
cal/mnt/workspace/CRMBuilds/TZ.BF.2.5.c10-00004-M8909AAAAANAZT-2_20161130_22245
4/b/trustzone_images/core/kernel/vmidmt/hal/inc -I/local/mnt/workspace/CRMBuild
s/TZ.BF.2.5.c10-00004-M8909AAAAANAZT-2_20161130_222454/b/trustzone_images/core/
kernel/vmidmt/hal/inc/8909w -I/local/mnt/workspace/CRMBuilds/TZ.BF.2.5.c10-0000
4-M8909AAAAANAZT-2_20161130_222454/b/trustzone_images/core/kernel/xpu2/hal/inc 
-I/local/mnt/workspace/CRMBuilds/TZ.BF.2.5.c10-00004-M8909AAAAANAZT-2_20161130_
222454/b/trustzone_images/core/kernel/xpu2/hal/inc/8909w -I/local/mnt/workspace
/CRMBuilds/TZ.BF.2.5.c10-00004-M8909AAAAANAZT-2_20161130_222454/b/trustzone_ima
ges/core/kernel/mmu/inc -I/local/mnt/workspace/CRMBuilds/TZ.BF.2.5.c10-00004-M8
909AAAAANAZT-2_20161130_222454/b/trustzone_images/core/kernel/hypervisor/inc -I
/local/mnt/workspace/CRMBuilds/TZ.BF.2.5.c10-00004-M8909AAAAANAZT-2_20161130_22
2454/b/trustzone_images/core/kernel/hypervisor/inc/8909w -I/local/mnt/workspace
/CRMBuilds/TZ.BF.2.5.c10-00004-M8909AAAAANAZT-2_20161130_222454/b/trustzone_ima
ges/core/kernel/smmu/smmu500 -I/local/mnt/workspace/CRMBuilds/TZ.BF.2.5.c10-000
04-M8909AAAAANAZT-2_20161130_222454/b/trustzone_images/core/kernel/smmu/smmu500
/8909w/tz -I/local/mnt/workspace/CRMBuilds/TZ.BF.2.5.c10-00004-M8909AAAAANAZT-2
_20161130_222454/b/trustzone_images/core/securemsm/trustzone/qsee/kernel/inc -I
/local/mnt/workspace/CRMBuilds/TZ.BF.2.5.c10-00004-M8909AAAAANAZT-2_20161130_22



ARM Macro Assembler    Page 3 


2454/b/trustzone_images/core/securemsm/trustzone/qsee/include --list=/local/mnt
/workspace/CRMBuilds/TZ.BF.2.5.c10-00004-M8909AAAAANAZT-2_20161130_222454/b/tru
stzone_images/core/kernel/lk/build/tzbsp_no_xpu/cortexA7/MATAANAA/arch/src/ops.
o.lst --sitelicense /local/mnt/workspace/CRMBuilds/TZ.BF.2.5.c10-00004-M8909AAA
AANAZT-2_20161130_222454/b/trustzone_images/core/kernel/lk/build/tzbsp_no_xpu/c
ortexA7/MATAANAA/arch/src/ops.o.i
