


ARM Macro Assembler    Page 1 


    1 00000000         ;*====*====*====*====*====*====*====*====*====*====*====
                       *====*====*====*====*
    2 00000000         ;
    3 00000000         ;                     Boot A53 Assembly File
    4 00000000         ;
    5 00000000         ; GENERAL DESCRIPTION
    6 00000000         ; This file contains the assembly instructions specializ
                       ed A53 functions 
    7 00000000         ;
    8 00000000         ; Copyright 2014 by Qualcomm Technologies, Incorporated.
                       All Rights Reserved.
    9 00000000         ;*====*====*====*====*====*====*====*====*====*====*====
                       *====*====*====*====*
   10 00000000         ;*====*====*====*====*====*====*====*====*====*====*====
                       *====*====*====*====*
   11 00000000         ;
   12 00000000         ;                           EDIT HISTORY FOR FILE
   13 00000000         ;
   14 00000000         ; This section contains comments describing changes made
                        to the module.
   15 00000000         ; Notice that changes are listed in reverse chronologica
                       l order.
   16 00000000         ;
   17 00000000         ; when       who     what, where, why
   18 00000000         ; --------   ---     -----------------------------------
                       ---------------------
   19 00000000         ; 01/14/14   ck      Initial release for Bear family
   20 00000000         ;*====*====*====*====*====*====*====*====*====*====*====
                       *====*====*====*====*
   21 00000000         ;=======================================================
                       =====================
   22 00000000         ;
   23 00000000         ;                             MODULE EXPORTS
   24 00000000         ;
   25 00000000         ;=======================================================
                       =====================
   26 00000000         ; Export the symbols defined in this module
   27 00000000                 EXPORT           boot_enable_aarch64
   28 00000000                 EXPORT           boot_generate_warm_reset
   29 00000000                 EXPORT           boot_configure_vbar
   30 00000000         ;=======================================================
                       =====================
   31 00000000         ;
   32 00000000         ;                             MODULE DATA AREA
   33 00000000         ;
   34 00000000         ;=======================================================
                       =====================
   35 00000000                 PRESERVE8
   36 00000000                 AREA             BOOT_A53_ASM, CODE, READONLY
   37 00000000                 CODE32
   38 00000000         ;=======================================================
                       ===============
   39 00000000         ;
   40 00000000         ; void boot_enable_aarch64(void)
   41 00000000         ;
   42 00000000         ; Description:
   43 00000000         ;   Switches processor to AARCH64 mode
   44 00000000         ; 
   45 00000000         ; Parameters:



ARM Macro Assembler    Page 2 


   46 00000000         ;   None
   47 00000000         ;
   48 00000000         ; Return Value:
   49 00000000         ;   None 
   50 00000000         ;
   51 00000000         ;=======================================================
                       ===============
   52 00000000         boot_enable_aarch64
   53 00000000 EE1C0F50        mrc              p15, 0, r0, c12, c0, 2 
                                                            ; read RMR
   54 00000004 E3800001        orr              r0, r0, #0x1 ; bit0 for A64 
   55 00000008 F57FF04F        dsb
   56 0000000C EE0C0F50        mcr              p15, 0, r0, c12, c0, 2
   57 00000010 F57FF06F        isb
   58 00000014 F57FF04F        dsb
   59 00000018 E12FFF1E        bx               lr
   60 0000001C         ;=======================================================
                       ===============
   61 0000001C         ;
   62 0000001C         ; void boot_generate_warm_reset(uint32)
   63 0000001C         ;
   64 0000001C         ; Description:
   65 0000001C         ;   Generates a warm reset.  This function does not retu
                       rn.
   66 0000001C         ; 
   67 0000001C         ; Parameters:
   68 0000001C         ;   Value to be carried in R0 across reset.
   69 0000001C         ;
   70 0000001C         ; Return Value:
   71 0000001C         ;   None 
   72 0000001C         ;
   73 0000001C         ;=======================================================
                       ===============
   74 0000001C         boot_generate_warm_reset
   75 0000001C EE1C1F50        mrc              p15, 0, r1, c12, c0, 2
   76 00000020 E3811002        orr              r1, r1, #2  ; bit 1 for RR
   77 00000024 F57FF04F        dsb
   78 00000028 EE0C1F50        mcr              p15, 0, r1, c12, c0, 2
   79 0000002C F57FF06F        isb
   80 00000030 F57FF04F        dsb
   81 00000034 F57FF06F        isb
   82 00000038 E320F003        wfi
   83 0000003C         generate_warm_reset_loop
   84 0000003C EAFFFFFE        b                generate_warm_reset_loop
   85 00000040         ;=======================================================
                       ===============
   86 00000040         ;
   87 00000040         ; void boot_configure_vbar(uint32 vbar_addr)
   88 00000040         ;
   89 00000040         ; Description:
   90 00000040         ;   Configures VBAR to a different base address based on
                        exit point.
   91 00000040         ; 
   92 00000040         ; Parameters:
   93 00000040         ;   R0 contains the address to which VBAR will be config
                       ured to.
   94 00000040         ;
   95 00000040         ; Return Value:
   96 00000040         ;   None 



ARM Macro Assembler    Page 3 


   97 00000040         ;
   98 00000040         ;=======================================================
                       ===============
   99 00000040         boot_configure_vbar
  100 00000040 EE0C0F10        mcr              p15, 0, r0, c12, c0, 0 ; Write 
                                                            VBAR Register
  101 00000044 E12FFF1E        bx               lr
  102 00000048         END
                       
Command Line: --cpu=Cortex-A7 --apcs=/noswst/interwork --no_unaligned_access -o
/local/mnt/workspace/CRMBuilds/BOOT.BF.3.1.2.c3-00012-M8909WAAAANAZB-1_20161208
_043404/b/boot_images/core/boot/secboot3/src/build/ddr_debug/Cortex-A7/WAASANAZ
/boot_a53_asm.o -I/local/mnt/workspace/CRMBuilds/BOOT.BF.3.1.2.c3-00012-M8909WA
AAANAZB-1_20161208_043404/b/boot_images/core/boot/secboot3/src/build -I/local/m
nt/workspace/CRMBuilds/BOOT.BF.3.1.2.c3-00012-M8909WAAAANAZB-1_20161208_043404/
b/boot_images/build/cust -I. -I/local/mnt/workspace/CRMBuilds/BOOT.BF.3.1.2.c3-
00012-M8909WAAAANAZB-1_20161208_043404/b/boot_images/core/api/boot -I/local/mnt
/workspace/CRMBuilds/BOOT.BF.3.1.2.c3-00012-M8909WAAAANAZB-1_20161208_043404/b/
boot_images/core/api/boot/qfprom -I/local/mnt/workspace/CRMBuilds/BOOT.BF.3.1.2
.c3-00012-M8909WAAAANAZB-1_20161208_043404/b/boot_images/core/buses/api/spmi -I
/local/mnt/workspace/CRMBuilds/BOOT.BF.3.1.2.c3-00012-M8909WAAAANAZB-1_20161208
_043404/b/boot_images/core/buses/api/icb -I/local/mnt/workspace/CRMBuilds/BOOT.
BF.3.1.2.c3-00012-M8909WAAAANAZB-1_20161208_043404/b/boot_images/core/buses/api
/uart -I/local/mnt/workspace/CRMBuilds/BOOT.BF.3.1.2.c3-00012-M8909WAAAANAZB-1_
20161208_043404/b/boot_images/core/buses/api/i2c -I/local/mnt/workspace/CRMBuil
ds/BOOT.BF.3.1.2.c3-00012-M8909WAAAANAZB-1_20161208_043404/b/boot_images/core/a
pi/dal -I/local/mnt/workspace/CRMBuilds/BOOT.BF.3.1.2.c3-00012-M8909WAAAANAZB-1
_20161208_043404/b/boot_images/core/api/debugtools -I/local/mnt/workspace/CRMBu
ilds/BOOT.BF.3.1.2.c3-00012-M8909WAAAANAZB-1_20161208_043404/b/boot_images/core
/api/mproc -I/local/mnt/workspace/CRMBuilds/BOOT.BF.3.1.2.c3-00012-M8909WAAAANA
ZB-1_20161208_043404/b/boot_images/core/api/services -I/local/mnt/workspace/CRM
Builds/BOOT.BF.3.1.2.c3-00012-M8909WAAAANAZB-1_20161208_043404/b/boot_images/co
re/api/storage -I/local/mnt/workspace/CRMBuilds/BOOT.BF.3.1.2.c3-00012-M8909WAA
AANAZB-1_20161208_043404/b/boot_images/core/api/systemdrivers -I/local/mnt/work
space/CRMBuilds/BOOT.BF.3.1.2.c3-00012-M8909WAAAANAZB-1_20161208_043404/b/boot_
images/core/api/systemdrivers/pmic -I/local/mnt/workspace/CRMBuilds/BOOT.BF.3.1
.2.c3-00012-M8909WAAAANAZB-1_20161208_043404/b/boot_images/core/api/systemdrive
rs/hwio/msm8909 -I/local/mnt/workspace/CRMBuilds/BOOT.BF.3.1.2.c3-00012-M8909WA
AAANAZB-1_20161208_043404/b/boot_images/core/api/wiredconnectivity -I/local/mnt
/workspace/CRMBuilds/BOOT.BF.3.1.2.c3-00012-M8909WAAAANAZB-1_20161208_043404/b/
boot_images/core/api/securemsm -I/local/mnt/workspace/CRMBuilds/BOOT.BF.3.1.2.c
3-00012-M8909WAAAANAZB-1_20161208_043404/b/boot_images/core/securemsm/secboot/a
pi -I/local/mnt/workspace/CRMBuilds/BOOT.BF.3.1.2.c3-00012-M8909WAAAANAZB-1_201
61208_043404/b/boot_images/core/api/kernel/libstd/stringl -I/local/mnt/workspac
e/CRMBuilds/BOOT.BF.3.1.2.c3-00012-M8909WAAAANAZB-1_20161208_043404/b/boot_imag
es/core/api/hwengines -I/local/mnt/workspace/CRMBuilds/BOOT.BF.3.1.2.c3-00012-M
8909WAAAANAZB-1_20161208_043404/b/boot_images/core/apt/inc -I/local/mnt/workspa
ce/CRMBuilds/BOOT.BF.3.1.2.c3-00012-M8909WAAAANAZB-1_20161208_043404/b/boot_ima
ges/core/api/power -I/local/mnt/workspace/CRMBuilds/BOOT.BF.3.1.2.c3-00012-M890
9WAAAANAZB-1_20161208_043404/b/boot_images/core/boot/secboot3/src -I/local/mnt/
workspace/CRMBuilds/BOOT.BF.3.1.2.c3-00012-M8909WAAAANAZB-1_20161208_043404/b/b
oot_images/core/boot/ddr/common -I/local/mnt/workspace/CRMBuilds/BOOT.BF.3.1.2.
c3-00012-M8909WAAAANAZB-1_20161208_043404/b/boot_images/core/boot/ddr/hw/msm890
9w -I/local/mnt/workspace/CRMBuilds/BOOT.BF.3.1.2.c3-00012-M8909WAAAANAZB-1_201
61208_043404/b/boot_images/core/boot/ddr/hw/phy -I/local/mnt/workspace/CRMBuild
s/BOOT.BF.3.1.2.c3-00012-M8909WAAAANAZB-1_20161208_043404/b/boot_images/core/bo
ot/ddr/hw/controller -I/local/mnt/workspace/CRMBuilds/BOOT.BF.3.1.2.c3-00012-M8
909WAAAANAZB-1_20161208_043404/b/boot_images/core/boot/secboot3/hw/msm8909 -I/l
ocal/mnt/workspace/CRMBuilds/BOOT.BF.3.1.2.c3-00012-M8909WAAAANAZB-1_20161208_0



ARM Macro Assembler    Page 4 


43404/b/boot_images/core/dal/src -I/local/mnt/workspace/CRMBuilds/BOOT.BF.3.1.2
.c3-00012-M8909WAAAANAZB-1_20161208_043404/b/boot_images/core/dal/config -I/loc
al/mnt/workspace/CRMBuilds/BOOT.BF.3.1.2.c3-00012-M8909WAAAANAZB-1_20161208_043
404/b/boot_images/core/debugtools/version/src -I/local/mnt/workspace/CRMBuilds/
BOOT.BF.3.1.2.c3-00012-M8909WAAAANAZB-1_20161208_043404/b/boot_images/core/mpro
c/smem/inc -I/local/mnt/workspace/CRMBuilds/BOOT.BF.3.1.2.c3-00012-M8909WAAAANA
ZB-1_20161208_043404/b/boot_images/core/services/utils/src -I/local/mnt/workspa
ce/CRMBuilds/BOOT.BF.3.1.2.c3-00012-M8909WAAAANAZB-1_20161208_043404/b/boot_ima
ges/core/storage/flash/src/dal -I/local/mnt/workspace/CRMBuilds/BOOT.BF.3.1.2.c
3-00012-M8909WAAAANAZB-1_20161208_043404/b/boot_images/core/storage/flash/src/h
al -I/local/mnt/workspace/CRMBuilds/BOOT.BF.3.1.2.c3-00012-M8909WAAAANAZB-1_201
61208_043404/b/boot_images/core/storage/flash/tools/inc -I/local/mnt/workspace/
CRMBuilds/BOOT.BF.3.1.2.c3-00012-M8909WAAAANAZB-1_20161208_043404/b/boot_images
/core/storage/flash/inc -I/local/mnt/workspace/CRMBuilds/BOOT.BF.3.1.2.c3-00012
-M8909WAAAANAZB-1_20161208_043404/b/boot_images/core/storage/sdcc/src -I/local/
mnt/workspace/CRMBuilds/BOOT.BF.3.1.2.c3-00012-M8909WAAAANAZB-1_20161208_043404
/b/boot_images/core/storage/sdcc/src/hal -I/local/mnt/workspace/CRMBuilds/BOOT.
BF.3.1.2.c3-00012-M8909WAAAANAZB-1_20161208_043404/b/boot_images/core/storage/s
dcc/src/bsp -I/local/mnt/workspace/CRMBuilds/BOOT.BF.3.1.2.c3-00012-M8909WAAAAN
AZB-1_20161208_043404/b/boot_images/core/storage/efs/inc -I/local/mnt/workspace
/CRMBuilds/BOOT.BF.3.1.2.c3-00012-M8909WAAAANAZB-1_20161208_043404/b/boot_image
s/core/storage/hfat/inc -I/local/mnt/workspace/CRMBuilds/BOOT.BF.3.1.2.c3-00012
-M8909WAAAANAZB-1_20161208_043404/b/boot_images/core/storage/hotplug/inc -I/loc
al/mnt/workspace/CRMBuilds/BOOT.BF.3.1.2.c3-00012-M8909WAAAANAZB-1_20161208_043
404/b/boot_images/core/storage/tools/deviceprogrammer_ddr/src/firehose -I/local
/mnt/workspace/CRMBuilds/BOOT.BF.3.1.2.c3-00012-M8909WAAAANAZB-1_20161208_04340
4/b/boot_images/core/storage/ufs/src -I/local/mnt/workspace/CRMBuilds/BOOT.BF.3
.1.2.c3-00012-M8909WAAAANAZB-1_20161208_043404/b/boot_images/core/systemdrivers
/tlmm/inc -I/local/mnt/workspace/CRMBuilds/BOOT.BF.3.1.2.c3-00012-M8909WAAAANAZ
B-1_20161208_043404/b/boot_images/core/systemdrivers/tlmm/src -I/local/mnt/work
space/CRMBuilds/BOOT.BF.3.1.2.c3-00012-M8909WAAAANAZB-1_20161208_043404/b/boot_
images/core/wiredconnectivity/qhsusb/inc -I/local/mnt/workspace/CRMBuilds/BOOT.
BF.3.1.2.c3-00012-M8909WAAAANAZB-1_20161208_043404/b/boot_images/core/wiredconn
ectivity/qusb/inc -I/local/mnt/workspace/CRMBuilds/BOOT.BF.3.1.2.c3-00012-M8909
WAAAANAZB-1_20161208_043404/b/boot_images/core/securemsm/cryptodrivers/ce/share
d/inc -I/local/mnt/workspace/CRMBuilds/BOOT.BF.3.1.2.c3-00012-M8909WAAAANAZB-1_
20161208_043404/b/boot_images/core/securemsm/cryptodrivers/ce/test/inc -I/local
/mnt/workspace/CRMBuilds/BOOT.BF.3.1.2.c3-00012-M8909WAAAANAZB-1_20161208_04340
4/b/boot_images/core/securemsm/cryptodrivers/prng/shared/inc -I/local/mnt/works
pace/CRMBuilds/BOOT.BF.3.1.2.c3-00012-M8909WAAAANAZB-1_20161208_043404/b/boot_i
mages/core/securemsm/cryptodrivers/prng/test/inc -I/local/mnt/workspace/CRMBuil
ds/BOOT.BF.3.1.2.c3-00012-M8909WAAAANAZB-1_20161208_043404/b/boot_images/core/s
ecuremsm/cryptodrivers/prng/shared/src -I/local/mnt/workspace/CRMBuilds/BOOT.BF
.3.1.2.c3-00012-M8909WAAAANAZB-1_20161208_043404/b/boot_images/core/api/securem
sm/secboot -I/local/mnt/workspace/CRMBuilds/BOOT.BF.3.1.2.c3-00012-M8909WAAAANA
ZB-1_20161208_043404/b/boot_images/core/api/securemsm/seccfg -I/local/mnt/works
pace/CRMBuilds/BOOT.BF.3.1.2.c3-00012-M8909WAAAANAZB-1_20161208_043404/b/boot_i
mages/core/securemsm/secmath/shared/inc -I/local/mnt/workspace/CRMBuilds/BOOT.B
F.3.1.2.c3-00012-M8909WAAAANAZB-1_20161208_043404/b/boot_images/core/securemsm/
fuseprov/chipset/msm8909/inc -I/local/mnt/workspace/CRMBuilds/BOOT.BF.3.1.2.c3-
00012-M8909WAAAANAZB-1_20161208_043404/b/boot_images/core/hwengines/mhi -I/loca
l/mnt/workspace/CRMBuilds/BOOT.BF.3.1.2.c3-00012-M8909WAAAANAZB-1_20161208_0434
04/b/boot_images/core/hwengines/pcie -I/local/mnt/workspace/CRMBuilds/BOOT.BF.3
.1.2.c3-00012-M8909WAAAANAZB-1_20161208_043404/b/boot_images/core/apt/src --lis
t=/local/mnt/workspace/CRMBuilds/BOOT.BF.3.1.2.c3-00012-M8909WAAAANAZB-1_201612
08_043404/b/boot_images/core/boot/secboot3/src/build/ddr_debug/Cortex-A7/WAASAN
AZ/boot_a53_asm.o.lst --sitelicense /local/mnt/workspace/CRMBuilds/BOOT.BF.3.1.
2.c3-00012-M8909WAAAANAZB-1_20161208_043404/b/boot_images/core/boot/secboot3/sr
c/build/ddr_debug/Cortex-A7/WAASANAZ/boot_a53_asm.o.i
