


ARM Macro Assembler    Page 1 


    1 00000000                 EXPORT           app_export_init_info_to_qsee
    2 00000000                 EXPORT           qsee_printf_syscall
    3 00000000                 EXPORT           qsee_wait_default_signal_syscal
l
    4 00000000                 EXPORT           qsee_generic_syscall
    5 00000000                 IMPORT           apps_request_resp
    6 00000000                 IMPORT           get_app_req_resp
    7 00000000                 AREA             tzapp_syscall_asm, CODE, align=
8
    8 00000000                 CODE32
    9 00000000         app_export_init_info_to_qsee
   10 00000000 E1A08004        mov              r8, r4
   11 00000004 E1A04000        mov              r4, r0
   12 00000008 E1A05001        mov              r5, r1
   13 0000000C E1A06002        mov              r6, r2
   14 00000010 E1A07003        mov              r7, r3
   15 00000014 E3E000FF        mov              r0, #(0xffffff00 + 0x0)
   16 00000018 EF001400        swi              (0x1400 + 0x0)
   17 0000001C E12FFF1E        bx               r14
   18 00000020         qsee_printf_syscall
   19 00000020 E92D5FF0        push             {r4-r12, r14}
   20 00000024 E1A04000        mov              r4, r0
   21 00000028 E1A05001        mov              r5, r1
   22 0000002C E3E00006        mov              r0, #(0xffffff00 + 0xF9)
   23 00000030 EF0014F9        swi              (0x1400 + 0xF9)
   24 00000034 E8BD9FF0        pop              {r4-r12, pc}
   25 00000038         qsee_wait_default_signal_syscall
   26 00000038 E92D5FF0        push             {r4-r12, r14}
   27 0000003C E3E000FE        mov              r0, #(0xffffff00 + 0x1)
   28 00000040 EF001401        swi              (0x1400 + 0x1)
   29 00000044 E1A05000        mov              r5, r0
   30 00000048 E1A06001        mov              r6, r1
   31 0000004C FAFFFFFE        blx              get_app_req_resp
   32 00000050 E1A07000        mov              r7, r0
   33 00000054 E1A00005        mov              r0, r5
   34 00000058 E1A01006        mov              r1, r6
   35 0000005C E887001F        stm              r7, {r0-r4}
   36 00000060 E8BD9FF0        pop              {r4-r12, pc}
   37 00000064         qsee_generic_syscall
   38 00000064 E92D5FF0        push             {r4-r12, r14}
   39 00000068 E1A04001        mov              r4, r1
   40 0000006C E1A05002        mov              r5, r2
   41 00000070 E1A06003        mov              r6, r3
   42 00000074 E59D7028        ldr              r7, [sp,#0x28]
   43 00000078 E59D802C        ldr              r8, [sp,#0x2C]
   44 0000007C E59D9030        ldr              r9, [sp,#0x30]
   45 00000080 EF001400        swi              0x1400
   46 00000084 E8BD9FF0        pop              {r4-r12, pc}
   47 00000088                 END
Command Line: --debug --dwarf2 --cpu=QSP.no_neon.no_vfp --apcs=/noswst/interwor
k//ropi/rwpi --no_unaligned_access -o/local/mnt/workspace/CRMBuilds/TZ.BF.2.5.c
10-00004-M8909AAAAANAZT-2_20161130_222454/b/trustzone_images/core/securemsm/tru
stzone/qsapps/libs/applib/qsee/build/widevine/scorpion/MATAANAA/src/tzapp_sysca
ll.o -I/local/mnt/workspace/CRMBuilds/TZ.BF.2.5.c10-00004-M8909AAAAANAZT-2_2016
1130_222454/b/trustzone_images/core/securemsm/trustzone/qsapps/libs/applib/qsee
/build -I/local/mnt/workspace/CRMBuilds/TZ.BF.2.5.c10-00004-M8909AAAAANAZT-2_20
161130_222454/b/trustzone_images/build/cust -I. -I/local/mnt/workspace/CRMBuild
s/TZ.BF.2.5.c10-00004-M8909AAAAANAZT-2_20161130_222454/b/trustzone_images/core/
securemsm/trustzone/qsee/include -I/local/mnt/workspace/CRMBuilds/TZ.BF.2.5.c10



ARM Macro Assembler    Page 2 


-00004-M8909AAAAANAZT-2_20161130_222454/b/trustzone_images/core/api/services -I
/local/mnt/workspace/CRMBuilds/TZ.BF.2.5.c10-00004-M8909AAAAANAZT-2_20161130_22
2454/b/trustzone_images/core/api/rapi/services/inc -I/local/mnt/workspace/CRMBu
ilds/TZ.BF.2.5.c10-00004-M8909AAAAANAZT-2_20161130_222454/b/trustzone_images/co
re/api/dal -I/local/mnt/workspace/CRMBuilds/TZ.BF.2.5.c10-00004-M8909AAAAANAZT-
2_20161130_222454/b/trustzone_images/core/services/utils/src -I/local/mnt/works
pace/CRMBuilds/TZ.BF.2.5.c10-00004-M8909AAAAANAZT-2_20161130_222454/b/trustzone
_images/core/dal/framework/inc -I/local/mnt/workspace/CRMBuilds/TZ.BF.2.5.c10-0
0004-M8909AAAAANAZT-2_20161130_222454/b/trustzone_images/core/dal/framework/sys
/inc -I/local/mnt/workspace/CRMBuilds/TZ.BF.2.5.c10-00004-M8909AAAAANAZT-2_2016
1130_222454/b/trustzone_images/core/dal/config -I/local/mnt/workspace/CRMBuilds
/TZ.BF.2.5.c10-00004-M8909AAAAANAZT-2_20161130_222454/b/trustzone_images/core/a
pi/securemsm/trustzone/qsee -I/local/mnt/workspace/CRMBuilds/TZ.BF.2.5.c10-0000
4-M8909AAAAANAZT-2_20161130_222454/b/trustzone_images/core/api/services -I/loca
l/mnt/workspace/CRMBuilds/TZ.BF.2.5.c10-00004-M8909AAAAANAZT-2_20161130_222454/
b/trustzone_images/core/securemsm/trustzone/qsee/include -I/local/mnt/workspace
/CRMBuilds/TZ.BF.2.5.c10-00004-M8909AAAAANAZT-2_20161130_222454/b/trustzone_ima
ges/core/securemsm/trustzone/qsapps/libs/applib/common/src -I/local/mnt/workspa
ce/CRMBuilds/TZ.BF.2.5.c10-00004-M8909AAAAANAZT-2_20161130_222454/b/trustzone_i
mages/core/api/kernel/libstd -I/local/mnt/workspace/CRMBuilds/TZ.BF.2.5.c10-000
04-M8909AAAAANAZT-2_20161130_222454/b/trustzone_images/core/api/securemsm/trust
zone/qsee -I/local/mnt/workspace/CRMBuilds/TZ.BF.2.5.c10-00004-M8909AAAAANAZT-2
_20161130_222454/b/trustzone_images/core/securemsm/trustzone/qsapps/libs/servic
es/src -I/local/mnt/workspace/CRMBuilds/TZ.BF.2.5.c10-00004-M8909AAAAANAZT-2_20
161130_222454/b/trustzone_images/core/securemsm/trustzone/qsee/services/keyprov
/macchiato/shared/inc --list=/local/mnt/workspace/CRMBuilds/TZ.BF.2.5.c10-00004
-M8909AAAAANAZT-2_20161130_222454/b/trustzone_images/core/securemsm/trustzone/q
sapps/libs/applib/qsee/build/widevine/scorpion/MATAANAA/src/tzapp_syscall.o.lst
 --sitelicense /local/mnt/workspace/CRMBuilds/TZ.BF.2.5.c10-00004-M8909AAAAANAZ
T-2_20161130_222454/b/trustzone_images/core/securemsm/trustzone/qsapps/libs/app
lib/qsee/build/widevine/scorpion/MATAANAA/src/tzapp_syscall.o.i
