/******************************************************************************
                                TEXT and RODATA
******************************************************************************/
__dynrec_text_start_rfc_215 = .;
*modem_proc/rfc_jolokia/rf_card/rfc_wtr2955_non_ca_sawless_v2/?*:(.text .text.* .rodata .rodata.*)
. = ALIGN(4K);
__dynrec_text_end_rfc_215 = .;

__dynrec_text_start_rfc_157 = .;
*modem_proc/rfc_jolokia/rf_card/rfc_wtr2965_dlca_ulca_4360_88xx/?*:(.text .text.* .rodata .rodata.*)
. = ALIGN(4K);
__dynrec_text_end_rfc_157 = .;

__dynrec_text_start_rfc_58 = .;
*modem_proc/rfc_jolokia/rf_card/rfc_wtr4905_china_ct_4m/?*:(.text .text.* .rodata .rodata.*)
. = ALIGN(4K);
__dynrec_text_end_rfc_58 = .;

__dynrec_text_start_rfc_156 = .;
*modem_proc/rfc_jolokia/rf_card/rfc_wtr2965_dlca_ulca_4340_v2/?*:(.text .text.* .rodata .rodata.*)
. = ALIGN(4K);
__dynrec_text_end_rfc_156 = .;

__dynrec_text_start_rfc_250 = .;
*modem_proc/rfc_jolokia/rf_card/rfc_wtr2965_v2_na_ca_4320_b66/?*:(.text .text.* .rodata .rodata.*)
. = ALIGN(4K);
__dynrec_text_end_rfc_250 = .;

__dynrec_text_start_rfc_19 = .;
*modem_proc/rfc_jolokia/rf_card/rfc_wtr2965_v2_na_ca_4320/?*:(.text .text.* .rodata .rodata.*)
. = ALIGN(4K);
__dynrec_text_end_rfc_19 = .;

__dynrec_text_start_rfc_224 = .;
*modem_proc/rfc_jolokia/rf_card/rfc_wtr2965_swoc_na/?*:(.text .text.* .rodata .rodata.*)
. = ALIGN(4K);
__dynrec_text_end_rfc_224 = .;

__dynrec_text_start_rfc_205 = .;
*modem_proc/rfc_jolokia/rf_card/rfc_wtr2965_qrd_non_ca_4373_3/?*:(.text .text.* .rodata .rodata.*)
. = ALIGN(4K);
__dynrec_text_end_rfc_205 = .;

__dynrec_text_start_rfc_60 = .;
*modem_proc/rfc_jolokia/rf_card/rfc_wtr4905_om/?*:(.text .text.* .rodata .rodata.*)
. = ALIGN(4K);
__dynrec_text_end_rfc_60 = .;

__dynrec_text_start_rfc_38 = .;
*modem_proc/rfc_jolokia/rf_card/rfc_wtr4905_japan_4320/?*:(.text .text.* .rodata .rodata.*)
. = ALIGN(4K);
__dynrec_text_end_rfc_38 = .;

__dynrec_text_start_rfc_206 = .;
*modem_proc/rfc_jolokia/rf_card/rfc_wtr2965_tmo/?*:(.text .text.* .rodata .rodata.*)
. = ALIGN(4K);
__dynrec_text_end_rfc_206 = .;

__dynrec_text_start_rfc_231 = .;
*modem_proc/rfc_jolokia/rf_card/rfc_wtr2965_dual_wtr_4320_d/?*:(.text .text.* .rodata .rodata.*)
. = ALIGN(4K);
__dynrec_text_end_rfc_231 = .;

__dynrec_text_start_rfc_204 = .;
*modem_proc/rfc_jolokia/rf_card/rfc_wtr2965_qrd_non_ca_4373_2/?*:(.text .text.* .rodata .rodata.*)
. = ALIGN(4K);
__dynrec_text_end_rfc_204 = .;

__dynrec_text_start_rfc_37 = .;
*modem_proc/rfc_jolokia/rf_card/rfc_wtr4905_japan_v2/?*:(.text .text.* .rodata .rodata.*)
. = ALIGN(4K);
__dynrec_text_end_rfc_37 = .;

__dynrec_text_start_rfc_43 = .;
*modem_proc/rfc_jolokia/rf_card/rfc_wtr4905_chile_3g/?*:(.text .text.* .rodata .rodata.*)
. = ALIGN(4K);
__dynrec_text_end_rfc_43 = .;

__dynrec_text_start_rfc_56 = .;
*modem_proc/rfc_jolokia/rf_card/rfc_wtr4905_china_cmcc_3m/?*:(.text .text.* .rodata .rodata.*)
. = ALIGN(4K);
__dynrec_text_end_rfc_56 = .;

__dynrec_text_start_rfc_219 = .;
*modem_proc/rfc_jolokia/rf_card/rfc_wtr2965_non_ca2_4320_saw/?*:(.text .text.* .rodata .rodata.*)
. = ALIGN(4K);
__dynrec_text_end_rfc_219 = .;

__dynrec_text_start_rfc_61 = .;
*modem_proc/rfc_jolokia/rf_card/rfc_wtr4905_amx_antenna/?*:(.text .text.* .rodata .rodata.*)
. = ALIGN(4K);
__dynrec_text_end_rfc_61 = .;

__dynrec_text_start_rfc_199 = .;
*modem_proc/rfc_jolokia/rf_card/rfc_wtr4905_tmo/?*:(.text .text.* .rodata .rodata.*)
. = ALIGN(4K);
__dynrec_text_end_rfc_199 = .;

__dynrec_text_start_rfc_57 = .;
*modem_proc/rfc_jolokia/rf_card/rfc_wtr4905_china_cu_4m/?*:(.text .text.* .rodata .rodata.*)
. = ALIGN(4K);
__dynrec_text_end_rfc_57 = .;

__dynrec_text_start_rfc_221 = .;
*modem_proc/rfc_jolokia/rf_card/rfc_wtr2965_dual_wtr_4320/?*:(.text .text.* .rodata .rodata.*)
. = ALIGN(4K);
__dynrec_text_end_rfc_221 = .;

__dynrec_text_start_rfc_232 = .;
*modem_proc/rfc_jolokia/rf_card/rfc_wtr2965_dual_wtr_4320_srx/?*:(.text .text.* .rodata .rodata.*)
. = ALIGN(4K);
__dynrec_text_end_rfc_232 = .;

__dynrec_text_start_rfc_169 = .;
*modem_proc/rfc_jolokia/rf_card/rfc_wtr4905_china_4320/?*:(.text .text.* .rodata .rodata.*)
. = ALIGN(4K);
__dynrec_text_end_rfc_169 = .;

__dynrec_text_start_rfc_230 = .;
*modem_proc/rfc_jolokia/rf_card/rfc_wtr2965_non_ca2_4320_srx/?*:(.text .text.* .rodata .rodata.*)
. = ALIGN(4K);
__dynrec_text_end_rfc_230 = .;

__dynrec_text_start_rfc_164 = .;
*modem_proc/rfc_jolokia/rf_card/rfc_wtr2965_non_ca_4373_v2/?*:(.text .text.* .rodata .rodata.*)
. = ALIGN(4K);
__dynrec_text_end_rfc_164 = .;

__dynrec_text_start_rfc_202 = .;
*modem_proc/rfc_jolokia/rf_card/rfc_wtr2965_qrd_non_ca_4373_1/?*:(.text .text.* .rodata .rodata.*)
. = ALIGN(4K);
__dynrec_text_end_rfc_202 = .;

__dynrec_text_start_rfc_233 = .;
*modem_proc/rfc_jolokia/rf_card/rfc_wtr2965_dual_wtr_4320_srx_w/?*:(.text .text.* .rodata .rodata.*)
. = ALIGN(4K);
__dynrec_text_end_rfc_233 = .;

__dynrec_text_start_rfc_18 = .;
*modem_proc/rfc_jolokia/rf_card/rfc_wtr2965_v2_chile_ca_4320/?*:(.text .text.* .rodata .rodata.*)
. = ALIGN(4K);
__dynrec_text_end_rfc_18 = .;

__dynrec_text_start_rfc_31 = .;
*modem_proc/rfc_jolokia/rf_card/rfc_wtr4905_non_ca/?*:(.text .text.* .rodata .rodata.*)
. = ALIGN(4K);
__dynrec_text_end_rfc_31 = .;

__dynrec_text_start_rfc_192 = .;
*modem_proc/rfc_jolokia/rf_card/rfc_wtr4905_china_tds_4320/?*:(.text .text.* .rodata .rodata.*)
. = ALIGN(4K);
__dynrec_text_end_rfc_192 = .;

__dynrec_text_start_rfc_190 = .;
*modem_proc/rfc_jolokia/rf_card/rfc_wtr4905_na_dlca/?*:(.text .text.* .rodata .rodata.*)
. = ALIGN(4K);
__dynrec_text_end_rfc_190 = .;

__dynrec_text_start_rfc_240 = .;
*modem_proc/rfc_jolokia/rf_card/rfc_wtr2965_non_ca2_4320_3g/?*:(.text .text.* .rodata .rodata.*)
. = ALIGN(4K);
__dynrec_text_end_rfc_240 = .;

__dynrec_text_start_rfc_32 = .;
*modem_proc/rfc_jolokia/rf_card/rfc_wtr4905_chile_srlte_v2/?*:(.text .text.* .rodata .rodata.*)
. = ALIGN(4K);
__dynrec_text_end_rfc_32 = .;

__dynrec_text_start_rfc_20 = .;
*modem_proc/rfc_jolokia/rf_card/rfc_wtr2965_v2_jp_ca_4320/?*:(.text .text.* .rodata .rodata.*)
. = ALIGN(4K);
__dynrec_text_end_rfc_20 = .;

__dynrec_text_start_unspecified = .;
*modem_proc/rfc_jolokia/rf_card/?*:(.text .text.* .rodata .rodata.*)
. = ALIGN(4K);
__dynrec_text_end_unspecified = .;

/******************************************************************************
                                DATA
******************************************************************************/
__dynrec_data_start_rfc_215 = .;
*modem_proc/rfc_jolokia/rf_card/rfc_wtr2955_non_ca_sawless_v2/?*:(.data .data.*)
. = ALIGN(4K);
__dynrec_data_end_rfc_215 = .;

__dynrec_data_start_rfc_157 = .;
*modem_proc/rfc_jolokia/rf_card/rfc_wtr2965_dlca_ulca_4360_88xx/?*:(.data .data.*)
. = ALIGN(4K);
__dynrec_data_end_rfc_157 = .;

__dynrec_data_start_rfc_58 = .;
*modem_proc/rfc_jolokia/rf_card/rfc_wtr4905_china_ct_4m/?*:(.data .data.*)
. = ALIGN(4K);
__dynrec_data_end_rfc_58 = .;

__dynrec_data_start_rfc_156 = .;
*modem_proc/rfc_jolokia/rf_card/rfc_wtr2965_dlca_ulca_4340_v2/?*:(.data .data.*)
. = ALIGN(4K);
__dynrec_data_end_rfc_156 = .;

__dynrec_data_start_rfc_250 = .;
*modem_proc/rfc_jolokia/rf_card/rfc_wtr2965_v2_na_ca_4320_b66/?*:(.data .data.*)
. = ALIGN(4K);
__dynrec_data_end_rfc_250 = .;

__dynrec_data_start_rfc_19 = .;
*modem_proc/rfc_jolokia/rf_card/rfc_wtr2965_v2_na_ca_4320/?*:(.data .data.*)
. = ALIGN(4K);
__dynrec_data_end_rfc_19 = .;

__dynrec_data_start_rfc_224 = .;
*modem_proc/rfc_jolokia/rf_card/rfc_wtr2965_swoc_na/?*:(.data .data.*)
. = ALIGN(4K);
__dynrec_data_end_rfc_224 = .;

__dynrec_data_start_rfc_205 = .;
*modem_proc/rfc_jolokia/rf_card/rfc_wtr2965_qrd_non_ca_4373_3/?*:(.data .data.*)
. = ALIGN(4K);
__dynrec_data_end_rfc_205 = .;

__dynrec_data_start_rfc_60 = .;
*modem_proc/rfc_jolokia/rf_card/rfc_wtr4905_om/?*:(.data .data.*)
. = ALIGN(4K);
__dynrec_data_end_rfc_60 = .;

__dynrec_data_start_rfc_38 = .;
*modem_proc/rfc_jolokia/rf_card/rfc_wtr4905_japan_4320/?*:(.data .data.*)
. = ALIGN(4K);
__dynrec_data_end_rfc_38 = .;

__dynrec_data_start_rfc_206 = .;
*modem_proc/rfc_jolokia/rf_card/rfc_wtr2965_tmo/?*:(.data .data.*)
. = ALIGN(4K);
__dynrec_data_end_rfc_206 = .;

__dynrec_data_start_rfc_231 = .;
*modem_proc/rfc_jolokia/rf_card/rfc_wtr2965_dual_wtr_4320_d/?*:(.data .data.*)
. = ALIGN(4K);
__dynrec_data_end_rfc_231 = .;

__dynrec_data_start_rfc_204 = .;
*modem_proc/rfc_jolokia/rf_card/rfc_wtr2965_qrd_non_ca_4373_2/?*:(.data .data.*)
. = ALIGN(4K);
__dynrec_data_end_rfc_204 = .;

__dynrec_data_start_rfc_37 = .;
*modem_proc/rfc_jolokia/rf_card/rfc_wtr4905_japan_v2/?*:(.data .data.*)
. = ALIGN(4K);
__dynrec_data_end_rfc_37 = .;

__dynrec_data_start_rfc_43 = .;
*modem_proc/rfc_jolokia/rf_card/rfc_wtr4905_chile_3g/?*:(.data .data.*)
. = ALIGN(4K);
__dynrec_data_end_rfc_43 = .;

__dynrec_data_start_rfc_56 = .;
*modem_proc/rfc_jolokia/rf_card/rfc_wtr4905_china_cmcc_3m/?*:(.data .data.*)
. = ALIGN(4K);
__dynrec_data_end_rfc_56 = .;

__dynrec_data_start_rfc_219 = .;
*modem_proc/rfc_jolokia/rf_card/rfc_wtr2965_non_ca2_4320_saw/?*:(.data .data.*)
. = ALIGN(4K);
__dynrec_data_end_rfc_219 = .;

__dynrec_data_start_rfc_61 = .;
*modem_proc/rfc_jolokia/rf_card/rfc_wtr4905_amx_antenna/?*:(.data .data.*)
. = ALIGN(4K);
__dynrec_data_end_rfc_61 = .;

__dynrec_data_start_rfc_199 = .;
*modem_proc/rfc_jolokia/rf_card/rfc_wtr4905_tmo/?*:(.data .data.*)
. = ALIGN(4K);
__dynrec_data_end_rfc_199 = .;

__dynrec_data_start_rfc_57 = .;
*modem_proc/rfc_jolokia/rf_card/rfc_wtr4905_china_cu_4m/?*:(.data .data.*)
. = ALIGN(4K);
__dynrec_data_end_rfc_57 = .;

__dynrec_data_start_rfc_221 = .;
*modem_proc/rfc_jolokia/rf_card/rfc_wtr2965_dual_wtr_4320/?*:(.data .data.*)
. = ALIGN(4K);
__dynrec_data_end_rfc_221 = .;

__dynrec_data_start_rfc_232 = .;
*modem_proc/rfc_jolokia/rf_card/rfc_wtr2965_dual_wtr_4320_srx/?*:(.data .data.*)
. = ALIGN(4K);
__dynrec_data_end_rfc_232 = .;

__dynrec_data_start_rfc_169 = .;
*modem_proc/rfc_jolokia/rf_card/rfc_wtr4905_china_4320/?*:(.data .data.*)
. = ALIGN(4K);
__dynrec_data_end_rfc_169 = .;

__dynrec_data_start_rfc_230 = .;
*modem_proc/rfc_jolokia/rf_card/rfc_wtr2965_non_ca2_4320_srx/?*:(.data .data.*)
. = ALIGN(4K);
__dynrec_data_end_rfc_230 = .;

__dynrec_data_start_rfc_164 = .;
*modem_proc/rfc_jolokia/rf_card/rfc_wtr2965_non_ca_4373_v2/?*:(.data .data.*)
. = ALIGN(4K);
__dynrec_data_end_rfc_164 = .;

__dynrec_data_start_rfc_202 = .;
*modem_proc/rfc_jolokia/rf_card/rfc_wtr2965_qrd_non_ca_4373_1/?*:(.data .data.*)
. = ALIGN(4K);
__dynrec_data_end_rfc_202 = .;

__dynrec_data_start_rfc_233 = .;
*modem_proc/rfc_jolokia/rf_card/rfc_wtr2965_dual_wtr_4320_srx_w/?*:(.data .data.*)
. = ALIGN(4K);
__dynrec_data_end_rfc_233 = .;

__dynrec_data_start_rfc_18 = .;
*modem_proc/rfc_jolokia/rf_card/rfc_wtr2965_v2_chile_ca_4320/?*:(.data .data.*)
. = ALIGN(4K);
__dynrec_data_end_rfc_18 = .;

__dynrec_data_start_rfc_31 = .;
*modem_proc/rfc_jolokia/rf_card/rfc_wtr4905_non_ca/?*:(.data .data.*)
. = ALIGN(4K);
__dynrec_data_end_rfc_31 = .;

__dynrec_data_start_rfc_192 = .;
*modem_proc/rfc_jolokia/rf_card/rfc_wtr4905_china_tds_4320/?*:(.data .data.*)
. = ALIGN(4K);
__dynrec_data_end_rfc_192 = .;

__dynrec_data_start_rfc_190 = .;
*modem_proc/rfc_jolokia/rf_card/rfc_wtr4905_na_dlca/?*:(.data .data.*)
. = ALIGN(4K);
__dynrec_data_end_rfc_190 = .;

__dynrec_data_start_rfc_240 = .;
*modem_proc/rfc_jolokia/rf_card/rfc_wtr2965_non_ca2_4320_3g/?*:(.data .data.*)
. = ALIGN(4K);
__dynrec_data_end_rfc_240 = .;

__dynrec_data_start_rfc_32 = .;
*modem_proc/rfc_jolokia/rf_card/rfc_wtr4905_chile_srlte_v2/?*:(.data .data.*)
. = ALIGN(4K);
__dynrec_data_end_rfc_32 = .;

__dynrec_data_start_rfc_20 = .;
*modem_proc/rfc_jolokia/rf_card/rfc_wtr2965_v2_jp_ca_4320/?*:(.data .data.*)
. = ALIGN(4K);
__dynrec_data_end_rfc_20 = .;

__dynrec_data_start_unspecified = .;
*modem_proc/rfc_jolokia/rf_card/?*:(.data .data.*)
. = ALIGN(4K);
__dynrec_data_end_unspecified = .;

