


ARM Macro Assembler    Page 1 


    1 00000000                 PRESERVE8
    2 00000000                 EXPORT           qsee_swi_handler
    3 00000000                 EXPORT           qsee_undef_handler
    4 00000000                 EXPORT           qsee_dabort_handler
    5 00000000                 EXPORT           qsee_pabort_handler
    6 00000000                 IMPORT           qsee_data_fault_status
    7 00000000                 IMPORT           qsee_data_fault_addr
    8 00000000                 IMPORT           qsee_instr_fault_status
    9 00000000                 IMPORT           qsee_instr_fault_addr
   10 00000000                 IMPORT           qsee_handle_page_fault
   11 00000000                 EXPORT           qsee_get_request_info
   12 00000000                 EXPORT           qsee_save_thread_regs
   13 00000000                 IMPORT           qsee_handle_app_request
   14 00000000                 IMPORT           entry_cpsr
   15 00000000                 EXPORT           qsee_apps_svc_stack_end
   16 00000000                 EXPORT           qsee_apps_svc_stack_guard
   17 00000000                 AREA             qsee_exception_asm, CODE, ALIGN
=8
   18 00000000                 CODE32
   19 00000000         qsee_swi_handler
   20 00000000 E14F2000        mrs              r2, spsr
   21 00000004 E59F11B0        ldr              r1, =exception_cpsr
   22 00000008 E5812000        str              r2, [r1]
   23 0000000C E2411004        sub              r1, r1, #4
   24 00000010 E581E000        str              r14, [r1]
   25 00000014 E9417FF0        stmdb            r1, {r4 - r14}^
   26 00000018 E59F11A0        ldr              r1, =qsee_apps_svc_stack_start
   27 0000001C E2411008        sub              r1, r1, #8
   28 00000020 E1A0D001        mov              r13, r1
   29 00000024 E10F2000        mrs              r2, cpsr
   30 00000028 E59F1194        ldr              r1, =entry_cpsr
   31 0000002C E5911000        ldr              r1, [r1]
   32 00000030 E20110C0        and              r1, #0xC0
   33 00000034 E3C220C0        and              r2, #(~0xC0)
   34 00000038 E1822001        orr              r2, r1
   35 0000003C E121F002        msr              cpsr_c, r2
   36 00000040 E59F1180        ldr              r1, =qsee_handle_app_request
   37 00000044 E12FFF31        blx              r1
   38 00000048         qsee_get_request_info
   39 00000048 E92D41F0        push             {r4-r8, r14}
   40 0000004C E59F2178        ldr              r2, =exception_regs
   41 00000050 E2822010        add              r2, r2, #0x10
   42 00000054         copy_loop
   43 00000054 E8B20008        ldmia            r2!, {r3}
   44 00000058 E8A00008        stmia            r0!, {r3}
   45 0000005C E2411001        sub              r1, r1, #1
   46 00000060 E3510000        cmp              r1, #0
   47 00000064 1AFFFFFA        bne              copy_loop
   48 00000068 E8BD81F0        pop              {r4-r8, pc}
   49 0000006C         qsee_save_thread_regs
   50 0000006C E59F1158        ldr              r1, =exception_regs
   51 00000070 E3A02011        mov              r2, #17
   52 00000074         save_loop
   53 00000074 E8B10008        ldmia            r1!, {r3}
   54 00000078 E8A00008        stmia            r0!, {r3}
   55 0000007C E2422001        sub              r2, r2, #1
   56 00000080 E3520000        cmp              r2, #0
   57 00000084 1AFFFFFA        bne              save_loop
   58 00000088 E12FFF1E        bx               r14



ARM Macro Assembler    Page 2 


   59 0000008C         qsee_undef_handler
   60 0000008C E58DE000        str              r14, [r13]
   61 00000090 EA000007        b                qsee_exception_handler
   62 00000094         qsee_dabort_handler
   63 00000094 E58DE000        str              r14, [r13]
   64 00000098 E3A0E000        mov              r14, #0x0
   65 0000009C E58DE004        str              r14, [r13, #0x4]
   66 000000A0 EA000003        b                qsee_exception_handler
   67 000000A4         qsee_pabort_handler
   68 000000A4 E58DE000        str              r14, [r13]
   69 000000A8 E3A0E001        mov              r14, #0x1
   70 000000AC E58DE004        str              r14, [r13, #0x4]
   71 000000B0 EAFFFFFF        b                qsee_exception_handler
   72 000000B4         qsee_exception_handler
   73 000000B4 E14FE000        mrs              r14, spsr
   74 000000B8 E21EE00F        ands             r14, r14, #0xF
   75 000000BC 125EE00F        subnes           r14, r14, #0xF
   76 000000C0 1A000019        bne              handle_non_usr_mode_fault
   77 000000C4 E59FE0F0        ldr              r14, =exception_cpsr
   78 000000C8 E24EE004        sub              r14, r14, #4
   79 000000CC E94E7FFF        stmdb            r14, {r0 - r14}^
   80 000000D0 E59D0000        ldr              r0, [r13]
   81 000000D4 E58E0000        str              r0, [r14]
   82 000000D8 E14F0000        mrs              r0, spsr
   83 000000DC E58E0004        str              r0, [r14, #4]
   84 000000E0 E59F10F0        ldr              r1, =qsee_data_fault_status
   85 000000E4 EE150F10        mrc              p15, 0, r0, c5, c0, 0
   86 000000E8 E5810000        str              r0, [r1]
   87 000000EC E59F10E8        ldr              r1, =qsee_data_fault_addr
   88 000000F0 EE160F10        mrc              p15, 0, r0, c6, c0, 0
   89 000000F4 E5810000        str              r0, [r1]
   90 000000F8 E59F10E0        ldr              r1, =qsee_instr_fault_status
   91 000000FC EE150F30        mrc              p15, 0, r0, c5, c0, 1
   92 00000100 E5810000        str              r0, [r1]
   93 00000104 E59F10D8        ldr              r1, =qsee_instr_fault_addr
   94 00000108 EE160F50        mrc              p15, 0, r0, c6, c0, 2
   95 0000010C E5810000        str              r0, [r1]
   96 00000110 E321F0D3        msr              CPSR_c, #0xD3
   97 00000114 E59F10A4        ldr              r1, =qsee_apps_svc_stack_start
   98 00000118 E2411008        sub              r1, r1, #8
   99 0000011C E1A0D001        mov              r13, r1
  100 00000120 E59F10A0        ldr              r1, =qsee_handle_app_request
  101 00000124 E3A00000        mov              r0, #0
  102 00000128 E12FFF31        blx              r1
  103 0000012C         handle_non_usr_mode_fault
  104 0000012C E14FE000        mrs              r14, spsr
  105 00000130 E20EE01F        and              r14, r14, #0x1F
  106 00000134 E35E0013        cmp              r14, #0x13
  107 00000138 1A00001E        bne              exception_loop_here
  108 0000013C E10FE000        mrs              r14, cpsr
  109 00000140 E20EE01F        and              r14, r14, #0x1F
  110 00000144 E35E0017        cmp              r14, #0x17
  111 00000148 1A00001A        bne              exception_loop_here
  112 0000014C E59FE078        ldr              r14, =exception_regs
  113 00000150 E88E100F        stm              r14, {r0 - r3,r12}
  114 00000154 E59D0000        ldr              r0, [r13]
  115 00000158 E59D1004        ldr              r1, [r13, #0x4]
  116 0000015C E3510000        cmp              r1, #0x0
  117 00000160 1A000000        bne              pref_abt_mode



ARM Macro Assembler    Page 3 


  118 00000164 E2400004        sub              r0, r0, #0x4
  119 00000168         pref_abt_mode
  120 00000168 E2400004        sub              r0, r0, #0x4
  121 0000016C E14F1000        mrs              r1, spsr
  122 00000170 E59FE044        ldr              r14, =exception_cpsr
  123 00000174 E58E1000        str              r1, [r14]
  124 00000178 E24EE004        sub              r14, r14, #4
  125 0000017C E58E0000        str              r0, [r14]
  126 00000180 E59D1004        ldr              r1, [r13, #0x4]
  127 00000184 E3510000        cmp              r1, #0x0
  128 00000188 1A000000        bne              invoke_pager
  129 0000018C EE160F10        mrc              p15, 0, r0, c6, c0, 0
  130 00000190         invoke_pager
  131 00000190 E59F205C        ldr              r2, =qsee_handle_page_fault
  132 00000194 E12FFF32        blx              r2
  133 00000198 E3500000        cmp              r0, #0x0
  134 0000019C 1A000004        bne              pager_error
  135 000001A0 E59FE024        ldr              r14, =exception_regs
  136 000001A4 E89E100F        ldm              r14, {r0 - r3,r12}
  137 000001A8 E59FE00C        ldr              r14, =exception_cpsr
  138 000001AC E24EE004        sub              r14, r14, #4
  139 000001B0 F89E0A00        rfe              r14
  140 000001B4         pager_error
  141 000001B4 EAFFFFFE        b                pager_error
  142 000001B8         exception_loop_here
  143 000001B8 EAFFFFFE        b                exception_loop_here
  144 000001BC 00000000 
              00000000 
              00000000 
              00000000 
              00000000 
              00000000 
              00000000 
              00000000 
              00000000 
              00000000 
              00000000 
              00000000 
              00000000 
              00000000 
              00000000 
              00000000 
              00000000         AREA             |QSEE_SWI_Area|, DATA, READWRIT
E
  145 00000000 00 00 00 
              00 00 00 
              00 00 00 
              00 00 00 
              00 00 00 
              00 00 00 
              00 00 00 
              00 00 00 
              00 00 00 
              00 00 00 
              00 00 00 
              00 00 00 
              00 00 00 
              00 00 00 
              00 00 00 



ARM Macro Assembler    Page 4 


              00 00 00 
              00 00 00 
              00 00 00 
              00 00 00 
              00 00 00 
              00 00 00 
              00       exception_regs
                               SPACE            0x40
  146 00000040 00 00 00 
              00       exception_cpsr
                               SPACE            0x4
  147 00000044 DEADBEEF 
                       qsee_apps_svc_stack_guard
                               DCD              0xdeadbeef
  148 00000048 00 00 00 
              00 00 00 
              00 00 00 
              00 00 00 
              00 00 00 
              00 00 00 
              00 00 00 
              00 00 00 
              00 00 00 
              00 00 00 
              00 00 00 
              00 00 00 
              00 00 00 
              00 00 00 
              00 00 00 
              00 00 00 
              00 00 00 
              00 00 00 
              00 00 00 
              00 00 00 
              00 00 00 
              00 00 00 
              00 00 00 
              00 00 00 
              00 00 00 
              00 00 00 
              00 00 00 
              00 00 00 
              00 00 00 
              00 00 00 
              00 00 00 
              00 00 00 
              00 00 00 
              00 00 00 
              00 00 00 
              00 00 00 
              00 00 00 
              00 00 00 
              00 00 00 
              00 00 00 
              00 00 00 
              00 00 00 
              00 00 00 
              00 00 00 
              00 00 00 



ARM Macro Assembler    Page 5 


              00 00 00 
              00 00 00 
              00 00 00 
              00 00 00 
              00 00 00 
              00 00 00 
              00 00 00 
              00 00 00 
              00 00 00 
              00 00 00 
              00 00 00 
              00 00 00 
              00 00 00 
              00 00 00 
              00 00 00 
              00 00 00 
              00 00 00 
              00 00 00 
              00 00 00 
              00 00 00 
              00 00 00 
              00 00 00 
              00 00 00 
              00 00 00 
              00 00 00 
              00 00 00 
              00 00 00 
              00 00 00 
              00 00 00 
              00 00 00 
              00 00 00 
              00 00 00 
              00 00 00 
              00 00 00 
              00 00 00 
              00 00 00 
              00 00 00 
              00 00 00 
              00 00 00 
              00 00 00 
              00 00 00 
              00 00 00 
              00 00 00 
              00 00 00 
              00 00 00 
              00 00 00 
              00 00 00 
              00 00 00 
              00 00 00 
              00 00 00 
              00 00 00 
              00 00 00 
              00 00 00 
              00 00 00 
              00 00 00 
              00 00 00 
              00 00 00 
              00 00 00 
              00 00 00 



ARM Macro Assembler    Page 6 


              00 00 00 
              00 00 00 
              00 00 00 
              00 00 00 
              00 00 00 
              00 00 00 
              00 00 00 
              00 00 00 
              00 00 00 
              00 00 00 
              00 00 00 
              00 00 00 
              00 00 00 
              00 00 00 
              00 00 00 
              00 00 00 
              00 00 00 
              00 00 00 
              00 00 00 
              00 00 00 
              00 00 00 
              00 00 00 
              00 00 00 
              00 00 00 
              00 00 00 
              00 00 00 
              00 00 00 
              00 00 00 
              00 00 00 
              00 00 00 
              00 00 00 
              00 00 00 
              00 00 00 
              00 00 00 
              00 00 00 
              00 00 00 
              00 00 00 
              00 00 00 
              00 00 00 
              00 00 00 
              00 00 00 
              00 00 00 
              00 00 00 
              00 00 00 
              00 00 00 
              00 00 00 
              00 00 00 
              00 00 00 
              00 00 00 
              00 00 00 
              00 00 00 
              00 00 00 
              00 00 00 
              00 00 00 
              00 00 00 
              00 00 00 
              00 00 00 
              00 00 00 
              00 00 00 



ARM Macro Assembler    Page 7 


              00 00 00 
              00 00 00 
              00 00 00 
              00 00 00 
              00 00 00 
              00 00 00 
              00 00 00 
              00 00 00 
              00 00 00 
              00 00 00 
              00 00 00 
              00 00 00 
              00 00 00 
              00 00 00 
              00 00 00 
              00 00 00 
              00 00 00 
              00 00 00 
              00 00 00 
              00 00 00 
              00 00 00 
              00 00 00 
              00 00 00 
              00 00 00 
              00 00 00 
              00 00 00 
              00 00 00 
              00 00 00 
              00 00 00 
              00 00 00 
              00 00 00 
              00 00 00 
              00 00 00 
              00 00 00 
              00 00 00 
              00 00 00 
              00 00 00 
              00 00 00 
              00 00 00 
              00 00 00 
              00 00 00 
              00 00 00 
              00 00 00 
              00 00 00 
              00 00 00 
              00 00 00 
              00 00 00 
              00 00 00 
              00 00 00 
              00 00 00 
              00 00 00 
              00 00 00 
              00 00 00 
              00 00 00 
              00 00 00 
              00 00 00 
              00 00 00 
              00 00 00 
              00 00 00 



ARM Macro Assembler    Page 8 


              00 00 00 
              00 00 00 
              00 00 00 
              00 00 00 
              00 00 00 
              00 00 00 
              00 00 00 
              00 00 00 
              00 00 00 
              00 00 00 
              00 00 00 
              00 00 00 
              00 00 00 
              00 00 00 
              00 00 00 
              00 00 00 
              00 00 00 
              00 00 00 
              00 00 00 
              00 00 00 
              00 00 00 
              00 00 00 
              00 00 00 
              00 00 00 
              00 00 00 
              00 00 00 
              00 00 00 
              00 00 00 
              00 00 00 
              00 00 00 
              00 00 00 
              00 00 00 
              00 00 00 
              00 00 00 
              00 00 00 
              00 00 00 
              00 00 00 
              00 00 00 
              00 00 00 
              00 00 00 
              00 00 00 
              00 00 00 
              00 00 00 
              00 00 00 
              00 00 00 
              00 00 00 
              00 00 00 
              00 00 00 
              00 00 00 
              00 00 00 
              00 00 00 
              00 00 00 
              00 00 00 
              00 00 00 
              00 00 00 
              00 00 00 
              00 00 00 
              00 00 00 
              00 00 00 



ARM Macro Assembler    Page 9 


              00 00 00 
              00 00 00 
              00 00 00 
              00 00 00 
              00 00 00 
              00 00 00 
              00 00 00 
              00 00 00 
              00 00 00 
              00 00 00 
              00 00 00 
              00 00 00 
              00 00 00 
              00 00 00 
              00 00 00 
              00 00 00 
              00 00 00 
              00 00 00 
              00 00 00 
              00 00 00 
              00 00 00 
              00 00 00 
              00 00 00 
              00 00 00 
              00 00 00 
              00 00 00 
              00 00 00 
              00 00 00 
              00 00 00 
              00 00 00 
              00 00 00 
              00 00 00 
              00 00 00 
              00 00 00 
              00 00 00 
              00 00 00 
              00 00 00 
              00 00 00 
              00 00 00 
              00 00 00 
              00 00 00 
              00 00 00 
              00 00 00 
              00 00 00 
              00 00 00 
              00 00 00 
              00 00 00 
              00 00 00 
              00 00 00 
              00 00 00 
              00 00 00 
              00 00 00 
              00 00 00 
              00 00 00 
              00 00 00 
              00 00 00 
              00 00 00 
              00 00 00 
              00 00 00 



ARM Macro Assembler    Page 10 


              00 00 00 
              00 00 00 
              00 00 00 
              00 00 00 
              00 00 00 
              00 00 00 
              00 00 00 
              00 00 00 
              00 00 00 
              00 00 00 
              00 00 00 
              00 00 00 
              00 00 00 
              00 00 00 
              00 00 00 
              00 00 00 
              00 00 00 
              00 00 00 
              00 00 00 
              00 00 00 
              00 00 00 
              00 00 00 
              00 00 00 
              00 00 00 
              00 00 00 
              00 00 00 
              00 00 00 
              00 00 00 
              00 00 00 
              00 00 00 
              00 00 00 
              00 00 00 
              00 00 00 
              00 00 00 
              00 00 00 
              00 00 00 
              00 00 00 
              00 00 00 
              00 00 00 
              00 00 00 
              00 00 00 
              00 00 00 
              00 00 00 
              00 00 00 
              00 00 00 
              00 00 00 
              00 00 00 
              00 00 00 
              00 00 00 
              00 00 00 
              00 00 00 
              00 00 00 
              00 00 00 
              00 00 00 
              00 00 00 
              00 00 00 
              00 00 00 
              00 00 00 
              00 00 00 



ARM Macro Assembler    Page 11 


              00 00 00 
              00 00 00 
              00 00 00 
              00 00 00 
              00 00 00 
              00 00 00 
              00 00 00 
              00 00 00 
              00 00 00 
              00 00 00 
              00 00 00 
              00 00 00 
              00 00 00 
              00 00 00 
              00 00 00 
              00 00 00 
              00 00 00 
              00 00 00 
              00 00 00 
              00 00 00 
              00 00 00 
              00 00 00 
              00 00 00 
              00 00 00 
              00 00 00 
              00 00 00 
              00 00 00 
              00 00 00 
              00 00 00 
              00 00 00 
              00 00 00 
              00 00 00 
              00 00 00 
              00 00 00 
              00 00 00 
              00 00 00 
              00 00 00 
              00 00 00 
              00 00 00 
              00 00 00 
              00 00 00 
              00 00 00 
              00 00 00 
              00 00 00 
              00 00 00 
              00 00 00 
              00 00 00 
              00 00 00 
              00 00 00 
              00 00 00 
              00 00 00 
              00 00 00 
              00 00 00 
              00 00 00 
              00 00 00 
              00 00 00 
              00 00 00 
              00 00 00 
              00 00 00 



ARM Macro Assembler    Page 12 


              00 00 00 
              00 00 00 
              00 00 00 
              00 00 00 
              00 00 00 
              00 00 00 
              00 00 00 
              00 00 00 
              00 00 00 
              00 00 00 
              00 00 00 
              00 00 00 
              00 00 00 
              00 00 00 
              00 00 00 
              00 00 00 
              00 00 00 
              00 00 00 
              00 00 00 
              00 00 00 
              00 00 00 
              00 00 00 
              00 00 00 
              00 00 00 
              00 00 00 
              00 00 00 
              00 00 00 
              00 00 00 
              00 00 00 
              00 00 00 
              00 00 00 
              00 00 00 
              00 00 00 
              00 00 00 
              00 00 00 
              00 00 00 
              00 00 00 
              00 00 00 
              00 00 00 
              00 00 00 
              00 00 00 
              00 00 00 
              00 00 00 
              00 00 00 
              00 00 00 
              00 00 00 
              00 00 00 
              00 00 00 
              00 00 00 
              00 00 00 
              00 00 00 
              00 00 00 
              00 00 00 
              00 00 00 
              00 00 00 
              00 00 00 
              00 00 00 
              00 00 00 
              00 00 00 



ARM Macro Assembler    Page 13 


              00 00 00 
              00 00 00 
              00 00 00 
              00 00 00 
              00 00 00 
              00 00 00 
              00 00 00 
              00 00 00 
              00 00 00 
              00 00 00 
              00 00 00 
              00 00 00 
              00 00 00 
              00 00 00 
              00 00 00 
              00 00 00 
              00 00 00 
              00 00 00 
              00 00 00 
              00 00 00 
              00 00 00 
              00 00 00 
              00 00 00 
              00 00 00 
              00 00 00 
              00 00 00 
              00 00 00 
              00 00 00 
              00 00 00 
              00 00 00 
              00 00 00 
              00 00 00 
              00 00 00 
              00 00 00 
              00 00 00 
              00 00 00 
              00 00 00 
              00 00 00 
              00 00 00 
              00 00 00 
              00 00 00 
              00 00 00 
              00 00 00 
              00 00 00 
              00 00 00 
              00 00 00 
              00 00 00 
              00 00 00 
              00 00 00 
              00 00 00 
              00 00 00 
              00 00 00 
              00 00 00 
              00 00 00 
              00 00 00 
              00 00 00 
              00 00 00 
              00 00 00 
              00 00 00 



ARM Macro Assembler    Page 14 


              00 00 00 
              00 00 00 
              00 00 00 
              00 00 00 
              00 00 00 
              00 00 00 
              00 00 00 
              00 00 00 
              00 00 00 
              00 00 00 
              00 00 00 
              00 00 00 
              00 00 00 
              00 00 00 
              00 00 00 
              00 00 00 
              00 00 00 
              00 00 00 
              00 00 00 
              00 00 00 
              00 00 00 
              00 00 00 
              00 00 00 
              00 00 00 
              00 00 00 
              00 00 00 
              00 00 00 
              00 00 00 
              00 00 00 
              00 00 00 
              00 00 00 
              00 00 00 
              00 00 00 
              00 00 00 
              00 00 00 
              00 00 00 
              00 00 00 
              00 00 00 
              00 00 00 
              00 00 00 
              00 00 00 
              00 00 00 
              00 00 00 
              00 00 00 
              00 00 00 
              00 00 00 
              00 00 00 
              00 00 00 
              00 00 00 
              00 00 00 
              00 00 00 
              00 00 00 
              00 00 00 
              00 00 00 
              00 00 00 
              00 00 00 
              00 00 00 
              00 00 00 
              00 00 00 



ARM Macro Assembler    Page 15 


              00 00 00 
              00 00 00 
              00 00 00 
              00 00 00 
              00 00 00 
              00 00 00 
              00 00 00 
              00 00 00 
              00 00 00 
              00 00 00 
              00 00 00 
              00 00 00 
              00 00 00 
              00 00 00 
              00 00 00 
              00 00 00 
              00 00 00 
              00 00 00 
              00 00 00 
              00 00 00 
              00 00 00 
              00 00 00 
              00 00 00 
              00 00 00 
              00 00 00 
              00 00 00 
              00 00 00 
              00 00 00 
              00 00 00 
              00 00 00 
              00 00 00 
              00 00 00 
              00 00 00 
              00 00 00 
              00 00 00 
              00 00 00 
              00 00 00 
              00 00 00 
              00 00 00 
              00 00 00 
              00 00 00 
              00 00 00 
              00 00 00 
              00 00 00 
              00 00 00 
              00 00 00 
              00 00 00 
              00 00 00 
              00 00 00 
              00 00 00 
              00 00 00 
              00 00 00 
              00 00 00 
              00 00 00 
              00 00 00 
              00 00 00 
              00 00 00 
              00 00 00 
              00 00 00 



ARM Macro Assembler    Page 16 


              00 00 00 
              00 00 00 
              00 00 00 
              00 00 00 
              00 00 00 
              00 00 00 
              00 00 00 
              00 00 00 
              00 00 00 
              00 00 00 
              00 00 00 
              00 00 00 
              00 00 00 
              00 00 00 
              00 00 00 
              00 00 00 
              00 00 00 
              00 00 00 
              00 00 00 
              00 00 00 
              00 00 00 
              00 00 00 
              00 00 00 
              00 00 00 
              00 00 00 
              00 00 00 
              00 00 00 
              00 00 00 
              00 00 00 
              00 00 00 
              00 00 00 
              00 00 00 
              00 00 00 
              00 00 00 
              00 00 00 
              00 00 00 
              00 00 00 
              00 00 00 
              00 00 00 
              00 00 00 
              00 00 00 
              00 00 00 
              00 00 00 
              00 00 00 
              00 00 00 
              00 00 00 
              00 00 00 
              00 00 00 
              00 00 00 
              00 00 00 
              00 00 00 
              00 00 00 
              00 00 00 
              00 00 00 
              00 00 00 
              00 00 00 
              00 00 00 
              00 00 00 
              00 00 00 



ARM Macro Assembler    Page 17 


              00 00 00 
              00 00 00 
              00 00 00 
              00 00 00 
              00 00 00 
              00 00 00 
              00 00 00 
              00 00 00 
              00 00 00 
              00 00 00 
              00 00 00 
              00 00 00 
              00 00 00 
              00 00 00 
              00 00 00 
              00 00 00 
              00 00 00 
              00 00 00 
              00 00 00 
              00 00 00 
              00 00 00 
              00 00 00 
              00 00 00 
              00 00 00 
              00 00 00 
              00 00 00 
              00 00 00 
              00 00 00 
              00 00 00 
              00 00 00 
              00 00 00 
              00 00 00 
              00 00 00 
              00 00 00 
              00 00 00 
              00 00 00 
              00 00 00 
              00 00 00 
              00 00 00 
              00 00 00 
              00 00 00 
              00 00 00 
              00 00 00 
              00 00 00 
              00 00 00 
              00 00 00 
              00 00 00 
              00 00 00 
              00 00 00 
              00 00 00 
              00 00 00 
              00 00 00 
              00 00 00 
              00 00 00 
              00 00 00 
              00 00 00 
              00 00 00 
              00 00 00 
              00 00 00 



ARM Macro Assembler    Page 18 


              00 00 00 
              00 00 00 
              00 00 00 
              00 00 00 
              00 00 00 
              00 00 00 
              00 00 00 
              00 00 00 
              00 00 00 
              00 00 00 
              00 00 00 
              00 00 00 
              00 00 00 
              00 00 00 
              00 00 00 
              00 00 00 
              00 00 00 
              00 00 00 
              00 00 00 
              00 00 00 
              00 00 00 
              00 00 00 
              00 00 00 
              00 00 00 
              00 00 00 
              00 00 00 
              00 00 00 
              00 00 00 
              00 00 00 
              00 00 00 
              00 00 00 
              00 00 00 
              00 00 00 
              00 00 00 
              00 00 00 
              00 00 00 
              00 00 00 
              00 00 00 
              00 00 00 
              00 00 00 
              00 00 00 
              00 00 00 
              00 00 00 
              00 00 00 
              00 00 00 
              00 00 00 
              00 00 00 
              00 00 00 
              00 00 00 
              00 00 00 
              00 00 00 
              00 00 00 
              00 00 00 
              00 00 00 
              00 00 00 
              00 00 00 
              00 00 00 
              00 00 00 
              00 00 00 



ARM Macro Assembler    Page 19 


              00 00 00 
              00 00 00 
              00 00 00 
              00 00 00 
              00 00 00 
              00 00 00 
              00 00 00 
              00 00 00 
              00 00 00 
              00 00 00 
              00 00 00 
              00 00 00 
              00 00 00 
              00 00 00 
              00 00 00 
              00 00 00 
              00 00 00 
              00 00 00 
              00 00 00 
              00 00 00 
              00 00 00 
              00 00 00 
              00 00 00 
              00 00 00 
              00 00 00 
              00 00 00 
              00 00 00 
              00 00 00 
              00 00 00 
              00 00 00 
              00 00 00 
              00 00 00 
              00 00 00 
              00 00 00 
              00 00 00 
              00 00 00 
              00 00 00 
              00 00 00 
              00 00 00 
              00 00 00 
              00 00 00 
              00 00 00 
              00 00 00 
              00 00 00 
              00 00 00 
              00 00 00 
              00 00 00 
              00 00 00 
              00 00 00 
              00 00 00 
              00 00 00 
              00 00 00 
              00 00 00 
              00 00 00 
              00 00 00 
              00 00 00 
              00 00 00 
              00 00 00 
              00 00 00 



ARM Macro Assembler    Page 20 


              00 00 00 
              00 00 00 
              00 00 00 
              00 00 00 
              00 00 00 
              00 00 00 
              00 00 00 
              00 00 00 
              00 00 00 
              00 00 00 
              00 00 00 
              00 00 00 
              00 00 00 
              00 00 00 
              00 00 00 
              00 00 00 
              00 00 00 
              00 00 00 
              00 00 00 
              00 00 00 
              00 00 00 
              00 00 00 
              00 00 00 
              00 00 00 
              00 00 00 
              00 00 00 
              00 00 00 
              00 00 00 
              00 00 00 
              00 00 00 
              00 00 00 
              00 00 00 
              00 00 00 
              00 00 00 
              00 00 00 
              00 00 00 
              00 00 00 
              00 00 00 
              00 00 00 
              00 00 00 
              00 00 00 
              00 00 00 
              00 00 00 
              00 00 00 
              00 00 00 
              00 00 00 
              00 00 00 
              00 00 00 
              00 00 00 
              00 00 00 
              00 00 00 
              00 00 00 
              00 00 00 
              00 00 00 
              00 00 00 
              00 00 00 
              00 00 00 
              00 00 00 
              00 00 00 



ARM Macro Assembler    Page 21 


              00 00 00 
              00 00 00 
              00 00 00 
              00 00 00 
              00 00 00 
              00 00 00 
              00 00 00 
              00 00 00 
              00 00 00 
              00 00 00 
              00 00 00 
              00 00 00 
              00 00 00 
              00 00 00 
              00 00 00 
              00 00 00 
              00 00 00 
              00 00 00 
              00 00 00 
              00 00 00 
              00 00 00 
              00 00 00 
              00 00 00 
              00 00 00 
              00 00 00 
              00 00 00 
              00 00 00 
              00 00 00 
              00 00 00 
              00 00 00 
              00 00 00 
              00 00 00 
              00 00 00 
              00 00 00 
              00 00 00 
              00 00 00 
              00 00 00 
              00 00 00 
              00 00 00 
              00 00 00 
              00 00 00 
              00 00 00 
              00 00 00 
              00 00 00 
              00 00 00 
              00 00 00 
              00 00 00 
              00 00 00 
              00 00 00 
              00 00 00 
              00 00 00 
              00 00 00 
              00 00 00 
              00 00 00 
              00 00 00 
              00 00 00 
              00 00 00 
              00 00 00 
              00 00 00 



ARM Macro Assembler    Page 22 


              00 00 00 
              00 00 00 
              00 00 00 
              00 00 00 
              00 00 00 
              00 00 00 
              00 00 00 
              00 00 00 
              00 00 00 
              00 00 00 
              00 00 00 
              00 00 00 
              00 00 00 
              00 00 00 
              00 00 00 
              00 00 00 
              00 00 00 
              00 00 00 
              00 00 00 
              00 00 00 
              00 00 00 
              00 00 00 
              00 00 00 
              00 00 00 
              00 00 00 
              00 00 00 
              00 00 00 
              00 00 00 
              00 00 00 
              00 00 00 
              00 00 00 
              00 00 00 
              00 00 00 
              00 00 00 
              00 00 00 
              00 00 00 
              00 00 00 
              00 00 00 
              00 00 00 
              00 00 00 
              00 00 00 
              00 00 00 
              00 00 00 
              00 00 00 
              00 00 00 
              00 00 00 
              00 00 00 
              00 00 00 
              00 00 00 
              00 00 00 
              00 00 00 
              00 00 00 
              00 00 00 
              00 00 00 
              00 00 00 
              00 00 00 
              00 00 00 
              00 00 00 
              00 00 00 



ARM Macro Assembler    Page 23 


              00 00 00 
              00 00 00 
              00 00 00 
              00 00 00 
              00 00 00 
              00 00 00 
              00 00 00 
              00 00 00 
              00 00 00 
              00 00 00 
              00 00 00 
              00 00 00 
              00 00 00 
              00 00 00 
              00 00 00 
              00 00 00 
              00 00 00 
              00 00 00 
              00 00 00 
              00 00 00 
              00 00 00 
              00 00 00 
              00 00 00 
              00 00 00 
              00 00 00 
              00 00 00 
              00 00 00 
              00 00 00 
              00 00 00 
              00 00 00 
              00 00 00 
              00 00 00 
              00 00 00 
              00 00 00 
              00 00 00 
              00 00 00 
              00 00 00 
              00 00 00 
              00 00 00 
              00 00 00 
              00 00 00 
              00 00 00 
              00 00 00 
              00 00 00 
              00 00 00 
              00 00 00 
              00 00 00 
              00 00 00 
              00 00 00 
              00 00 00 
              00 00 00 
              00 00 00 
              00 00 00 
              00 00 00 
              00 00 00 
              00 00 00 
              00 00 00 
              00 00 00 
              00 00 00 



ARM Macro Assembler    Page 24 


              00 00 00 
              00 00 00 
              00 00 00 
              00 00 00 
              00 00 00 
              00 00 00 
              00 00 00 
              00 00 00 
              00 00 00 
              00 00 00 
              00 00 00 
              00 00 00 
              00 00 00 
              00 00 00 
              00 00 00 
              00 00 00 
              00 00 00 
              00 00 00 
              00 00 00 
              00 00 00 
              00 00 00 
              00 00 00 
              00 00 00 
              00 00 00 
              00 00 00 
              00 00 00 
              00 00 00 
              00 00 00 
              00 00 00 
              00 00 00 
              00 00 00 
              00 00 00 
              00 00 00 
              00 00 00 
              00 00 00 
              00 00 00 
              00 00 00 
              00 00 00 
              00 00 00 
              00 00 00 
              00 00 00 
              00 00 00 
              00 00 00 
              00 00 00 
              00 00 00 
              00 00 00 
              00 00 00 
              00 00 00 
              00 00 00 
              00 00 00 
              00 00 00 
              00 00 00 
              00 00 00 
              00 00 00 
              00 00 00 
              00 00 00 
              00 00 00 
              00 00 00 
              00 00 00 



ARM Macro Assembler    Page 25 


              00 00 00 
              00 00 00 
              00 00 00 
              00 00 00 
              00 00 00 
              00 00 00 
              00 00 00 
              00 00 00 
              00 00 00 
              00 00 00 
              00 00 00 
              00 00 00 
              00 00 00 
              00 00 00 
              00 00 00 
              00 00 00 
              00 00 00 
              00 00 00 
              00 00 00 
              00 00 00 
              00 00 00 
              00 00 00 
              00 00 00 
              00 00 00 
              00 00 00 
              00 00 00 
              00 00 00 
              00 00 00 
              00 00 00 
              00 00 00 
              00 00 00 
              00 00 00 
              00 00 00 
              00 00 00 
              00 00 00 
              00 00 00 
              00 00 00 
              00 00 00 
              00 00 00 
              00 00 00 
              00 00 00 
              00 00 00 
              00 00 00 
              00 00 00 
              00 00 00 
              00 00 00 
              00 00 00 
              00 00 00 
              00 00 00 
              00 00 00 
              00 00 00 
              00 00 00 
              00 00 00 
              00 00 00 
              00 00 00 
              00 00 00 
              00 00 00 
              00 00 00 
              00 00 00 



ARM Macro Assembler    Page 26 


              00 00 00 
              00 00 00 
              00 00 00 
              00 00 00 
              00 00 00 
              00 00 00 
              00 00 00 
              00 00 00 
              00 00 00 
              00 00 00 
              00 00 00 
              00 00 00 
              00 00 00 
              00 00 00 
              00 00 00 
              00 00 00 
              00 00 00 
              00 00 00 
              00 00 00 
              00 00 00 
              00 00 00 
              00 00 00 
              00 00 00 
              00 00 00 
              00 00 00 
              00 00 00 
              00 00 00 
              00 00 00 
              00 00 00 
              00 00 00 
              00 00 00 
              00 00 00 
              00 00 00 
              00 00 00 
              00 00 00 
              00 00 00 
              00 00 00 
              00 00 00 
              00 00 00 
              00 00 00 
              00 00 00 
              00 00 00 
              00 00 00 
              00 00 00 
              00 00 00 
              00 00 00 
              00 00 00 
              00 00 00 
              00 00 00 
              00 00 00 
              00 00 00 
              00 00 00 
              00 00 00 
              00 00 00 
              00 00 00 
              00 00 00 
              00 00 00 
              00 00 00 
              00 00 00 



ARM Macro Assembler    Page 27 


              00 00 00 
              00 00 00 
              00 00 00 
              00 00 00 
              00 00 00 
              00 00 00 
              00 00 00 
              00 00 00 
              00 00 00 
              00 00 00 
              00 00 00 
              00 00 00 
              00 00 00 
              00 00 00 
              00 00 00 
              00 00 00 
              00 00 00 
              00 00 00 
              00 00 00 
              00 00 00 
              00 00 00 
              00 00 00 
              00       qsee_apps_svc_stack_end
                               SPACE            0x1000
  149 00001048 DEADBEEF 
                       qsee_apps_svc_stack_start
                               DCD              0xdeadbeef
  150 0000104C                 END
Command Line: --debug --dwarf2 --diag_suppress=1480,1786,2523,1786,2523 --cpu=C
ortex-A7 --fpu=SoftVFP --apcs=/noswst/interwork -o/local/mnt/workspace/CRMBuild
s/TZ.BF.2.5.c10-00004-M8909AAAAANAZT-2_20161130_222454/b/trustzone_images/core/
securemsm/trustzone/qsee/kernel/build/tzbsp_no_xpu/cortexA7/MATAANAA/src/qsee_e
xception.o -I/local/mnt/workspace/CRMBuilds/TZ.BF.2.5.c10-00004-M8909AAAAANAZT-
2_20161130_222454/b/trustzone_images/core/securemsm/trustzone/qsee/kernel/build
 -I/local/mnt/workspace/CRMBuilds/TZ.BF.2.5.c10-00004-M8909AAAAANAZT-2_20161130
_222454/b/trustzone_images/build/cust -I. -I/local/mnt/workspace/CRMBuilds/TZ.B
F.2.5.c10-00004-M8909AAAAANAZT-2_20161130_222454/b/trustzone_images/core/secure
msm/trustzone/qsee/include -I/local/mnt/workspace/CRMBuilds/TZ.BF.2.5.c10-00004
-M8909AAAAANAZT-2_20161130_222454/b/trustzone_images/core/api/services -I/local
/mnt/workspace/CRMBuilds/TZ.BF.2.5.c10-00004-M8909AAAAANAZT-2_20161130_222454/b
/trustzone_images/core/api/rapi/services/inc -I/local/mnt/workspace/CRMBuilds/T
Z.BF.2.5.c10-00004-M8909AAAAANAZT-2_20161130_222454/b/trustzone_images/core/api
/dal -I/local/mnt/workspace/CRMBuilds/TZ.BF.2.5.c10-00004-M8909AAAAANAZT-2_2016
1130_222454/b/trustzone_images/core/api/systemdrivers -I/local/mnt/workspace/CR
MBuilds/TZ.BF.2.5.c10-00004-M8909AAAAANAZT-2_20161130_222454/b/trustzone_images
/core/api/systemdrivers/pmic -I/local/mnt/workspace/CRMBuilds/TZ.BF.2.5.c10-000
04-M8909AAAAANAZT-2_20161130_222454/b/trustzone_images/core/api/systemdrivers/h
wio/msm8909w -I/local/mnt/workspace/CRMBuilds/TZ.BF.2.5.c10-00004-M8909AAAAANAZ
T-2_20161130_222454/b/trustzone_images/core/api/systemdrivers/hwio/msm8909w/phy
s -I/local/mnt/workspace/CRMBuilds/TZ.BF.2.5.c10-00004-M8909AAAAANAZT-2_2016113
0_222454/b/trustzone_images/core/kernel/lk/kernel/inc -I/local/mnt/workspace/CR
MBuilds/TZ.BF.2.5.c10-00004-M8909AAAAANAZT-2_20161130_222454/b/trustzone_images
/core/kernel/lk/arch/inc -I/local/mnt/workspace/CRMBuilds/TZ.BF.2.5.c10-00004-M
8909AAAAANAZT-2_20161130_222454/b/trustzone_images/core/kernel/lk/platform/inc 
-I/local/mnt/workspace/CRMBuilds/TZ.BF.2.5.c10-00004-M8909AAAAANAZT-2_20161130_
222454/b/trustzone_images/core/kernel/vmidmt/hal/inc -I/local/mnt/workspace/CRM
Builds/TZ.BF.2.5.c10-00004-M8909AAAAANAZT-2_20161130_222454/b/trustzone_images/
core/kernel/vmidmt/hal/inc/8909w -I/local/mnt/workspace/CRMBuilds/TZ.BF.2.5.c10
-00004-M8909AAAAANAZT-2_20161130_222454/b/trustzone_images/core/kernel/xpu2/hal



ARM Macro Assembler    Page 28 


/inc -I/local/mnt/workspace/CRMBuilds/TZ.BF.2.5.c10-00004-M8909AAAAANAZT-2_2016
1130_222454/b/trustzone_images/core/kernel/xpu2/hal/inc/8909w -I/local/mnt/work
space/CRMBuilds/TZ.BF.2.5.c10-00004-M8909AAAAANAZT-2_20161130_222454/b/trustzon
e_images/core/kernel/mmu/inc -I/local/mnt/workspace/CRMBuilds/TZ.BF.2.5.c10-000
04-M8909AAAAANAZT-2_20161130_222454/b/trustzone_images/core/kernel/hypervisor/i
nc -I/local/mnt/workspace/CRMBuilds/TZ.BF.2.5.c10-00004-M8909AAAAANAZT-2_201611
30_222454/b/trustzone_images/core/kernel/hypervisor/inc/8909w -I/local/mnt/work
space/CRMBuilds/TZ.BF.2.5.c10-00004-M8909AAAAANAZT-2_20161130_222454/b/trustzon
e_images/core/kernel/smmu/smmu500 -I/local/mnt/workspace/CRMBuilds/TZ.BF.2.5.c1
0-00004-M8909AAAAANAZT-2_20161130_222454/b/trustzone_images/core/kernel/smmu/sm
mu500/8909w/tz -I/local/mnt/workspace/CRMBuilds/TZ.BF.2.5.c10-00004-M8909AAAAAN
AZT-2_20161130_222454/b/trustzone_images/core/systemdrivers/busywait/inc -I/loc
al/mnt/workspace/CRMBuilds/TZ.BF.2.5.c10-00004-M8909AAAAANAZT-2_20161130_222454
/b/trustzone_images/core/systemdrivers/clk/inc -I/local/mnt/workspace/CRMBuilds
/TZ.BF.2.5.c10-00004-M8909AAAAANAZT-2_20161130_222454/b/trustzone_images/core/s
ystemdrivers/hal/qgic/inc -I/local/mnt/workspace/CRMBuilds/TZ.BF.2.5.c10-00004-
M8909AAAAANAZT-2_20161130_222454/b/trustzone_images/core/securemsm/unifiedcrypt
o/shared/sha/src -I/local/mnt/workspace/CRMBuilds/TZ.BF.2.5.c10-00004-M8909AAAA
ANAZT-2_20161130_222454/b/trustzone_images/core/securemsm/unifiedcrypto/shared/
sha/inc -I/local/mnt/workspace/CRMBuilds/TZ.BF.2.5.c10-00004-M8909AAAAANAZT-2_2
0161130_222454/b/trustzone_images/core/securemsm/unifiedcrypto/environment/inc 
-I/local/mnt/workspace/CRMBuilds/TZ.BF.2.5.c10-00004-M8909AAAAANAZT-2_20161130_
222454/b/trustzone_images/core/securemsm/unifiedcrypto/core/sha/inc -I/local/mn
t/workspace/CRMBuilds/TZ.BF.2.5.c10-00004-M8909AAAAANAZT-2_20161130_222454/b/tr
ustzone_images/core/securemsm/cryptodrivers/ce/shared/inc -I/local/mnt/workspac
e/CRMBuilds/TZ.BF.2.5.c10-00004-M8909AAAAANAZT-2_20161130_222454/b/trustzone_im
ages/core/securemsm/trustzone/qsee/include -I/local/mnt/workspace/CRMBuilds/TZ.
BF.2.5.c10-00004-M8909AAAAANAZT-2_20161130_222454/b/trustzone_images/core/secur
emsm/trustzone/qsee/arch/armv7/include -I/local/mnt/workspace/CRMBuilds/TZ.BF.2
.5.c10-00004-M8909AAAAANAZT-2_20161130_222454/b/trustzone_images/core/securemsm
/secmath/shared/inc -I/local/mnt/workspace/CRMBuilds/TZ.BF.2.5.c10-00004-M8909A
AAAANAZT-2_20161130_222454/b/trustzone_images/core/securemsm/secrsa/shared/inc 
-I/local/mnt/workspace/CRMBuilds/TZ.BF.2.5.c10-00004-M8909AAAAANAZT-2_20161130_
222454/b/trustzone_images/core/securemsm/secrsa/shared/src -I/local/mnt/workspa
ce/CRMBuilds/TZ.BF.2.5.c10-00004-M8909AAAAANAZT-2_20161130_222454/b/trustzone_i
mages/core/securemsm/secboot/api -I/local/mnt/workspace/CRMBuilds/TZ.BF.2.5.c10
-00004-M8909AAAAANAZT-2_20161130_222454/b/trustzone_images/core/securemsm/trust
zone/qsee/arch/msm8909/cfg/mmu -I/local/mnt/workspace/CRMBuilds/TZ.BF.2.5.c10-0
0004-M8909AAAAANAZT-2_20161130_222454/b/trustzone_images/core/securemsm/trustzo
ne/qsee/arch/msm8909/src -I/local/mnt/workspace/CRMBuilds/TZ.BF.2.5.c10-00004-M
8909AAAAANAZT-2_20161130_222454/b/trustzone_images/core/securemsm/trustzone/qse
e/arch/common/inc -I/local/mnt/workspace/CRMBuilds/TZ.BF.2.5.c10-00004-M8909AAA
AANAZT-2_20161130_222454/b/trustzone_images/core/securemsm/trustzone/qsee/servi
ces/ks/inc -I/local/mnt/workspace/CRMBuilds/TZ.BF.2.5.c10-00004-M8909AAAAANAZT-
2_20161130_222454/b/trustzone_images/core/securemsm/trustzone/qsee/kernel/inc -
I/local/mnt/workspace/CRMBuilds/TZ.BF.2.5.c10-00004-M8909AAAAANAZT-2_20161130_2
22454/b/trustzone_images/core/securemsm/trustzone/qsee/sec_app/inc -I/local/mnt
/workspace/CRMBuilds/TZ.BF.2.5.c10-00004-M8909AAAAANAZT-2_20161130_222454/b/tru
stzone_images/core/securemsm/trustzone/qsee/services/elfloader/inc -I/local/mnt
/workspace/CRMBuilds/TZ.BF.2.5.c10-00004-M8909AAAAANAZT-2_20161130_222454/b/tru
stzone_images/core/securemsm/trustzone/qsee/services/external -I/local/mnt/work
space/CRMBuilds/TZ.BF.2.5.c10-00004-M8909AAAAANAZT-2_20161130_222454/b/trustzon
e_images/core/securemsm/trustzone/qsee/services/fuseprov/inc --list=/local/mnt/
workspace/CRMBuilds/TZ.BF.2.5.c10-00004-M8909AAAAANAZT-2_20161130_222454/b/trus
tzone_images/core/securemsm/trustzone/qsee/kernel/build/tzbsp_no_xpu/cortexA7/M
ATAANAA/src/qsee_exception.o.lst --sitelicense /local/mnt/workspace/CRMBuilds/T
Z.BF.2.5.c10-00004-M8909AAAAANAZT-2_20161130_222454/b/trustzone_images/core/sec
uremsm/trustzone/qsee/kernel/build/tzbsp_no_xpu/cortexA7/MATAANAA/src/qsee_exce
ption.o.i
