


ARM Macro Assembler    Page 1 


    1 00000000                 EXPORT           arch_enable_ints
    2 00000000                 EXPORT           arch_disable_ints
    3 00000000                 EXPORT           atomic_swap
    4 00000000                 EXPORT           atomic_add
    5 00000000                 EXPORT           atomic_and
    6 00000000                 EXPORT           atomic_or
    7 00000000                 EXPORT           arch_idle
    8 00000000                 AREA             ops_asm, CODE, ALIGN=2
    9 00000000                 CODE32
   10 00000000         arch_enable_ints
   11 00000000 E12FFF1E        bx               lr
   12 00000004         arch_disable_ints
   13 00000004 E12FFF1E        bx               lr
   14 00000008         atomic_swap
   15 00000008 E12FFF1E        bx               lr
   16 0000000C         atomic_add
   17 0000000C E12FFF1E        bx               lr
   18 00000010         atomic_and
   19 00000010 E12FFF1E        bx               lr
   20 00000014         atomic_or
   21 00000014 E12FFF1E        bx               lr
   22 00000018         arch_idle
   23 00000018 E12FFF1E        bx               lr
   24 0000001C                 END
Command Line: --debug --dwarf2 --diag_suppress=1786,2523 --cpu=Cortex-A7 --apcs
=/noswst/interwork -o/local/mnt/workspace/CRMBuilds/TZ.BF.2.5.c10-00004-M8909AA
AAANAZT-2_20161130_222454/b/trustzone_images/core/kernel/lk/build/tz/cortexA7/M
ATAANAA/arch/src/ops.o -I/local/mnt/workspace/CRMBuilds/TZ.BF.2.5.c10-00004-M89
09AAAAANAZT-2_20161130_222454/b/trustzone_images/core/kernel/lk/build -I/local/
mnt/workspace/CRMBuilds/TZ.BF.2.5.c10-00004-M8909AAAAANAZT-2_20161130_222454/b/
trustzone_images/build/cust -I. -I/local/mnt/workspace/CRMBuilds/TZ.BF.2.5.c10-
00004-M8909AAAAANAZT-2_20161130_222454/b/trustzone_images/core/securemsm/trustz
one/qsee/include -I/local/mnt/workspace/CRMBuilds/TZ.BF.2.5.c10-00004-M8909AAAA
ANAZT-2_20161130_222454/b/trustzone_images/core/buses/api/spmi -I/local/mnt/wor
kspace/CRMBuilds/TZ.BF.2.5.c10-00004-M8909AAAAANAZT-2_20161130_222454/b/trustzo
ne_images/core/buses/api/spi -I/local/mnt/workspace/CRMBuilds/TZ.BF.2.5.c10-000
04-M8909AAAAANAZT-2_20161130_222454/b/trustzone_images/core/buses/api/icb -I/lo
cal/mnt/workspace/CRMBuilds/TZ.BF.2.5.c10-00004-M8909AAAAANAZT-2_20161130_22245
4/b/trustzone_images/core/buses/api/i2c -I/local/mnt/workspace/CRMBuilds/TZ.BF.
2.5.c10-00004-M8909AAAAANAZT-2_20161130_222454/b/trustzone_images/core/api/dal 
-I/local/mnt/workspace/CRMBuilds/TZ.BF.2.5.c10-00004-M8909AAAAANAZT-2_20161130_
222454/b/trustzone_images/core/api/debugtools -I/local/mnt/workspace/CRMBuilds/
TZ.BF.2.5.c10-00004-M8909AAAAANAZT-2_20161130_222454/b/trustzone_images/core/ap
i/services -I/local/mnt/workspace/CRMBuilds/TZ.BF.2.5.c10-00004-M8909AAAAANAZT-
2_20161130_222454/b/trustzone_images/core/api/rapi/services/inc -I/local/mnt/wo
rkspace/CRMBuilds/TZ.BF.2.5.c10-00004-M8909AAAAANAZT-2_20161130_222454/b/trustz
one_images/core/api/systemdrivers -I/local/mnt/workspace/CRMBuilds/TZ.BF.2.5.c1
0-00004-M8909AAAAANAZT-2_20161130_222454/b/trustzone_images/core/api/systemdriv
ers/pmic -I/local/mnt/workspace/CRMBuilds/TZ.BF.2.5.c10-00004-M8909AAAAANAZT-2_
20161130_222454/b/trustzone_images/core/api/systemdrivers/hwio/msm8909w -I/loca
l/mnt/workspace/CRMBuilds/TZ.BF.2.5.c10-00004-M8909AAAAANAZT-2_20161130_222454/
b/trustzone_images/core/api/systemdrivers/hwio/msm8909w/phys -I/local/mnt/works
pace/CRMBuilds/TZ.BF.2.5.c10-00004-M8909AAAAANAZT-2_20161130_222454/b/trustzone
_images/core/api/securemsm -I/local/mnt/workspace/CRMBuilds/TZ.BF.2.5.c10-00004
-M8909AAAAANAZT-2_20161130_222454/b/trustzone_images/core/api/securemsm/crypto 
-I/local/mnt/workspace/CRMBuilds/TZ.BF.2.5.c10-00004-M8909AAAAANAZT-2_20161130_
222454/b/trustzone_images/core/api/securemsm/tzos -I/local/mnt/workspace/CRMBui
lds/TZ.BF.2.5.c10-00004-M8909AAAAANAZT-2_20161130_222454/b/trustzone_images/cor
e/api/rapi/securemsm/inc -I/local/mnt/workspace/CRMBuilds/TZ.BF.2.5.c10-00004-M



ARM Macro Assembler    Page 2 


8909AAAAANAZT-2_20161130_222454/b/trustzone_images/core/api/kernel -I/local/mnt
/workspace/CRMBuilds/TZ.BF.2.5.c10-00004-M8909AAAAANAZT-2_20161130_222454/b/tru
stzone_images/core/api/kernel/libstd -I/local/mnt/workspace/CRMBuilds/TZ.BF.2.5
.c10-00004-M8909AAAAANAZT-2_20161130_222454/b/trustzone_images/core/dal/framewo
rk/inc -I/local/mnt/workspace/CRMBuilds/TZ.BF.2.5.c10-00004-M8909AAAAANAZT-2_20
161130_222454/b/trustzone_images/core/dal/framework/sys/inc -I/local/mnt/worksp
ace/CRMBuilds/TZ.BF.2.5.c10-00004-M8909AAAAANAZT-2_20161130_222454/b/trustzone_
images/core/dal/config -I/local/mnt/workspace/CRMBuilds/TZ.BF.2.5.c10-00004-M89
09AAAAANAZT-2_20161130_222454/b/trustzone_images/core/debugtools/version/src -I
/local/mnt/workspace/CRMBuilds/TZ.BF.2.5.c10-00004-M8909AAAAANAZT-2_20161130_22
2454/b/trustzone_images/core/services/utils/src -I/local/mnt/workspace/CRMBuild
s/TZ.BF.2.5.c10-00004-M8909AAAAANAZT-2_20161130_222454/b/trustzone_images/core/
systemdrivers/busywait/inc -I/local/mnt/workspace/CRMBuilds/TZ.BF.2.5.c10-00004
-M8909AAAAANAZT-2_20161130_222454/b/trustzone_images/core/systemdrivers/clk/inc
 -I/local/mnt/workspace/CRMBuilds/TZ.BF.2.5.c10-00004-M8909AAAAANAZT-2_20161130
_222454/b/trustzone_images/core/systemdrivers/hal/qgic/inc -I/local/mnt/workspa
ce/CRMBuilds/TZ.BF.2.5.c10-00004-M8909AAAAANAZT-2_20161130_222454/b/trustzone_i
mages/core/securemsm/unifiedcrypto/shared/sha/src -I/local/mnt/workspace/CRMBui
lds/TZ.BF.2.5.c10-00004-M8909AAAAANAZT-2_20161130_222454/b/trustzone_images/cor
e/securemsm/unifiedcrypto/shared/sha/inc -I/local/mnt/workspace/CRMBuilds/TZ.BF
.2.5.c10-00004-M8909AAAAANAZT-2_20161130_222454/b/trustzone_images/core/securem
sm/unifiedcrypto/environment/inc -I/local/mnt/workspace/CRMBuilds/TZ.BF.2.5.c10
-00004-M8909AAAAANAZT-2_20161130_222454/b/trustzone_images/core/securemsm/unifi
edcrypto/core/sha/inc -I/local/mnt/workspace/CRMBuilds/TZ.BF.2.5.c10-00004-M890
9AAAAANAZT-2_20161130_222454/b/trustzone_images/core/securemsm/cryptodrivers/ce
/shared/inc -I/local/mnt/workspace/CRMBuilds/TZ.BF.2.5.c10-00004-M8909AAAAANAZT
-2_20161130_222454/b/trustzone_images/core/securemsm/trustzone/qsee/include -I/
local/mnt/workspace/CRMBuilds/TZ.BF.2.5.c10-00004-M8909AAAAANAZT-2_20161130_222
454/b/trustzone_images/core/securemsm/trustzone/qsee/arch/armv7/include -I/loca
l/mnt/workspace/CRMBuilds/TZ.BF.2.5.c10-00004-M8909AAAAANAZT-2_20161130_222454/
b/trustzone_images/core/securemsm/secmath/shared/inc -I/local/mnt/workspace/CRM
Builds/TZ.BF.2.5.c10-00004-M8909AAAAANAZT-2_20161130_222454/b/trustzone_images/
core/securemsm/secrsa/shared/inc -I/local/mnt/workspace/CRMBuilds/TZ.BF.2.5.c10
-00004-M8909AAAAANAZT-2_20161130_222454/b/trustzone_images/core/securemsm/secrs
a/shared/src -I/local/mnt/workspace/CRMBuilds/TZ.BF.2.5.c10-00004-M8909AAAAANAZ
T-2_20161130_222454/b/trustzone_images/core/securemsm/secboot/api -I/local/mnt/
workspace/CRMBuilds/TZ.BF.2.5.c10-00004-M8909AAAAANAZT-2_20161130_222454/b/trus
tzone_images/core/kernel/lk/kernel/inc -I/local/mnt/workspace/CRMBuilds/TZ.BF.2
.5.c10-00004-M8909AAAAANAZT-2_20161130_222454/b/trustzone_images/core/kernel/lk
/arch/inc -I/local/mnt/workspace/CRMBuilds/TZ.BF.2.5.c10-00004-M8909AAAAANAZT-2
_20161130_222454/b/trustzone_images/core/kernel/lk/platform/inc -I/local/mnt/wo
rkspace/CRMBuilds/TZ.BF.2.5.c10-00004-M8909AAAAANAZT-2_20161130_222454/b/trustz
one_images/core/kernel/vmidmt/hal/inc -I/local/mnt/workspace/CRMBuilds/TZ.BF.2.
5.c10-00004-M8909AAAAANAZT-2_20161130_222454/b/trustzone_images/core/kernel/vmi
dmt/hal/inc/8909w -I/local/mnt/workspace/CRMBuilds/TZ.BF.2.5.c10-00004-M8909AAA
AANAZT-2_20161130_222454/b/trustzone_images/core/kernel/xpu2/hal/inc -I/local/m
nt/workspace/CRMBuilds/TZ.BF.2.5.c10-00004-M8909AAAAANAZT-2_20161130_222454/b/t
rustzone_images/core/kernel/xpu2/hal/inc/8909w -I/local/mnt/workspace/CRMBuilds
/TZ.BF.2.5.c10-00004-M8909AAAAANAZT-2_20161130_222454/b/trustzone_images/core/k
ernel/mmu/inc -I/local/mnt/workspace/CRMBuilds/TZ.BF.2.5.c10-00004-M8909AAAAANA
ZT-2_20161130_222454/b/trustzone_images/core/kernel/hypervisor/inc -I/local/mnt
/workspace/CRMBuilds/TZ.BF.2.5.c10-00004-M8909AAAAANAZT-2_20161130_222454/b/tru
stzone_images/core/kernel/hypervisor/inc/8909w -I/local/mnt/workspace/CRMBuilds
/TZ.BF.2.5.c10-00004-M8909AAAAANAZT-2_20161130_222454/b/trustzone_images/core/k
ernel/smmu/smmu500 -I/local/mnt/workspace/CRMBuilds/TZ.BF.2.5.c10-00004-M8909AA
AAANAZT-2_20161130_222454/b/trustzone_images/core/kernel/smmu/smmu500/8909w/tz 
-I/local/mnt/workspace/CRMBuilds/TZ.BF.2.5.c10-00004-M8909AAAAANAZT-2_20161130_
222454/b/trustzone_images/core/securemsm/trustzone/qsee/kernel/inc -I/local/mnt
/workspace/CRMBuilds/TZ.BF.2.5.c10-00004-M8909AAAAANAZT-2_20161130_222454/b/tru



ARM Macro Assembler    Page 3 


stzone_images/core/securemsm/trustzone/qsee/include --list=/local/mnt/workspace
/CRMBuilds/TZ.BF.2.5.c10-00004-M8909AAAAANAZT-2_20161130_222454/b/trustzone_ima
ges/core/kernel/lk/build/tz/cortexA7/MATAANAA/arch/src/ops.o.lst --sitelicense 
/local/mnt/workspace/CRMBuilds/TZ.BF.2.5.c10-00004-M8909AAAAANAZT-2_20161130_22
2454/b/trustzone_images/core/kernel/lk/build/tz/cortexA7/MATAANAA/arch/src/ops.
o.i
