


ARM Macro Assembler    Page 1 


    1 00000000         ;-------------------------------------------------------
                       ------------------------
    2 00000000         ; SYSINI
    3 00000000         ; Version: 3.8 (experimental)
    4 00000000         ; CPU:     Cortex-A7
    5 00000000         ; Mode:    AArch32
    6 00000000         ;-------------------------------------------------------
                       ------------------------
    7 00000000         ;-------------------------------------------------------
                       ------------------------
    8 00000000                 AREA             RO, CODE, READONLY
    9 00000000                 ARM
   10 00000000         ; Export functions and global variables
   11 00000000                 EXPORT           a7_aarch32_sysini
   12 00000000                 PRESERVE8
   13 00000000         ;-------------------------------------------------------
                       ------------------------
   14 00000000         ;-------------------------------------------------------
                       ----------------
   15 00000000         ; a7_aarch32_sysini
   16 00000000         ; Inputs- None
   17 00000000         ; Description - This function initializes several implem
                       entation defined
   18 00000000         ; CPU registers. Fixes for several ARM errata are also a
                       pplied here.
   19 00000000         ;-------------------------------------------------------
                       ------------------------
   20 00000000         a7_aarch32_sysini
   21 00000000         ; ------------------------------------------------------
                       ---------------------
   22 00000000         ; Set SMP Bit -  must be set before caches and MMU are e
                       nabled
   23 00000000         ; ------------------------------------------------------
                       ---------------------
   24 00000000 EE110F30        MRC              p15, 0, r0, c1, c0, 1 ; Read Au
                                                            xiliary Control Reg
                                                            ister
   25 00000004 E3800040        ORR              r0, r0, #(0x1 << 6) 
                                                            ; Set SMP bit
   26 00000008 EE010F30        MCR              p15, 0, r0, c1, c0, 1 ; Write A
                                                            uxiliary Control Re
                                                            gister
   27 0000000C F57FF06F        ISB
   28 00000010 F57FF04F        DSB
   29 00000014         ; ------------------------------------------------------
                       ---------------------
   30 00000014         ; Disable Adv. SIMD & FP through Floating-point Exceptio
                       n Control register
   31 00000014         ; FPEXC
   32 00000014         ; ------------------------------------------------------
                       ---------------------
   33 00000014         ;MOV r0, #0
   34 00000014         ;VMSR FPEXC, r0; Write Floating-point Exception Control 
                       Register
   35 00000014         ;ISB
   36 00000014         ; ------------------------------------------------------
                       ---------------------
   37 00000014         ; Disable VFP / NEON, remove full access to CP 10/11 spa
                       ce



ARM Macro Assembler    Page 2 


   38 00000014         ; through CPACR register
   39 00000014         ; ------------------------------------------------------
                       ---------------------
   40 00000014 E3A00000        MOV              r0, #0
   41 00000018 EE010F50        MCR              p15, 0, r0, c1, c0, 2
   42 0000001C F57FF06F        ISB
   43 00000020         ; ------------------------------------------------------
                       ---------------------
   44 00000020         ; Enable non-secure access to coprocessors 10, 11 throug
                       h NSACR
   45 00000020         ; Non-Secure Access Control Register
   46 00000020         ; ------------------------------------------------------
                       ---------------------
   47 00000020         ; MRC p15, 0, r0, c1, c1, 2 ; Read Non-Secure Access Con
                       trol Register data
   48 00000020         ; MOV r1, #3<<10;
   49 00000020         ; BIC r0, r0, r1        ; Write 0b11 to bits 11:10
   50 00000020         ; MCR p15, 0, r0, c1, c1, 2 ; Write Non-Secure Access Co
                       ntrol Register data
   51 00000020         ; ------------------------------------------------------
                       ---------------------
   52 00000020         ; Disable Secure Invasive and Non-Invasive Debug
   53 00000020         ; through SDER - Secure Debug Enable Register
   54 00000020         ; This is a Restricted access register, meaning it exist
                       s only in the Secure
   55 00000020         ; state.
   56 00000020         ; This should ideally be set by Secure Monitor code
   57 00000020         ; ------------------------------------------------------
                       ---------------------
   58 00000020 EE110F31        MRC              p15, 0, R0, c1, c1, 1 
                                                            ; Read SDER into R0
                                                            
   59 00000024 E3C00003        BIC              R0, R0, #3  ; Disable bits [0] 
                                                            and [1]
   60 00000028 EE010F31        MCR              p15, 0, R0, c1, c1, 1 
                                                            ; Write R0 to SDER
   61 0000002C F57FF06F        ISB
   62 00000030         ; ------------------------------------------------------
                       --------------------
   63 00000030         ; Disable debugging through SDCR - Secure Debug Configur
                       ation Register
   64 00000030         ; ------------------------------------------------------
                       --------------------
   65 00000030         ;MRC p15, 0, R0, c1, c3, 1 ; Read SDCR into R0
   66 00000030         ;MOV R1, #3<<14
   67 00000030         ;BIC R0, R0, R1; Clear bits 14 and 15
   68 00000030         ;MOV R1, #1<<17
   69 00000030         ;BIC R0, R0, R1; Clear bit 17
   70 00000030         ;ORR R0, R0, #3<<20 ; Set bits 20 and 21
   71 00000030         ;MCR p15, 0, R0, c1, c3, 1 ; Write R0 to SDCR
   72 00000030         ;ISB
   73 00000030 F57FF04F        DSB
   74 00000034 F57FF06F        ISB                          ;Make sure all chan
                                                            ges are propagated 
                                                            before returning fr
                                                            om sysini
   75 00000038 E12FFF1E        BX               lr
   76 0000003C                 END                          ; End of sysini 
Command Line: --debug --dwarf2 --diag_suppress=1480,1786,2523 --cpu=Cortex-A7 -



ARM Macro Assembler    Page 3 


-fpu=SoftVFP --apcs=/noswst/interwork -o/local/mnt/workspace/CRMBuilds/TZ.BF.2.
5.c10-00004-M8909AAAAANAZT-2_20161130_222454/b/trustzone_images/core/securemsm/
trustzone/qsee/arch/common/build/tzbsp_no_xpu/cortexA7/MATAANAA/src/a7_aarch32_
sysini.o -I/local/mnt/workspace/CRMBuilds/TZ.BF.2.5.c10-00004-M8909AAAAANAZT-2_
20161130_222454/b/trustzone_images/core/securemsm/trustzone/qsee/arch/common/bu
ild -I/local/mnt/workspace/CRMBuilds/TZ.BF.2.5.c10-00004-M8909AAAAANAZT-2_20161
130_222454/b/trustzone_images/build/cust -I. -I/local/mnt/workspace/CRMBuilds/T
Z.BF.2.5.c10-00004-M8909AAAAANAZT-2_20161130_222454/b/trustzone_images/core/sec
uremsm/trustzone/qsee/include -I/local/mnt/workspace/CRMBuilds/TZ.BF.2.5.c10-00
004-M8909AAAAANAZT-2_20161130_222454/b/trustzone_images/core/api/boot -I/local/
mnt/workspace/CRMBuilds/TZ.BF.2.5.c10-00004-M8909AAAAANAZT-2_20161130_222454/b/
trustzone_images/core/api/boot/qfprom -I/local/mnt/workspace/CRMBuilds/TZ.BF.2.
5.c10-00004-M8909AAAAANAZT-2_20161130_222454/b/trustzone_images/core/api/secure
msm -I/local/mnt/workspace/CRMBuilds/TZ.BF.2.5.c10-00004-M8909AAAAANAZT-2_20161
130_222454/b/trustzone_images/core/api/securemsm/crypto -I/local/mnt/workspace/
CRMBuilds/TZ.BF.2.5.c10-00004-M8909AAAAANAZT-2_20161130_222454/b/trustzone_imag
es/core/api/securemsm/tzos -I/local/mnt/workspace/CRMBuilds/TZ.BF.2.5.c10-00004
-M8909AAAAANAZT-2_20161130_222454/b/trustzone_images/core/api/rapi/securemsm/in
c -I/local/mnt/workspace/CRMBuilds/TZ.BF.2.5.c10-00004-M8909AAAAANAZT-2_2016113
0_222454/b/trustzone_images/core/buses/api/spmi -I/local/mnt/workspace/CRMBuild
s/TZ.BF.2.5.c10-00004-M8909AAAAANAZT-2_20161130_222454/b/trustzone_images/core/
buses/api/spi -I/local/mnt/workspace/CRMBuilds/TZ.BF.2.5.c10-00004-M8909AAAAANA
ZT-2_20161130_222454/b/trustzone_images/core/buses/api/icb -I/local/mnt/workspa
ce/CRMBuilds/TZ.BF.2.5.c10-00004-M8909AAAAANAZT-2_20161130_222454/b/trustzone_i
mages/core/buses/api/i2c -I/local/mnt/workspace/CRMBuilds/TZ.BF.2.5.c10-00004-M
8909AAAAANAZT-2_20161130_222454/b/trustzone_images/core/api/dal -I/local/mnt/wo
rkspace/CRMBuilds/TZ.BF.2.5.c10-00004-M8909AAAAANAZT-2_20161130_222454/b/trustz
one_images/core/api/debugtools -I/local/mnt/workspace/CRMBuilds/TZ.BF.2.5.c10-0
0004-M8909AAAAANAZT-2_20161130_222454/b/trustzone_images/core/api/hwengines -I/
local/mnt/workspace/CRMBuilds/TZ.BF.2.5.c10-00004-M8909AAAAANAZT-2_20161130_222
454/b/trustzone_images/core/api/mproc -I/local/mnt/workspace/CRMBuilds/TZ.BF.2.
5.c10-00004-M8909AAAAANAZT-2_20161130_222454/b/trustzone_images/core/api/power 
-I/local/mnt/workspace/CRMBuilds/TZ.BF.2.5.c10-00004-M8909AAAAANAZT-2_20161130_
222454/b/trustzone_images/core/api/services -I/local/mnt/workspace/CRMBuilds/TZ
.BF.2.5.c10-00004-M8909AAAAANAZT-2_20161130_222454/b/trustzone_images/core/api/
rapi/services/inc -I/local/mnt/workspace/CRMBuilds/TZ.BF.2.5.c10-00004-M8909AAA
AANAZT-2_20161130_222454/b/trustzone_images/core/api/storage -I/local/mnt/works
pace/CRMBuilds/TZ.BF.2.5.c10-00004-M8909AAAAANAZT-2_20161130_222454/b/trustzone
_images/core/api/systemdrivers -I/local/mnt/workspace/CRMBuilds/TZ.BF.2.5.c10-0
0004-M8909AAAAANAZT-2_20161130_222454/b/trustzone_images/core/api/systemdrivers
/pmic -I/local/mnt/workspace/CRMBuilds/TZ.BF.2.5.c10-00004-M8909AAAAANAZT-2_201
61130_222454/b/trustzone_images/core/api/systemdrivers/hwio/msm8909w -I/local/m
nt/workspace/CRMBuilds/TZ.BF.2.5.c10-00004-M8909AAAAANAZT-2_20161130_222454/b/t
rustzone_images/core/api/systemdrivers/hwio/msm8909w/phys -I/local/mnt/workspac
e/CRMBuilds/TZ.BF.2.5.c10-00004-M8909AAAAANAZT-2_20161130_222454/b/trustzone_im
ages/core/api/kernel -I/local/mnt/workspace/CRMBuilds/TZ.BF.2.5.c10-00004-M8909
AAAAANAZT-2_20161130_222454/b/trustzone_images/core/api/kernel/libstd -I/local/
mnt/workspace/CRMBuilds/TZ.BF.2.5.c10-00004-M8909AAAAANAZT-2_20161130_222454/b/
trustzone_images/core/boot/mibib/src -I/local/mnt/workspace/CRMBuilds/TZ.BF.2.5
.c10-00004-M8909AAAAANAZT-2_20161130_222454/b/trustzone_images/core/boot/secboo
t3/src -I/local/mnt/workspace/CRMBuilds/TZ.BF.2.5.c10-00004-M8909AAAAANAZT-2_20
161130_222454/b/trustzone_images/core/boot/qfprom/hw/core_2_0 -I/local/mnt/work
space/CRMBuilds/TZ.BF.2.5.c10-00004-M8909AAAAANAZT-2_20161130_222454/b/trustzon
e_images/core/boot/qfprom/src -I/local/mnt/workspace/CRMBuilds/TZ.BF.2.5.c10-00
004-M8909AAAAANAZT-2_20161130_222454/b/trustzone_images/core/securemsm/unifiedc
rypto/shared/sha/src -I/local/mnt/workspace/CRMBuilds/TZ.BF.2.5.c10-00004-M8909
AAAAANAZT-2_20161130_222454/b/trustzone_images/core/securemsm/unifiedcrypto/sha
red/sha/inc -I/local/mnt/workspace/CRMBuilds/TZ.BF.2.5.c10-00004-M8909AAAAANAZT
-2_20161130_222454/b/trustzone_images/core/securemsm/unifiedcrypto/environment/



ARM Macro Assembler    Page 4 


inc -I/local/mnt/workspace/CRMBuilds/TZ.BF.2.5.c10-00004-M8909AAAAANAZT-2_20161
130_222454/b/trustzone_images/core/securemsm/unifiedcrypto/core/sha/inc -I/loca
l/mnt/workspace/CRMBuilds/TZ.BF.2.5.c10-00004-M8909AAAAANAZT-2_20161130_222454/
b/trustzone_images/core/securemsm/cryptodrivers/ce/shared/inc -I/local/mnt/work
space/CRMBuilds/TZ.BF.2.5.c10-00004-M8909AAAAANAZT-2_20161130_222454/b/trustzon
e_images/core/securemsm/trustzone/qsee/include -I/local/mnt/workspace/CRMBuilds
/TZ.BF.2.5.c10-00004-M8909AAAAANAZT-2_20161130_222454/b/trustzone_images/core/s
ecuremsm/trustzone/qsee/arch/armv7/include -I/local/mnt/workspace/CRMBuilds/TZ.
BF.2.5.c10-00004-M8909AAAAANAZT-2_20161130_222454/b/trustzone_images/core/secur
emsm/secmath/shared/inc -I/local/mnt/workspace/CRMBuilds/TZ.BF.2.5.c10-00004-M8
909AAAAANAZT-2_20161130_222454/b/trustzone_images/core/securemsm/secrsa/shared/
inc -I/local/mnt/workspace/CRMBuilds/TZ.BF.2.5.c10-00004-M8909AAAAANAZT-2_20161
130_222454/b/trustzone_images/core/securemsm/secrsa/shared/src -I/local/mnt/wor
kspace/CRMBuilds/TZ.BF.2.5.c10-00004-M8909AAAAANAZT-2_20161130_222454/b/trustzo
ne_images/core/securemsm/secboot/api -I/local/mnt/workspace/CRMBuilds/TZ.BF.2.5
.c10-00004-M8909AAAAANAZT-2_20161130_222454/b/trustzone_images/core/dal/framewo
rk/inc -I/local/mnt/workspace/CRMBuilds/TZ.BF.2.5.c10-00004-M8909AAAAANAZT-2_20
161130_222454/b/trustzone_images/core/dal/framework/sys/inc -I/local/mnt/worksp
ace/CRMBuilds/TZ.BF.2.5.c10-00004-M8909AAAAANAZT-2_20161130_222454/b/trustzone_
images/core/dal/config -I/local/mnt/workspace/CRMBuilds/TZ.BF.2.5.c10-00004-M89
09AAAAANAZT-2_20161130_222454/b/trustzone_images/core/debugtools/version/src -I
/local/mnt/workspace/CRMBuilds/TZ.BF.2.5.c10-00004-M8909AAAAANAZT-2_20161130_22
2454/b/trustzone_images/core/hwengines/bam/inc -I/local/mnt/workspace/CRMBuilds
/TZ.BF.2.5.c10-00004-M8909AAAAANAZT-2_20161130_222454/b/trustzone_images/core/m
proc/smem/inc -I/local/mnt/workspace/CRMBuilds/TZ.BF.2.5.c10-00004-M8909AAAAANA
ZT-2_20161130_222454/b/trustzone_images/core/power/dcvs/inc -I/local/mnt/worksp
ace/CRMBuilds/TZ.BF.2.5.c10-00004-M8909AAAAANAZT-2_20161130_222454/b/trustzone_
images/core/services/utils/src -I/local/mnt/workspace/CRMBuilds/TZ.BF.2.5.c10-0
0004-M8909AAAAANAZT-2_20161130_222454/b/trustzone_images/core/storage/sd_mgr/in
c -I/local/mnt/workspace/CRMBuilds/TZ.BF.2.5.c10-00004-M8909AAAAANAZT-2_2016113
0_222454/b/trustzone_images/core/systemdrivers/busywait/inc -I/local/mnt/worksp
ace/CRMBuilds/TZ.BF.2.5.c10-00004-M8909AAAAANAZT-2_20161130_222454/b/trustzone_
images/core/systemdrivers/clk/inc -I/local/mnt/workspace/CRMBuilds/TZ.BF.2.5.c1
0-00004-M8909AAAAANAZT-2_20161130_222454/b/trustzone_images/core/systemdrivers/
hal/qgic/inc -I/local/mnt/workspace/CRMBuilds/TZ.BF.2.5.c10-00004-M8909AAAAANAZ
T-2_20161130_222454/b/trustzone_images/core/kernel/lk/kernel/inc -I/local/mnt/w
orkspace/CRMBuilds/TZ.BF.2.5.c10-00004-M8909AAAAANAZT-2_20161130_222454/b/trust
zone_images/core/kernel/lk/arch/inc -I/local/mnt/workspace/CRMBuilds/TZ.BF.2.5.
c10-00004-M8909AAAAANAZT-2_20161130_222454/b/trustzone_images/core/kernel/lk/pl
atform/inc -I/local/mnt/workspace/CRMBuilds/TZ.BF.2.5.c10-00004-M8909AAAAANAZT-
2_20161130_222454/b/trustzone_images/core/kernel/vmidmt/hal/inc -I/local/mnt/wo
rkspace/CRMBuilds/TZ.BF.2.5.c10-00004-M8909AAAAANAZT-2_20161130_222454/b/trustz
one_images/core/kernel/vmidmt/hal/inc/8909w -I/local/mnt/workspace/CRMBuilds/TZ
.BF.2.5.c10-00004-M8909AAAAANAZT-2_20161130_222454/b/trustzone_images/core/kern
el/xpu2/hal/inc -I/local/mnt/workspace/CRMBuilds/TZ.BF.2.5.c10-00004-M8909AAAAA
NAZT-2_20161130_222454/b/trustzone_images/core/kernel/xpu2/hal/inc/8909w -I/loc
al/mnt/workspace/CRMBuilds/TZ.BF.2.5.c10-00004-M8909AAAAANAZT-2_20161130_222454
/b/trustzone_images/core/kernel/mmu/inc -I/local/mnt/workspace/CRMBuilds/TZ.BF.
2.5.c10-00004-M8909AAAAANAZT-2_20161130_222454/b/trustzone_images/core/kernel/h
ypervisor/inc -I/local/mnt/workspace/CRMBuilds/TZ.BF.2.5.c10-00004-M8909AAAAANA
ZT-2_20161130_222454/b/trustzone_images/core/kernel/hypervisor/inc/8909w -I/loc
al/mnt/workspace/CRMBuilds/TZ.BF.2.5.c10-00004-M8909AAAAANAZT-2_20161130_222454
/b/trustzone_images/core/kernel/smmu/smmu500 -I/local/mnt/workspace/CRMBuilds/T
Z.BF.2.5.c10-00004-M8909AAAAANAZT-2_20161130_222454/b/trustzone_images/core/ker
nel/smmu/smmu500/8909w/tz -I/local/mnt/workspace/CRMBuilds/TZ.BF.2.5.c10-00004-
M8909AAAAANAZT-2_20161130_222454/b/trustzone_images/core/securemsm/trustzone/qs
ee/services/img_auth/inc -I/local/mnt/workspace/CRMBuilds/TZ.BF.2.5.c10-00004-M
8909AAAAANAZT-2_20161130_222454/b/trustzone_images/core/securemsm/trustzone/qse
e/arch/msm8909/cfg/mmu -I/local/mnt/workspace/CRMBuilds/TZ.BF.2.5.c10-00004-M89



ARM Macro Assembler    Page 5 


09AAAAANAZT-2_20161130_222454/b/trustzone_images/core/securemsm/trustzone/qsee/
arch/msm8909/src -I/local/mnt/workspace/CRMBuilds/TZ.BF.2.5.c10-00004-M8909AAAA
ANAZT-2_20161130_222454/b/trustzone_images/core/securemsm/trustzone/qsee/arch/c
ommon/inc -I/local/mnt/workspace/CRMBuilds/TZ.BF.2.5.c10-00004-M8909AAAAANAZT-2
_20161130_222454/b/trustzone_images/core/securemsm/trustzone/image_version/inc 
-I/local/mnt/workspace/CRMBuilds/TZ.BF.2.5.c10-00004-M8909AAAAANAZT-2_20161130_
222454/b/trustzone_images/core/securemsm/trustzone/qsee/arch/msm8909w/src -I/lo
cal/mnt/workspace/CRMBuilds/TZ.BF.2.5.c10-00004-M8909AAAAANAZT-2_20161130_22245
4/b/trustzone_images/core/securemsm/trustzone/qsee/arch/msm8909w/cfg/common --p
redefine="SYSINI_STUBS SETL {TRUE}" --list=/local/mnt/workspace/CRMBuilds/TZ.BF
.2.5.c10-00004-M8909AAAAANAZT-2_20161130_222454/b/trustzone_images/core/securem
sm/trustzone/qsee/arch/common/build/tzbsp_no_xpu/cortexA7/MATAANAA/src/a7_aarch
32_sysini.o.lst --sitelicense /local/mnt/workspace/CRMBuilds/TZ.BF.2.5.c10-0000
4-M8909AAAAANAZT-2_20161130_222454/b/trustzone_images/core/securemsm/trustzone/
qsee/arch/common/build/tzbsp_no_xpu/cortexA7/MATAANAA/src/a7_aarch32_sysini.o.i
