


ARM Macro Assembler    Page 1 


    1 00000000         ;*====*====*====*====*====*====*====*====*====*====*====
                       *====*====*====*====*
    2 00000000         ;
    3 00000000         ;             SYSDBG INITIALIZATION ROUTINE
    4 00000000         ;
    5 00000000         ; GENERAL DESCRIPTION
    6 00000000         ; This file contains initialization code for system debu
                       g. This performs
    7 00000000         ; check on reset debug status and calls into tzbsp_monit
                       or for saving ctxt.
    8 00000000         ;
    9 00000000         ;
   10 00000000         ; Copyright 2010-2012 by Qualcomm Technologies, Incorpor
                       ated.All Rights Reserved.
   11 00000000         ;*====*====*====*====*====*====*====*====*====*====*====
                       *====*====*====*====*
   12 00000000         ;*====*====*====*====*====*====*====*====*====*====*====
                       *====*====*====*====*
   13 00000000         ;
   14 00000000         ;                           EDIT HISTORY FOR FILE
   15 00000000         ;
   16 00000000         ; This section contains comments describing changes made
                        to the module.
   17 00000000         ; Notice that changes are listed in reverse chronologica
                       l order.
   18 00000000         ;
   19 00000000         ; when       who     what, where, why
   20 00000000         ; --------   ---     -----------------------------------
                       ---------------------
   21 00000000         ; 10/26/2013 AJC    Add some more code markers
   22 00000000         ; 09/11/2013 AJC    Avoid clobbering mon mode r14 on 8x2
                       6 / 8x10
   23 00000000         ; 09/04/2013 AJC    Added change to avoid clobbering r0 
                       and r1 on cores other than core 0
   24 00000000         ; 05/21/2013 AJC    Added change to verify CPU id before
                        booting up after reset 
   25 00000000         ; 01/29/2013 AJC Added change to save information from b
                       ootloader
   26 00000000         ; 09/13/2012 AJC Fixed missing sys mode registers 
   27 00000000         ; 02/29/2012 AJC Initial revision for DBI - 8974
   28 00000000         ;*====*====*====*====*====*====*====*====*====*====*====
                       *====*====*====*====*
   29 00000000         ;=======================================================
                       =====================
   30 00000000         ;
   31 00000000         ;                            MODULE INCLUDES
   32 00000000         ;
   33 00000000         ;=======================================================
                       =====================
   34 00000000         ;=======================================================
                       =====================
   35 00000000         ;
   36 00000000         ;                             MODULE DEFINES
   37 00000000         ;
   38 00000000         ;=======================================================
                       =====================
   39 00000000         ;
   40 00000000 00000010 
                       Mode_USR



ARM Macro Assembler    Page 2 


                               EQU              0x10
   41 00000000 00000011 
                       Mode_FIQ
                               EQU              0x11
   42 00000000 00000012 
                       Mode_IRQ
                               EQU              0x12
   43 00000000 00000013 
                       Mode_SVC
                               EQU              0x13
   44 00000000 00000016 
                       Mode_MON
                               EQU              0x16
   45 00000000 00000017 
                       Mode_ABT
                               EQU              0x17
   46 00000000 0000001B 
                       Mode_UND
                               EQU              0x1B
   47 00000000 0000001F 
                       Mode_SYS
                               EQU              0x1F
   48 00000000 00000080 
                       I_Bit   EQU              0x80
   49 00000000 00000040 
                       F_Bit   EQU              0x40
   50 00000000         ; Secure Configuration Register Bits
   51 00000000 00000001 
                       SCR_NS_BIT
                               EQU              0x01        ; Non-Secure (NS) b
                                                            it
   52 00000000 00000002 
                       SCR_IRQ_BIT
                               EQU              0x02        ; IRQ bit
   53 00000000 00000004 
                       SCR_FIQ_BIT
                               EQU              0x04        ; FIQ bit
   54 00000000 00000010 
                       SCR_FW_BIT
                               EQU              0x10        ; F Bit writable (F
                                                            W)
   55 00000000 00000020 
                       SCR_AW_BIT
                               EQU              0x20        ; A Bit writable (A
                                                            W)
   56 00000000         ; MASKs
   57 00000000 000E0000 
                       DEBUG_RESET_CHECK_MASK
                               EQU              0x000E0000
   58 00000000 00000038 
                       DEBUG_STATUS_CHECK_MASK
                               EQU              0x00000038
   59 00000000         ;=======================================================
                       =====================
   60 00000000         ;
   61 00000000         ;                             MODULE IMPORTS
   62 00000000         ;
   63 00000000         ;=======================================================
                       =====================



ARM Macro Assembler    Page 3 


   64 00000000         ; Import the external symbols that are referenced in thi
                       s module.
   65 00000000                 IMPORT           sysdbg_save_ctx
   66 00000000         ;=======================================================
                       =====================
   67 00000000         ;
   68 00000000         ;                             MODULE EXPORTS
   69 00000000         ;
   70 00000000         ;=======================================================
                       =====================
   71 00000000         ; Export the external symbols that are referenced in thi
                       s module.
   72 00000000                 EXPORT           sysdbg_reset_check_flat_mapped
   73 00000000                 EXPORT           sysdbg_reset_check
   74 00000000                 EXPORT           Sysdbg_Workspace_N_Base
   75 00000000                 EXPORT           Sysdbg_Workspace_N_Begin
   76 00000000                 EXPORT           LR_BACKUP
   77 00000000                 EXPORT           SP_BACKUP
   78 00000000         ;=======================================================
                       =====================
   79 00000000         ;
   80 00000000         ;                             MODULE DATA AREA
   81 00000000         ;
   82 00000000         ;=======================================================
                       =====================
   83 00000000                 AREA             SYSDBG_FUNC, CODE, READONLY
   84 00000000                 PRESERVE8
   85 00000000                 CODE32
   86 00000000         ;-------------------------------------------------------
                       --------------
   87 00000000         ; Debug Reset Check
   88 00000000         ;=======================================================
                       ===============
   89 00000000         sysdbg_reset_check
                               FUNCTION
   90 00000000 E3050008 
              E3400181         mov32            r0, 0x01815008 
                                                            ;GCC_RESET_STATUS
   91 00000008 E3001000        movw             r1, #((0x04800000)       & 0xFF
FF)
   92 0000000C E3401480        movt             r1, #((0x04800000 >> 16) & 0xFF
FF)
   93 00000010 E7900001        ldr              r0, [r0, r1] ;check for debug r
                                                            eset
   94 00000014 E2000038        and              r0, r0, #DEBUG_STATUS_CHECK_MAS
K
   95 00000018 E3500000        cmp              r0, #0
   96 0000001C 012FFF1E        bxeq             lr          ;
   97 00000020 E3040000 
              E3400181         mov32            r0, 0x01814000 ;GCC_RESET_DEBUG
                                                            
   98 00000028 E7900001        ldr              r0, [r0, r1] ;
   99 0000002C E200080E        and              r0, r0, #DEBUG_RESET_CHECK_MASK
  100 00000030 E3500000        cmp              r0, #0
  101 00000034 012FFF1E        bxeq             lr          ;return if not due 
                                                            to reset
  102 00000038 E3A00001        mov              r0, #0x1
  103 0000003C E12FFF1E        bx               lr
  104 00000040                 ENDFUNC



ARM Macro Assembler    Page 4 


  105 00000040         sysdbg_reset_check_flat_mapped
                               FUNCTION
  106 00000040 E3050008 
              E3400181         mov32            r0, 0x01815008 
                                                            ;GCC_RESET_STATUS
  107 00000048 E5900000        ldr              r0, [r0]    ;check for debug re
                                                            set
  108 0000004C E2000038        and              r0, r0, #DEBUG_STATUS_CHECK_MAS
K
  109 00000050 E3500000        cmp              r0, #0
  110 00000054 012FFF1E        bxeq             lr          ;
  111 00000058 E3040000 
              E3400181         mov32            r0, 0x01814000 ;GCC_RESET_DEBUG
                                                            
  112 00000060 E5900000        ldr              r0, [r0]    ;
  113 00000064 E200080E        and              r0, r0, #DEBUG_RESET_CHECK_MASK
  114 00000068 E3500000        cmp              r0, #0
  115 0000006C 012FFF1E        bxeq             lr          ;return if not due 
                                                            to reset
  116 00000070 E3A00001        mov              r0, #0x1
  117 00000074 E12FFF1E        bx               lr
  118 00000078                 ENDFUNC
  119 00000078         ;=======================================================
                       ================
  120 00000078         ;
  121 00000078         ;  Data for the module 
  122 00000078         ;
  123 00000078         ;=======================================================
                       ================ 
  124 00000078                 AREA             DBI_DATA , DATA, READWRITE
  125 00000000         ; Pointer to the CPU register save datastruct
  126 00000000         ; IMPORT dbi_cpu_regs
  127 00000000                 AREA             |SysdbgWorkspaceDataArea|, DATA
, READWRITE, ALIGN=2
  128 00000000         ; Using directive SPACE will allocate zeroed bytes.
  129 00000000         SysdbgWorkspaceBase
  130 00000000         Sysdbg_Workspace_N_Begin
  131 00000000 00 00 00 
              00       N_USR_R0
                               SPACE            0x4
  132 00000004 00 00 00 
              00       N_USR_R1
                               SPACE            0x4
  133 00000008 00 00 00 
              00       N_USR_R2
                               SPACE            0x4
  134 0000000C 00 00 00 
              00       N_USR_R3
                               SPACE            0x4
  135 00000010 00 00 00 
              00       N_USR_R4
                               SPACE            0x4
  136 00000014 00 00 00 
              00       N_USR_R5
                               SPACE            0x4
  137 00000018 00 00 00 
              00       N_USR_R6
                               SPACE            0x4
  138 0000001C 00 00 00 



ARM Macro Assembler    Page 5 


              00       N_USR_R7
                               SPACE            0x4
  139 00000020 00 00 00 
              00       N_USR_R8
                               SPACE            0x4
  140 00000024 00 00 00 
              00       N_USR_R9
                               SPACE            0x4
  141 00000028 00 00 00 
              00       N_USR_R10
                               SPACE            0x4
  142 0000002C 00 00 00 
              00       N_USR_R11
                               SPACE            0x4
  143 00000030 00 00 00 
              00       N_USR_R12
                               SPACE            0x4
  144 00000034         Sysdbg_Workspace_N_Base
  145 00000034 00 00 00 
              00       N_USR_R13
                               SPACE            0x4
  146 00000038 00 00 00 
              00       N_USR_R14
                               SPACE            0x4
  147 0000003C 00 00 00 
              00       N_IRQ_R13
                               SPACE            0x4
  148 00000040 00 00 00 
              00       N_IRQ_R14
                               SPACE            0x4
  149 00000044 00 00 00 
              00       N_SVC_R13
                               SPACE            0x4
  150 00000048 00 00 00 
              00       N_SVC_R14
                               SPACE            0x4
  151 0000004C 00 00 00 
              00       N_ABT_R13
                               SPACE            0x4
  152 00000050 00 00 00 
              00       N_ABT_R14
                               SPACE            0x4
  153 00000054 00 00 00 
              00       N_UND_R13
                               SPACE            0x4
  154 00000058 00 00 00 
              00       N_UND_R14
                               SPACE            0x4
  155 0000005C 00 00 00 
              00       N_FIQ_R8
                               SPACE            0x4
  156 00000060 00 00 00 
              00       N_FIQ_R9
                               SPACE            0x4
  157 00000064 00 00 00 
              00       N_FIQ_R10
                               SPACE            0x4
  158 00000068 00 00 00 
              00       N_FIQ_R11



ARM Macro Assembler    Page 6 


                               SPACE            0x4
  159 0000006C 00 00 00 
              00       N_FIQ_R12
                               SPACE            0x4
  160 00000070 00 00 00 
              00       N_FIQ_R13
                               SPACE            0x4
  161 00000074 00 00 00 
              00       N_FIQ_R14
                               SPACE            0x4
  162 00000078 00 00 00 
              00       N_MON_R13
                               SPACE            0x4
  163 0000007C 00 00 00 
              00       N_MON_R14
                               SPACE            0x4
  164 00000080         Sysdbg_Workspace_N_End
  165 00000080 00 00 00 
              00       LR_BACKUP
                               SPACE            0x4
  166 00000084 00 00 00 
              00       SP_BACKUP
                               SPACE            0x4
  167 00000088                 END
Command Line: --debug --dwarf2 --cpu=Cortex-A7 --apcs=/noswst/interwork -o/loca
l/mnt/workspace/CRMBuilds/TZ.BF.2.5.c10-00004-M8909AAAAANAZT-2_20161130_222454/
b/trustzone_images/core/systemdebug/sysdbg/build/tzbsp_no_xpu/cortexA7/MATAANAA
/src/target/msm8909/sysdbg.o -I/local/mnt/workspace/CRMBuilds/TZ.BF.2.5.c10-000
04-M8909AAAAANAZT-2_20161130_222454/b/trustzone_images/core/systemdebug/sysdbg/
build -I/local/mnt/workspace/CRMBuilds/TZ.BF.2.5.c10-00004-M8909AAAAANAZT-2_201
61130_222454/b/trustzone_images/build/cust -I. -I/local/mnt/workspace/CRMBuilds
/TZ.BF.2.5.c10-00004-M8909AAAAANAZT-2_20161130_222454/b/trustzone_images/core/s
ecuremsm/trustzone/qsee/include -I/local/mnt/workspace/CRMBuilds/TZ.BF.2.5.c10-
00004-M8909AAAAANAZT-2_20161130_222454/b/trustzone_images/core/systemdebug/spmi
/inc -I/local/mnt/workspace/CRMBuilds/TZ.BF.2.5.c10-00004-M8909AAAAANAZT-2_2016
1130_222454/b/trustzone_images/core/systemdebug/pmic/inc -I/local/mnt/workspace
/CRMBuilds/TZ.BF.2.5.c10-00004-M8909AAAAANAZT-2_20161130_222454/b/trustzone_ima
ges/core/systemdebug/pmic/src/target/msm8909w -I/local/mnt/workspace/CRMBuilds/
TZ.BF.2.5.c10-00004-M8909AAAAANAZT-2_20161130_222454/b/trustzone_images/core/sy
stemdebug/sysdbg/inc -I/local/mnt/workspace/CRMBuilds/TZ.BF.2.5.c10-00004-M8909
AAAAANAZT-2_20161130_222454/b/trustzone_images/core/api/boot -I/local/mnt/works
pace/CRMBuilds/TZ.BF.2.5.c10-00004-M8909AAAAANAZT-2_20161130_222454/b/trustzone
_images/core/api/boot/qfprom -I/local/mnt/workspace/CRMBuilds/TZ.BF.2.5.c10-000
04-M8909AAAAANAZT-2_20161130_222454/b/trustzone_images/core/api/kernel -I/local
/mnt/workspace/CRMBuilds/TZ.BF.2.5.c10-00004-M8909AAAAANAZT-2_20161130_222454/b
/trustzone_images/core/api/kernel/libstd -I/local/mnt/workspace/CRMBuilds/TZ.BF
.2.5.c10-00004-M8909AAAAANAZT-2_20161130_222454/b/trustzone_images/core/api/ser
vices -I/local/mnt/workspace/CRMBuilds/TZ.BF.2.5.c10-00004-M8909AAAAANAZT-2_201
61130_222454/b/trustzone_images/core/api/rapi/services/inc -I/local/mnt/workspa
ce/CRMBuilds/TZ.BF.2.5.c10-00004-M8909AAAAANAZT-2_20161130_222454/b/trustzone_i
mages/core/api/systemdebug -I/local/mnt/workspace/CRMBuilds/TZ.BF.2.5.c10-00004
-M8909AAAAANAZT-2_20161130_222454/b/trustzone_images/core/api/systemdrivers -I/
local/mnt/workspace/CRMBuilds/TZ.BF.2.5.c10-00004-M8909AAAAANAZT-2_20161130_222
454/b/trustzone_images/core/api/systemdrivers/pmic -I/local/mnt/workspace/CRMBu
ilds/TZ.BF.2.5.c10-00004-M8909AAAAANAZT-2_20161130_222454/b/trustzone_images/co
re/api/systemdrivers/hwio/msm8909w -I/local/mnt/workspace/CRMBuilds/TZ.BF.2.5.c
10-00004-M8909AAAAANAZT-2_20161130_222454/b/trustzone_images/core/api/systemdri
vers/hwio/msm8909w/phys -I/local/mnt/workspace/CRMBuilds/TZ.BF.2.5.c10-00004-M8
909AAAAANAZT-2_20161130_222454/b/trustzone_images/core/api/dal -I/local/mnt/wor



ARM Macro Assembler    Page 7 


kspace/CRMBuilds/TZ.BF.2.5.c10-00004-M8909AAAAANAZT-2_20161130_222454/b/trustzo
ne_images/core/securemsm/trustzone/qsee/arch/msm8909/cfg/mmu -I/local/mnt/works
pace/CRMBuilds/TZ.BF.2.5.c10-00004-M8909AAAAANAZT-2_20161130_222454/b/trustzone
_images/core/securemsm/trustzone/qsee/arch/msm8909/src -I/local/mnt/workspace/C
RMBuilds/TZ.BF.2.5.c10-00004-M8909AAAAANAZT-2_20161130_222454/b/trustzone_image
s/core/securemsm/trustzone/qsee/arch/common/inc -I/local/mnt/workspace/CRMBuild
s/TZ.BF.2.5.c10-00004-M8909AAAAANAZT-2_20161130_222454/b/trustzone_images/core/
securemsm/trustzone/qsee/arch/armv7/include -I/local/mnt/workspace/CRMBuilds/TZ
.BF.2.5.c10-00004-M8909AAAAANAZT-2_20161130_222454/b/trustzone_images/core/syst
emdrivers/busywait/inc -I/local/mnt/workspace/CRMBuilds/TZ.BF.2.5.c10-00004-M89
09AAAAANAZT-2_20161130_222454/b/trustzone_images/core/systemdrivers/clk/inc -I/
local/mnt/workspace/CRMBuilds/TZ.BF.2.5.c10-00004-M8909AAAAANAZT-2_20161130_222
454/b/trustzone_images/core/systemdrivers/hal/qgic/inc -I/local/mnt/workspace/C
RMBuilds/TZ.BF.2.5.c10-00004-M8909AAAAANAZT-2_20161130_222454/b/trustzone_image
s/core/securemsm/unifiedcrypto/shared/sha/src -I/local/mnt/workspace/CRMBuilds/
TZ.BF.2.5.c10-00004-M8909AAAAANAZT-2_20161130_222454/b/trustzone_images/core/se
curemsm/unifiedcrypto/shared/sha/inc -I/local/mnt/workspace/CRMBuilds/TZ.BF.2.5
.c10-00004-M8909AAAAANAZT-2_20161130_222454/b/trustzone_images/core/securemsm/u
nifiedcrypto/environment/inc -I/local/mnt/workspace/CRMBuilds/TZ.BF.2.5.c10-000
04-M8909AAAAANAZT-2_20161130_222454/b/trustzone_images/core/securemsm/unifiedcr
ypto/core/sha/inc -I/local/mnt/workspace/CRMBuilds/TZ.BF.2.5.c10-00004-M8909AAA
AANAZT-2_20161130_222454/b/trustzone_images/core/securemsm/cryptodrivers/ce/sha
red/inc -I/local/mnt/workspace/CRMBuilds/TZ.BF.2.5.c10-00004-M8909AAAAANAZT-2_2
0161130_222454/b/trustzone_images/core/securemsm/trustzone/qsee/include -I/loca
l/mnt/workspace/CRMBuilds/TZ.BF.2.5.c10-00004-M8909AAAAANAZT-2_20161130_222454/
b/trustzone_images/core/securemsm/secmath/shared/inc -I/local/mnt/workspace/CRM
Builds/TZ.BF.2.5.c10-00004-M8909AAAAANAZT-2_20161130_222454/b/trustzone_images/
core/securemsm/secrsa/shared/inc -I/local/mnt/workspace/CRMBuilds/TZ.BF.2.5.c10
-00004-M8909AAAAANAZT-2_20161130_222454/b/trustzone_images/core/securemsm/secrs
a/shared/src -I/local/mnt/workspace/CRMBuilds/TZ.BF.2.5.c10-00004-M8909AAAAANAZ
T-2_20161130_222454/b/trustzone_images/core/securemsm/secboot/api -I/local/mnt/
workspace/CRMBuilds/TZ.BF.2.5.c10-00004-M8909AAAAANAZT-2_20161130_222454/b/trus
tzone_images/core/systemdebug/sysdbg/inc/msm8909 -I/local/mnt/workspace/CRMBuil
ds/TZ.BF.2.5.c10-00004-M8909AAAAANAZT-2_20161130_222454/b/trustzone_images/core
/systemdebug/sysdbg/src/target/msm8909 --list=/local/mnt/workspace/CRMBuilds/TZ
.BF.2.5.c10-00004-M8909AAAAANAZT-2_20161130_222454/b/trustzone_images/core/syst
emdebug/sysdbg/build/tzbsp_no_xpu/cortexA7/MATAANAA/src/target/msm8909/sysdbg.o
.lst --sitelicense /local/mnt/workspace/CRMBuilds/TZ.BF.2.5.c10-00004-M8909AAAA
ANAZT-2_20161130_222454/b/trustzone_images/core/systemdebug/sysdbg/build/tzbsp_
no_xpu/cortexA7/MATAANAA/src/target/msm8909/sysdbg.o.i
